(lp0
((S'all_months'
p1
I0
I23
tp2
I752
tp3
a((S'all_months'
p4
I5
I5
tp5
I367
tp6
a((S'all_months'
p7
I6
I16
tp8
I789
tp9
a((S'all_months'
p10
I5
I14
tp11
I940
tp12
a((S'all_months'
p13
I1
I11
tp14
I391
tp15
a((S'all_months'
p16
I6
I11
tp17
I885
tp18
a((S'all_months'
p19
I5
I23
tp20
I1217
tp21
a((S'all_months'
p22
I1
I4
tp23
I186
tp24
a((S'all_months'
p25
I6
I2
tp26
I579
tp27
a((S'all_months'
p28
I1
I22
tp29
I761
tp30
a((S'all_months'
p31
I6
I5
tp32
I305
tp33
a((S'all_months'
p34
I2
I2
tp35
I303
tp36
a((S'all_months'
p37
I2
I20
tp38
I791
tp39
a((S'all_months'
p40
I2
I13
tp41
I642
tp42
a((S'all_months'
p43
I3
I11
tp44
I451
tp45
a((S'all_months'
p46
I3
I0
tp47
I630
tp48
a((S'all_months'
p49
I3
I23
tp50
I1001
tp51
a((S'all_months'
p52
I4
I2
tp53
I336
tp54
a((S'all_months'
p55
I4
I9
tp56
I375
tp57
a((S'all_months'
p58
I0
I12
tp59
I515
tp60
a((S'all_months'
p61
I0
I2
tp62
I252
tp63
a((S'all_months'
p64
I4
I16
tp65
I603
tp66
a((S'all_months'
p67
I0
I11
tp68
I348
tp69
a((S'all_months'
p70
I4
I23
tp71
I1156
tp72
a((S'all_months'
p73
I0
I16
tp74
I464
tp75
a((S'all_months'
p76
I5
I3
tp77
I422
tp78
a((S'all_months'
p79
I5
I13
tp80
I982
tp81
a((S'all_months'
p82
I1
I10
tp83
I292
tp84
a((S'all_months'
p85
I5
I4
tp86
I373
tp87
a((S'all_months'
p88
I6
I8
tp89
I489
tp90
a((S'all_months'
p91
I6
I17
tp92
I958
tp93
a((S'all_months'
p94
I5
I22
tp95
I1156
tp96
a((S'all_months'
p97
I1
I3
tp98
I186
tp99
a((S'all_months'
p100
I6
I3
tp101
I466
tp102
a((S'all_months'
p103
I1
I21
tp104
I850
tp105
a((S'all_months'
p106
I2
I3
tp107
I186
tp108
a((S'all_months'
p109
I2
I10
tp110
I341
tp111
a((S'all_months'
p112
I2
I21
tp113
I1594
tp114
a((S'all_months'
p115
I3
I3
tp116
I194
tp117
a((S'all_months'
p118
I3
I10
tp119
I330
tp120
a((S'all_months'
p121
I3
I17
tp122
I801
tp123
a((S'all_months'
p124
I3
I22
tp125
I916
tp126
a((S'all_months'
p127
I4
I10
tp128
I409
tp129
a((S'all_months'
p130
I0
I13
tp131
I537
tp132
a((S'all_months'
p133
I4
I3
tp134
I263
tp135
a((S'all_months'
p136
I4
I17
tp137
I1011
tp138
a((S'all_months'
p139
I0
I4
tp140
I208
tp141
a((S'all_months'
p142
I0
I3
tp143
I178
tp144
a((S'all_months'
p145
I0
I17
tp146
I661
tp147
a((S'all_months'
p148
I5
I2
tp149
I544
tp150
a((S'all_months'
p151
I1
I9
tp152
I320
tp153
a((S'all_months'
p154
I5
I11
tp155
I847
tp156
a((S'all_months'
p157
I6
I22
tp158
I900
tp159
a((S'all_months'
p160
I5
I21
tp161
I966
tp162
a((S'all_months'
p163
I1
I2
tp164
I266
tp165
a((S'all_months'
p166
I5
I12
tp167
I966
tp168
a((S'all_months'
p169
I6
I0
tp170
I1219
tp171
a((S'all_months'
p172
I6
I9
tp173
I632
tp174
a((S'all_months'
p175
I1
I20
tp176
I724
tp177
a((S'all_months'
p178
I2
I0
tp179
I674
tp180
a((S'all_months'
p181
I2
I11
tp182
I471
tp183
a((S'all_months'
p184
I2
I18
tp185
I826
tp186
a((S'all_months'
p187
I3
I13
tp188
I636
tp189
a((S'all_months'
p190
I3
I2
tp191
I301
tp192
a((S'all_months'
p193
I3
I16
tp194
I421
tp195
a((S'all_months'
p196
I0
I14
tp197
I557
tp198
a((S'all_months'
p199
I4
I4
tp200
I277
tp201
a((S'all_months'
p202
I4
I18
tp203
I1178
tp204
a((S'all_months'
p205
I0
I5
tp206
I268
tp207
a((S'all_months'
p208
I4
I11
tp209
I538
tp210
a((S'all_months'
p211
I0
I18
tp212
I710
tp213
a((S'all_months'
p214
I5
I1
tp215
I931
tp216
a((S'all_months'
p217
I5
I10
tp218
I763
tp219
a((S'all_months'
p220
I1
I15
tp221
I506
tp222
a((S'all_months'
p223
I6
I23
tp224
I840
tp225
a((S'all_months'
p226
I1
I1
tp227
I456
tp228
a((S'all_months'
p229
I5
I19
tp230
I1015
tp231
a((S'all_months'
p232
I1
I8
tp233
I482
tp234
a((S'all_months'
p235
I6
I14
tp236
I997
tp237
a((S'all_months'
p238
I5
I20
tp239
I897
tp240
a((S'all_months'
p241
I6
I1
tp242
I929
tp243
a((S'all_months'
p244
I1
I19
tp245
I659
tp246
a((S'all_months'
p247
I2
I6
tp248
I397
tp249
a((S'all_months'
p250
I2
I8
tp251
I578
tp252
a((S'all_months'
p253
I2
I1
tp254
I456
tp255
a((S'all_months'
p256
I2
I19
tp257
I848
tp258
a((S'all_months'
p259
I3
I12
tp260
I540
tp261
a((S'all_months'
p262
I3
I5
tp263
I242
tp264
a((S'all_months'
p265
I3
I19
tp266
I769
tp267
a((S'all_months'
p268
I4
I5
tp269
I297
tp270
a((S'all_months'
p271
I0
I6
tp272
I414
tp273
a((S'all_months'
p274
I4
I12
tp275
I722
tp276
a((S'all_months'
p277
I0
I15
tp278
I524
tp279
a((S'all_months'
p280
I4
I19
tp281
I1033
tp282
a((S'all_months'
p283
I0
I20
tp284
I675
tp285
a((S'all_months'
p286
I0
I19
tp287
I672
tp288
a((S'all_months'
p289
I5
I9
tp290
I710
tp291
a((S'all_months'
p292
I1
I14
tp293
I545
tp294
a((S'all_months'
p295
I5
I0
tp296
I1259
tp297
a((S'all_months'
p298
I6
I20
tp299
I851
tp300
a((S'all_months'
p301
I5
I18
tp302
I1063
tp303
a((S'all_months'
p304
I1
I7
tp305
I674
tp306
a((S'all_months'
p307
I6
I15
tp308
I789
tp309
a((S'all_months'
p310
I1
I0
tp311
I719
tp312
a((S'all_months'
p313
I6
I6
tp314
I322
tp315
a((S'all_months'
p316
I1
I18
tp317
I664
tp318
a((S'all_months'
p319
I2
I7
tp320
I671
tp321
a((S'all_months'
p322
I2
I14
tp323
I558
tp324
a((S'all_months'
p325
I2
I16
tp326
I435
tp327
a((S'all_months'
p328
I2
I9
tp329
I318
tp330
a((S'all_months'
p331
I3
I15
tp332
I568
tp333
a((S'all_months'
p334
I3
I4
tp335
I180
tp336
a((S'all_months'
p337
I3
I18
tp338
I849
tp339
a((S'all_months'
p340
I4
I6
tp341
I421
tp342
a((S'all_months'
p343
I4
I13
tp344
I920
tp345
a((S'all_months'
p346
I0
I8
tp347
I472
tp348
a((S'all_months'
p349
I4
I20
tp350
I870
tp351
a((S'all_months'
p352
I0
I7
tp353
I640
tp354
a((S'all_months'
p355
I0
I21
tp356
I832
tp357
a((S'all_months'
p358
I1
I13
tp359
I600
tp360
a((S'all_months'
p361
I5
I7
tp362
I469
tp363
a((S'all_months'
p364
I6
I18
tp365
I929
tp366
a((S'all_months'
p367
I5
I17
tp368
I931
tp369
a((S'all_months'
p370
I1
I6
tp371
I392
tp372
a((S'all_months'
p373
I5
I8
tp374
I605
tp375
a((S'all_months'
p376
I6
I12
tp377
I1003
tp378
a((S'all_months'
p379
I6
I21
tp380
I884
tp381
a((S'all_months'
p382
I6
I7
tp383
I406
tp384
a((S'all_months'
p385
I1
I17
tp386
I694
tp387
a((S'all_months'
p388
I2
I4
tp389
I182
tp390
a((S'all_months'
p391
I2
I15
tp392
I453
tp393
a((S'all_months'
p394
I2
I22
tp395
I1062
tp396
a((S'all_months'
p397
I2
I17
tp398
I725
tp399
a((S'all_months'
p400
I3
I9
tp401
I373
tp402
a((S'all_months'
p403
I3
I7
tp404
I738
tp405
a((S'all_months'
p406
I3
I14
tp407
I623
tp408
a((S'all_months'
p409
I3
I21
tp410
I951
tp411
a((S'all_months'
p412
I4
I0
tp413
I815
tp414
a((S'all_months'
p415
I4
I14
tp416
I942
tp417
a((S'all_months'
p418
I0
I9
tp419
I284
tp420
a((S'all_months'
p421
I4
I7
tp422
I769
tp423
a((S'all_months'
p424
I4
I21
tp425
I949
tp426
a((S'all_months'
p427
I0
I0
tp428
I776
tp429
a((S'all_months'
p430
I0
I22
tp431
I770
tp432
a((S'all_months'
p433
I5
I6
tp434
I368
tp435
a((S'all_months'
p436
I6
I19
tp437
I860
tp438
a((S'all_months'
p439
I1
I5
tp440
I209
tp441
a((S'all_months'
p442
I5
I15
tp443
I841
tp444
a((S'all_months'
p445
I1
I12
tp446
I511
tp447
a((S'all_months'
p448
I6
I10
tp449
I833
tp450
a((S'all_months'
p451
I5
I16
tp452
I695
tp453
a((S'all_months'
p454
I6
I4
tp455
I467
tp456
a((S'all_months'
p457
I6
I13
tp458
I1063
tp459
a((S'all_months'
p460
I1
I23
tp461
I721
tp462
a((S'all_months'
p463
I1
I16
tp464
I390
tp465
a((S'all_months'
p466
I2
I12
tp467
I523
tp468
a((S'all_months'
p469
I2
I5
tp470
I244
tp471
a((S'all_months'
p472
I2
I23
tp473
I625
tp474
a((S'all_months'
p475
I3
I8
tp476
I528
tp477
a((S'all_months'
p478
I3
I1
tp479
I458
tp480
a((S'all_months'
p481
I3
I6
tp482
I460
tp483
a((S'all_months'
p484
I3
I20
tp485
I821
tp486
a((S'all_months'
p487
I4
I1
tp488
I533
tp489
a((S'all_months'
p490
I0
I10
tp491
I301
tp492
a((S'all_months'
p493
I4
I8
tp494
I613
tp495
a((S'all_months'
p496
I4
I22
tp497
I981
tp498
a((S'all_months'
p499
I0
I1
tp500
I523
tp501
a((S'all_months'
p502
I4
I15
tp503
I762
tp504
a.