(lp0
((S'all_months'
p1
S'all_days'
p2
I2
tp3
I1393038
tp4
a((S'all_months'
p5
S'all_days'
p6
I11
tp7
I2594391
tp8
a((S'all_months'
p9
S'all_days'
p10
I21
tp11
I3230524
tp12
a((S'all_months'
p13
S'all_days'
p14
I12
tp15
I2721805
tp16
a((S'all_months'
p17
S'all_days'
p18
I1
tp19
I1816993
tp20
a((S'all_months'
p21
S'all_days'
p22
I10
tp23
I2476237
tp24
a((S'all_months'
p25
S'all_days'
p26
I19
tp27
I3434636
tp28
a((S'all_months'
p29
S'all_days'
p30
I20
tp31
I3264560
tp32
a((S'all_months'
p33
S'all_days'
p34
I9
tp35
I2460255
tp36
a((S'all_months'
p37
S'all_days'
p38
I0
tp39
I2399247
tp40
a((S'all_months'
p41
S'all_days'
p42
I18
tp43
I3291308
tp44
a((S'all_months'
p45
S'all_days'
p46
I7
tp47
I1896425
tp48
a((S'all_months'
p49
S'all_days'
p50
I17
tp51
I2725928
tp52
a((S'all_months'
p53
S'all_days'
p54
I8
tp55
I2334808
tp56
a((S'all_months'
p57
S'all_days'
p58
I6
tp59
I1125007
tp60
a((S'all_months'
p61
S'all_days'
p62
I15
tp63
I2648902
tp64
a((S'all_months'
p65
S'all_days'
p66
I16
tp67
I2268445
tp68
a((S'all_months'
p69
S'all_days'
p70
I5
tp71
I571205
tp72
a((S'all_months'
p73
S'all_days'
p74
I14
tp75
I2774801
tp76
a((S'all_months'
p77
S'all_days'
p78
I23
tp79
I2857530
tp80
a((S'all_months'
p81
S'all_days'
p82
I3
tp83
I1014712
tp84
a((S'all_months'
p85
S'all_days'
p86
I13
tp87
I2699435
tp88
a((S'all_months'
p89
S'all_days'
p90
I4
tp91
I718380
tp92
a((S'all_months'
p93
S'all_days'
p94
I22
tp95
I3154777
tp96
a.