2015-04-01	156807
2013-01-12	247590
2015-04-02	160880
2015-04-28	145356
2013-01-13	210116
2015-04-03	174803
2015-04-29	149047
2013-01-10	219858
2015-04-04	189589
2013-01-11	240565
2015-04-05	159245
2013-01-16	218159
2015-04-06	149041
2013-01-17	226528
2015-04-07	157893
2013-01-14	205404
2013-01-15	222046
2016-04-30	148566
2014-10-01	171928
2015-09-10	137460
2013-01-18	251305
2014-10-02	176660
2013-01-19	258081
2014-10-03	195338
2015-09-11	145539
2015-09-12	164158
2014-10-04	206141
2015-09-13	144254
2014-10-05	174289
2015-09-14	129386
2014-10-06	167447
2015-09-15	132521
2014-10-07	170698
2014-10-08	174426
2016-05-19	129321
2015-09-16	137083
2014-10-09	182577
2015-09-17	140581
2013-06-30	203934
2016-05-18	120719
2015-09-18	152363
2016-05-17	127379
2016-05-16	125564
2015-09-19	170660
2016-05-15	139826
2016-05-14	151694
2016-05-13	127802
2016-05-12	125518
2016-05-11	120239
2016-05-10	119401
2014-02-07	201469
2015-02-20	178078
2015-02-21	172374
2014-02-06	181688
2015-02-22	145488
2014-02-05	157763
2015-02-23	152233
2014-02-04	176893
2014-02-03	159449
2015-02-24	152767
2015-02-25	148727
2014-02-02	190842
2013-11-13	197533
2014-02-01	225855
2015-02-26	156597
2013-11-12	193541
2015-02-27	170872
2015-02-28	189295
2013-11-11	178840
2015-03-30	145769
2013-11-10	215605
2015-03-31	153757
2013-11-17	206760
2013-11-16	244012
2013-11-15	215347
2013-11-14	203155
2014-02-09	191894
2014-02-08	230947
2013-11-19	193561
2013-02-28	225206
2013-11-18	179326
2014-07-31	175301
2013-04-30	211865
2014-07-30	173534
2013-12-30	217932
2013-12-31	243398
2013-02-22	251399
2016-06-27	125966
2013-02-23	277783
2016-06-26	119677
2013-02-20	227730
2016-06-25	143600
2014-04-29	190574
2016-06-24	131710
2013-02-21	236265
2014-04-28	181032
2014-04-27	204297
2016-06-23	124261
2013-02-26	217694
2014-04-26	235648
2013-02-27	218844
2016-06-22	121177
2014-04-25	216205
2016-06-21	119874
2013-02-24	221545
2013-02-25	204071
2014-04-24	200252
2016-06-20	116146
2014-04-23	199935
2014-04-22	190290
2014-04-21	184583
2014-04-20	200943
2016-05-08	133299
2013-06-28	225309
2016-05-09	116339
2013-06-29	238623
2013-06-26	213192
2016-06-29	114652
2013-06-27	217856
2016-06-28	116696
2013-10-07	188272
2013-06-24	205172
2015-09-29	123315
2013-10-06	209319
2013-06-25	209503
2015-09-28	116778
2013-10-05	254257
2013-06-22	234973
2013-10-04	228741
2013-06-23	213364
2015-09-25	135761
2013-10-03	210187
2013-06-20	217007
2016-05-01	131773
2015-09-24	116972
2013-10-02	202668
2013-06-21	236368
2015-09-27	143068
2014-10-31	195438
2016-05-02	119090
2013-10-01	195625
2016-05-03	126034
2015-09-26	165161
2014-10-30	175184
2016-05-04	127365
2015-09-21	131502
2015-09-20	155747
2016-05-05	130442
2015-09-23	131523
2016-05-06	141359
2015-09-22	130067
2016-05-07	154630
2015-03-09	146784
2015-03-08	157648
2013-10-09	202545
2013-10-08	196171
2014-02-10	173824
2014-02-11	188881
2014-02-12	184651
2014-02-13	128547
2015-03-01	144944
2015-02-19	166236
2014-02-14	190310
2015-02-18	154949
2014-02-15	219575
2015-03-03	138650
2014-02-16	202401
2015-03-02	138311
2014-02-17	170558
2014-02-18	168741
2015-02-15	182077
2015-03-05	131489
2014-02-19	176054
2015-03-04	146170
2015-02-14	194876
2013-03-07	232531
2015-02-17	143374
2013-11-08	225702
2015-03-07	191395
2013-03-06	226063
2015-02-16	160791
2013-11-09	251994
2015-03-06	157472
2013-03-05	219746
2015-02-11	147680
2014-07-28	158336
2013-03-04	213784
2015-02-10	141502
2014-07-29	170973
2013-11-04	196063
2014-07-26	203391
2013-03-03	235130
2015-02-13	170903
2014-07-27	180142
2013-11-05	194692
2013-03-02	282151
2015-02-12	153072
2013-12-01	193188
2013-11-06	196687
2014-07-24	178335
2013-03-01	255087
2014-07-25	189753
2013-11-07	205031
2013-12-03	194714
2014-07-22	180074
2013-12-02	186685
2014-07-23	184347
2013-11-01	240165
2013-12-05	205707
2013-04-28	226323
2014-07-20	175582
2013-11-02	258134
2013-12-04	194440
2014-07-21	167759
2013-04-29	208870
2013-11-03	221129
2016-06-30	115249
2014-12-31	195749
2013-12-07	253531
2014-12-30	184457
2013-12-06	226333
2013-04-24	218189
2013-12-09	193003
2013-03-09	277636
2013-12-08	220247
2013-03-08	245867
2013-04-25	224844
2014-04-30	198941
2013-04-26	244874
2013-04-27	263877
2013-04-20	276580
2015-11-30	121614
2013-04-21	230469
2013-04-22	207722
2013-04-23	218652
2013-10-10	210916
2014-10-28	168932
2013-10-11	225364
2014-10-29	170109
2014-10-26	184892
2013-10-12	251170
2014-10-27	167548
2013-10-13	221369
2014-10-24	191884
2013-10-14	188207
2014-10-25	213109
2013-10-15	188119
2014-10-22	173167
2013-10-16	201571
2014-10-23	174819
2013-10-17	211754
2013-10-18	229406
2014-10-20	167765
2013-10-19	258832
2014-10-21	170609
2015-09-30	127063
2015-03-18	160675
2015-03-19	158568
2016-05-31	117721
2016-05-30	100497
2013-05-05	235854
2013-05-04	272186
2015-03-12	159093
2013-05-07	219033
2015-03-13	171667
2013-05-06	215564
2014-02-28	219450
2015-03-10	146872
2013-05-01	219249
2015-02-08	146643
2015-03-11	148050
2015-02-09	132164
2015-02-06	164619
2014-02-25	183837
2015-03-16	140320
2013-05-03	253062
2014-02-24	178526
2015-02-07	178765
2015-03-17	151908
2013-05-02	230220
2013-03-10	225966
2014-02-27	196880
2015-02-04	139183
2015-03-14	190783
2014-02-26	188090
2013-03-11	208013
2015-02-05	153705
2015-03-15	159844
2014-02-21	199796
2013-03-12	220355
2015-02-02	123352
2013-05-29	214499
2013-03-13	226370
2015-02-03	143755
2013-05-28	206034
2014-02-20	184285
2013-05-27	170351
2013-03-14	244001
2013-05-09	228152
2014-02-23	186515
2013-03-15	256493
2013-05-08	222121
2015-02-01	149768
2013-05-26	207162
2013-11-30	229790
2014-02-22	222869
2013-12-12	204180
2013-04-19	244746
2013-05-25	241134
2013-03-16	283717
2013-04-18	229666
2013-03-17	240160
2013-05-24	231693
2013-12-13	225048
2013-03-18	211074
2013-12-10	193918
2013-05-23	217134
2013-03-19	208907
2013-12-11	195160
2013-05-22	222663
2013-12-16	193887
2013-05-21	224678
2013-12-17	196337
2013-05-20	216357
2013-12-14	235759
2013-12-15	207445
2013-04-11	227720
2014-12-28	166961
2013-04-10	222438
2014-12-29	171904
2013-04-13	273597
2016-06-09	123067
2013-12-18	197408
2013-04-12	254600
2013-12-19	202224
2016-06-08	119640
2014-12-24	173290
2013-04-15	214954
2014-12-25	117857
2013-04-14	240267
2016-06-05	120571
2014-12-26	153482
2015-11-28	149967
2013-04-17	220254
2016-06-04	151619
2014-12-27	176730
2015-11-29	129871
2013-04-16	217360
2016-06-07	120519
2014-12-20	210232
2016-06-06	118933
2014-12-21	184347
2014-04-05	237303
2015-11-24	131658
2016-06-01	122480
2014-12-22	169147
2014-04-04	219741
2015-11-25	137458
2014-12-23	171613
2014-04-07	189435
2015-11-26	111041
2016-06-03	133419
2015-11-27	129956
2014-04-06	206002
2016-06-02	127367
2015-11-20	140704
2014-04-01	183594
2015-11-21	160133
2015-11-22	136083
2014-04-03	197277
2015-11-23	129879
2014-04-02	187541
2013-10-29	196074
2013-10-28	190882
2013-10-25	229212
2014-04-09	191028
2016-03-31	125693
2013-10-24	213692
2014-04-08	185251
2016-03-30	123761
2013-10-27	216051
2013-10-26	249498
2016-05-26	125539
2013-10-21	193085
2016-05-27	130721
2013-10-20	219591
2016-05-24	118227
2013-10-23	204102
2016-05-25	122478
2013-10-22	197293
2016-05-22	129733
2016-05-23	118122
2013-05-16	231156
2016-01-19	122609
2016-05-20	138681
2013-05-17	242943
2016-01-18	117030
2016-05-21	155104
2013-05-14	216208
2013-05-15	220817
2013-05-12	227497
2013-05-13	209123
2016-01-13	122643
2013-11-28	178795
2013-05-10	245878
2016-01-12	116774
2013-11-29	209699
2013-05-11	265111
2016-01-11	113507
2016-05-28	139576
2016-01-10	118680
2016-05-29	127227
2015-10-05	126427
2016-01-17	131380
2015-10-04	134162
2016-01-16	145665
2013-11-22	216666
2013-05-30	225222
2015-10-07	133549
2013-03-29	252204
2016-01-15	129435
2013-11-23	248790
2015-10-06	130649
2013-05-31	240191
2013-03-28	233708
2016-01-14	122386
2013-11-20	198222
2015-10-01	133124
2013-05-18	262433
2013-11-21	199883
2013-05-19	237461
2013-03-25	210349
2013-04-08	204310
2013-11-26	187095
2015-10-03	155650
2013-03-24	228959
2013-04-09	214138
2013-11-27	204571
2015-10-02	147345
2014-12-19	195046
2013-03-27	222688
2013-11-24	222645
2014-12-18	175642
2013-03-26	213156
2013-11-25	194289
2013-03-21	245675
2015-10-29	134863
2013-03-20	214392
2015-10-28	129961
2013-04-02	227265
2015-10-27	131817
2015-10-09	144222
2013-03-23	270873
2013-04-03	232030
2015-10-26	130151
2015-10-08	140520
2013-03-22	249115
2015-11-19	125467
2015-10-25	147306
2015-11-18	124096
2013-04-01	207127
2015-10-24	167128
2014-12-11	168576
2015-10-23	151759
2013-04-06	266993
2016-06-18	138189
2014-12-10	159523
2015-10-22	139742
2013-04-07	221306
2016-06-19	121568
2016-06-16	125028
2014-12-13	204287
2013-04-04	238031
2015-10-21	134007
2016-06-17	129643
2014-12-12	186951
2015-10-20	130873
2013-04-05	254602
2016-06-14	118160
2014-12-15	158571
2016-06-15	122699
2014-12-14	179697
2014-08-23	184299
2015-11-11	119910
2016-06-12	119178
2014-12-17	166232
2014-04-16	205267
2014-08-22	175203
2014-12-16	162322
2015-11-10	123756
2016-06-13	114540
2014-04-17	210554
2014-08-21	176083
2015-11-13	145368
2014-04-14	188388
2016-06-10	133510
2015-11-12	131544
2014-04-15	202416
2014-08-20	170495
2016-06-11	142640
2014-08-27	169896
2014-04-12	240302
2015-11-15	135709
2015-11-14	164447
2014-08-26	162012
2014-04-13	212742
2016-03-20	132029
2015-11-17	124188
2014-08-25	155613
2014-04-10	195366
2015-11-16	117946
2016-03-21	116869
2014-08-24	165253
2014-04-11	206672
2016-03-22	118786
2015-01-09	165885
2016-03-23	122887
2015-01-08	163698
2015-01-07	159983
2014-08-29	179973
2016-03-24	132339
2015-01-06	147430
2014-08-28	169562
2016-03-25	140955
2014-09-30	166778
2015-01-05	149001
2016-03-26	154333
2015-01-04	140113
2016-03-27	129639
2016-03-28	121350
2015-01-03	186888
2014-04-18	227908
2016-03-29	123758
2015-01-02	167802
2014-04-19	230858
2015-01-01	191580
2013-10-30	198747
2013-10-31	206651
2014-01-15	183355
2014-01-14	180567
2015-10-16	151181
2014-01-17	201021
2015-10-17	176765
2014-01-16	188380
2014-05-31	227955
2014-01-11	220531
2015-10-14	133486
2014-05-30	207498
2015-10-15	137318
2014-01-10	209659
2016-01-04	118521
2015-10-12	124266
2014-01-13	174205
2016-01-05	119484
2015-10-13	132979
2014-01-12	190759
2016-01-06	119245
2015-10-10	170380
2016-01-07	120692
2015-10-11	147705
2016-01-01	157833
2015-07-27	133567
2014-12-08	167448
2014-01-19	202942
2016-01-02	136481
2015-07-26	141449
2014-12-09	158358
2014-01-18	227635
2016-01-03	119558
2015-10-30	149777
2015-07-25	158917
2013-03-30	262184
2015-10-31	166736
2015-07-24	148837
2013-03-31	228575
2015-07-23	142775
2015-10-18	150895
2015-07-22	139816
2015-10-19	132064
2014-12-02	164333
2015-11-08	141668
2016-01-08	130971
2015-07-21	134621
2014-01-31	208817
2014-12-03	161915
2015-07-20	143066
2016-01-09	140892
2015-11-09	121295
2014-01-30	188934
2014-12-01	158714
2014-12-06	211761
2014-12-07	187651
2015-11-02	127177
2014-12-04	170990
2015-11-03	126747
2014-12-05	192951
2015-01-18	166702
2015-07-29	142307
2015-01-19	128257
2015-11-01	146932
2015-07-28	139684
2014-09-20	211361
2015-11-06	146125
2014-09-21	167727
2015-11-07	165410
2014-09-22	159377
2015-11-04	128390
2014-09-23	154843
2015-11-05	133590
2014-09-24	162786
2014-09-25	166906
2015-01-10	197890
2016-03-19	153687
2014-09-26	183896
2015-01-11	155850
2016-03-18	142580
2014-09-27	210968
2014-09-28	185073
2015-01-12	144799
2014-08-30	186869
2014-09-29	160319
2015-01-13	157550
2014-08-31	173540
2016-03-15	121385
2015-01-14	153484
2016-03-14	125999
2015-01-15	155869
2016-03-17	127452
2015-01-16	174418
2016-03-16	125303
2015-01-17	189313
2016-03-11	136449
2016-03-10	124856
2016-03-13	126724
2016-03-12	153310
2014-01-06	173668
2015-08-13	135371
2014-01-07	193385
2015-08-12	134147
2014-01-04	199131
2015-08-11	128111
2014-01-05	177742
2015-08-10	123795
2014-01-28	181030
2015-08-17	130850
2014-01-02	186011
2014-01-29	182310
2014-01-03	140341
2015-08-16	137039
2016-01-31	119871
2014-05-28	191017
2015-08-15	152810
2016-01-30	146271
2015-08-14	141242
2014-05-29	195669
2014-01-01	228364
2014-05-24	202605
2015-08-19	137899
2014-05-25	189412
2015-08-18	136974
2014-01-20	162697
2015-07-30	134915
2014-05-26	157203
2014-01-21	108742
2014-05-27	183823
2015-07-31	147272
2014-01-22	149373
2014-05-20	192719
2014-01-08	195088
2014-01-23	179679
2014-05-21	193471
2014-01-09	195894
2014-01-24	203918
2014-05-22	195501
2014-01-25	226332
2014-05-23	212946
2015-05-03	171260
2014-01-26	188889
2015-05-02	199681
2014-01-27	168658
2015-05-01	168362
2015-05-07	155121
2015-05-06	154589
2014-08-09	192339
2015-05-05	153591
2014-08-08	184051
2015-05-04	148867
2015-05-09	183800
2015-05-08	163011
2014-08-01	183694
2014-09-19	191810
2014-09-18	175462
2014-08-03	175957
2014-08-02	196015
2014-09-15	170833
2014-08-05	172237
2016-03-08	117040
2014-09-14	187372
2014-08-04	167685
2016-03-09	118696
2016-03-06	130160
2014-09-17	172060
2014-08-07	175313
2016-03-07	114155
2014-09-16	173079
2014-08-06	173803
2016-03-04	135744
2014-09-11	179405
2016-03-05	155565
2014-09-10	175350
2015-01-25	149219
2016-03-02	123264
2014-09-13	216504
2015-01-24	174583
2016-03-03	129316
2014-09-12	191241
2015-01-27	51892
2015-01-26	90026
2016-03-01	116324
2015-01-21	148873
2015-01-20	143625
2015-01-23	168207
2015-01-22	154435
2015-01-29	146975
2015-01-28	131204
2014-05-19	192072
2014-05-18	208728
2015-08-08	150356
2015-08-09	128203
2016-01-22	134365
2016-01-23	27789
2015-08-04	138596
2016-01-20	117905
2015-08-05	139997
2016-01-21	123087
2014-05-11	203634
2014-06-14	217583
2015-08-06	138403
2016-01-26	100224
2014-05-10	232071
2015-08-07	143725
2016-01-27	108696
2014-06-15	184738
2014-06-16	175373
2014-05-13	187542
2016-01-24	55503
2014-05-12	181903
2014-06-17	181749
2015-08-01	160780
2016-01-25	91434
2014-05-15	192771
2014-06-10	184414
2015-08-02	141273
2014-05-14	181654
2014-06-11	184781
2015-08-03	134839
2016-01-28	115639
2015-07-09	143863
2014-06-12	192646
2014-05-17	223220
2016-01-29	129081
2014-06-13	199936
2015-07-08	140465
2014-05-16	210185
2014-03-13	214304
2015-07-05	119236
2015-07-04	120992
2014-03-12	188561
2013-09-23	181822
2015-05-18	150919
2015-07-07	135621
2014-06-18	187248
2014-03-11	184635
2013-09-22	213583
2015-07-06	123780
2014-03-10	184838
2014-06-19	191329
2015-05-19	154143
2015-07-01	140973
2013-09-21	254249
2014-03-17	183436
2013-09-20	229210
2014-03-16	211028
2015-05-14	153261
2014-08-18	161972
2013-09-27	218463
2015-07-03	133378
2014-03-15	240198
2015-05-15	166382
2015-07-02	137344
2014-08-19	167298
2013-09-26	203709
2014-03-14	217416
2015-05-16	186672
2013-09-25	193507
2015-05-17	165568
2013-09-24	185893
2014-03-19	193084
2015-05-10	161965
2014-03-18	188448
2015-05-11	145499
2014-08-12	166264
2013-09-29	212261
2013-08-31	230844
2015-05-12	150196
2014-08-13	170308
2013-09-28	247632
2013-08-30	216191
2015-05-13	152036
2014-08-10	167686
2014-09-08	172500
2014-08-11	161675
2014-09-09	172902
2014-11-14	184284
2014-09-06	210905
2014-08-16	191137
2014-09-07	184972
2014-08-17	171063
2014-11-15	207467
2014-09-04	180514
2013-07-09	205839
2014-11-16	176300
2014-08-14	173850
2014-08-15	183561
2014-11-17	153438
2013-07-08	194750
2014-09-05	194409
2014-09-02	168107
2014-11-10	160167
2014-09-03	173463
2014-11-11	151875
2014-11-12	161427
2014-09-01	144362
2014-11-13	168941
2013-07-03	205605
2013-07-02	201301
2013-07-01	202347
2013-07-07	183676
2014-11-18	166812
2015-01-30	169514
2013-07-06	196265
2014-11-19	166389
2015-01-31	191927
2013-07-05	194263
2013-07-04	168454
2014-05-08	198471
2014-05-09	211976
2015-08-31	123907
2015-08-30	135684
2014-05-02	214183
2014-06-21	213250
2014-05-03	241436
2014-06-20	199572
2014-06-23	174454
2014-06-22	190176
2014-05-01	194313
2014-05-06	194681
2014-06-25	183875
2014-06-24	177096
2014-05-07	191582
2014-06-09	181553
2014-05-04	209860
2014-06-27	192221
2014-06-08	195336
2014-05-05	192976
2014-06-26	188840
2014-06-29	179500
2015-05-29	161949
2015-07-18	163706
2014-06-28	209083
2015-07-19	157726
2015-05-28	152593
2015-07-16	140568
2015-07-17	135818
2014-06-03	186274
2015-07-14	137540
2014-06-02	178878
2015-07-15	140100
2015-07-12	143809
2014-06-01	190844
2014-03-08	241969
2014-03-09	208821
2015-07-13	133027
2015-05-21	157482
2013-08-20	195242
2014-06-07	230247
2015-07-10	148897
2015-05-20	155456
2015-07-11	164172
2014-06-06	206829
2013-08-21	199871
2014-03-04	197565
2015-05-23	170843
2013-08-22	203760
2014-06-05	195706
2014-03-05	198055
2013-08-23	212727
2015-05-22	161319
2014-06-04	187857
2013-08-24	222916
2014-03-06	208293
2015-05-25	126711
2014-03-07	221917
2015-05-24	153557
2013-08-25	198432
2015-05-27	149983
2013-08-26	185291
2013-08-27	190480
2014-03-01	238650
2015-05-26	146883
2013-08-28	196672
2013-09-30	189314
2014-03-02	195276
2013-08-29	200573
2014-03-03	189975
2014-11-21	187106
2014-11-20	172270
2016-02-23	120430
2014-11-23	173881
2016-02-22	110685
2014-11-22	212368
2016-02-21	123367
2014-11-25	160873
2016-02-20	144230
2014-11-24	160995
2014-11-09	183106
2016-02-27	150605
2014-11-27	148326
2014-11-08	214907
2016-02-26	138357
2014-11-26	181903
2014-11-29	191902
2016-02-25	122712
2014-11-28	180075
2016-02-24	118855
2014-11-03	165586
2016-02-29	111952
2015-12-09	125851
2014-11-02	180172
2016-02-28	123102
2015-12-08	124979
2014-11-01	239196
2013-07-14	207965
2014-11-07	190619
2013-07-15	202968
2014-11-06	170563
2015-12-03	137312
2013-07-16	205616
2014-11-05	165471
2015-12-02	122733
2013-07-17	215899
2015-06-30	136153
2014-11-04	163339
2015-12-01	124690
2013-07-10	208051
2015-08-28	139248
2015-08-29	148582
2013-07-11	212007
2015-12-07	128337
2013-07-12	225902
2015-12-06	144306
2013-07-13	226331
2015-12-05	168821
2015-12-04	148353
2015-08-22	148221
2015-08-23	129200
2015-08-20	139533
2013-07-18	220244
2015-08-21	143736
2013-07-19	230310
2014-06-30	176005
2015-08-26	128767
2015-08-27	132392
2015-08-24	123873
2015-08-25	128092
2013-09-09	197657
2013-09-08	212079
2014-03-31	176773
2015-05-30	177376
2014-03-30	197682
2015-05-31	141228
2013-09-01	206105
2013-08-19	184977
2013-08-18	191006
2013-09-03	189369
2013-09-02	164509
2013-08-15	206416
2013-09-05	204601
2013-08-14	201422
2013-09-04	199819
2013-08-17	217373
2013-09-07	237886
2013-08-16	204157
2013-09-06	225227
2014-11-30	161227
2013-08-11	95466
2013-08-10	221750
2013-08-13	198211
2013-08-12	185118
2013-01-29	209804
2013-01-28	203452
2013-01-23	234159
2013-07-21	198202
2013-01-22	221230
2013-07-20	235724
2013-01-21	180909
2013-07-23	204331
2013-07-22	201395
2013-01-20	226973
2013-07-25	208520
2013-01-27	220638
2013-07-24	207187
2013-01-26	266172
2016-04-03	133167
2013-01-25	243205
2013-07-27	225343
2016-04-02	152347
2013-01-24	244838
2013-07-26	217423
2013-07-29	188533
2015-06-24	146388
2016-04-01	133811
2013-07-28	200466
2015-06-25	148623
2015-12-14	126241
2015-06-26	155593
2016-04-07	124467
2015-12-15	128295
2015-06-27	176422
2016-04-06	123592
2015-12-16	133216
2015-06-20	165692
2016-04-05	125231
2015-12-17	131324
2015-06-21	147410
2016-04-04	122126
2015-12-10	129758
2015-06-22	141822
2015-12-11	142603
2015-06-23	145719
2016-04-09	155940
2015-12-12	160324
2016-04-08	141506
2015-12-13	136692
2015-06-28	136133
2015-06-29	138214
2015-12-18	151812
2015-12-19	170246
2014-03-28	212058
2014-03-29	251350
2013-09-18	202802
2013-09-19	213104
2014-03-22	235138
2014-03-23	207631
2013-09-12	209076
2014-03-20	194530
2013-09-13	225975
2014-03-21	209529
2013-09-10	205336
2014-03-26	196123
2013-08-08	190866
2013-09-11	208605
2014-03-27	196686
2013-08-09	222546
2013-08-06	199650
2013-09-16	194951
2014-03-24	183631
2013-08-07	201976
2013-09-17	199876
2014-03-25	181121
2013-08-04	98351
2013-09-14	247341
2013-08-05	189500
2013-09-15	213050
2016-02-09	113011
2013-08-02	106508
2016-02-08	110345
2013-08-03	111025
2013-08-01	128863
2016-02-01	109222
2016-02-03	110113
2016-02-02	110829
2013-02-13	228279
2016-02-05	128130
2013-02-12	222622
2016-02-04	117991
2013-02-11	207190
2016-02-07	120013
2013-02-10	212671
2016-02-06	145238
2013-07-30	197027
2013-02-17	255072
2013-07-31	198208
2013-02-16	275285
2013-02-15	248385
2013-02-14	231233
2015-06-11	154211
2013-02-19	207301
2015-06-10	149288
2013-02-18	195781
2015-12-21	132421
2015-06-13	173570
2016-04-18	118346
2015-12-20	145200
2015-06-12	162711
2016-04-19	119543
2013-06-17	204594
2015-06-15	137815
2015-12-23	133922
2013-01-30	208330
2013-06-16	206159
2015-12-22	132494
2013-01-31	229370
2015-06-14	151583
2016-04-14	127608
2013-06-15	244300
2015-12-25	97451
2015-06-17	148063
2016-04-15	139315
2013-06-14	225501
2015-12-24	135457
2015-06-16	139010
2015-06-19	160253
2016-04-16	156712
2013-06-13	222513
2015-12-27	127516
2015-06-18	147497
2016-04-17	134268
2013-06-12	213405
2015-12-26	120810
2015-12-29	138053
2016-04-10	131366
2013-06-11	209024
2015-12-28	139945
2016-04-11	116688
2013-06-10	208644
2016-04-12	121026
2016-04-13	121892
2013-06-19	213658
2013-06-18	205903
2016-02-18	128121
2016-02-19	134770
2014-07-17	178035
2014-07-16	174108
2014-07-15	173010
2014-07-14	173314
2016-02-12	138199
2014-07-13	178294
2016-02-13	160209
2014-07-12	199605
2016-02-10	118384
2014-07-11	187526
2016-02-11	131261
2014-07-10	177780
2016-02-16	118683
2015-04-30	154488
2016-02-17	123191
2016-02-14	143381
2016-02-15	121649
2013-02-08	196520
2013-02-09	184441
2015-04-19	170177
2014-07-19	200469
2014-07-18	187726
2015-04-18	192909
2016-04-29	136237
2015-04-17	168522
2013-02-04	205498
2015-04-16	156534
2016-04-28	124421
2013-02-05	210442
2013-01-01	246731
2015-06-02	145206
2015-04-15	149099
2013-02-06	218153
2015-06-03	148382
2015-04-14	144862
2013-02-07	230460
2013-01-03	230074
2015-04-13	142419
2015-06-01	144971
2013-01-02	216565
2015-04-12	156882
2013-02-01	254154
2015-06-06	180256
2015-12-30	138862
2013-01-05	245125
2013-02-02	272012
2015-04-11	184512
2013-06-01	262529
2013-01-04	242165
2015-12-31	148902
2015-06-07	156732
2015-04-10	173092
2013-02-03	215616
2016-04-21	119596
2013-06-02	218869
2013-01-07	196290
2015-06-04	156620
2016-04-20	122554
2013-06-03	207002
2015-06-05	163921
2013-01-06	201657
2013-01-09	209347
2014-10-17	195291
2016-04-23	141056
2013-06-04	212064
2014-10-16	181988
2016-04-22	128117
2013-06-05	218027
2013-01-08	205697
2015-09-07	116259
2014-10-15	177552
2016-04-25	111996
2015-06-08	144665
2013-06-06	230710
2015-09-06	138434
2014-10-14	169911
2015-06-09	145482
2016-04-24	124525
2013-06-07	238345
2013-06-08	239272
2015-09-05	150941
2014-10-13	162927
2016-04-27	117584
2013-06-09	211914
2015-09-04	142391
2014-10-12	190508
2016-04-26	118027
2015-09-03	137857
2014-10-11	223243
2015-09-02	132973
2014-10-10	195555
2015-09-01	129773
2014-10-19	193870
2014-10-18	220443
2015-09-09	139019
2015-09-08	137947
2015-03-23	142310
2015-03-22	163240
2015-03-21	181534
2015-03-20	166878
2015-03-27	165514
2015-03-26	147598
2013-12-29	224247
2015-03-25	146772
2013-12-28	220310
2015-03-24	143830
2015-03-29	162088
2014-07-01	182777
2015-03-28	196681
2013-12-23	196386
2014-07-02	179742
2013-12-22	202765
2014-07-03	178335
2015-04-26	163186
2013-12-21	228866
2014-07-04	150155
2015-04-27	144020
2013-12-20	224332
2014-07-05	159329
2015-04-24	170948
2013-12-27	214431
2014-07-06	149334
2015-04-25	191783
2013-12-26	183805
2014-07-07	163824
2015-04-08	160718
2014-07-08	178219
2015-04-22	149889
2013-12-25	145989
2015-04-09	164382
2014-07-09	178428
2015-04-23	160247
2013-12-24	204432
2015-04-20	145190
2015-04-21	149665
