2015-04-01	281662
2013-01-12	258170
2015-04-02	281559
2015-04-28	264748
2013-01-13	230912
2015-04-03	267290
2015-04-29	276698
2013-01-10	266455
2015-04-04	248552
2013-01-11	279052
2015-04-05	216441
2013-01-16	280262
2015-04-06	225069
2013-01-17	284296
2015-04-07	266326
2013-01-14	236774
2013-01-15	273238
2016-04-30	269511
2014-10-01	282258
2015-09-10	261873
2013-01-18	290630
2014-10-02	286622
2015-09-11	264051
2013-01-19	250757
2014-10-03	285748
2015-09-12	267482
2014-10-04	257598
2015-09-13	236771
2014-10-05	238277
2015-09-14	214855
2014-10-06	238467
2015-09-15	243488
2014-10-07	262506
2014-10-08	277658
2016-05-19	274582
2015-09-16	261502
2014-10-09	290706
2015-09-17	268302
2013-06-30	212588
2016-05-18	258526
2015-09-18	273591
2016-05-17	268137
2016-05-16	251178
2015-09-19	269668
2016-05-15	266078
2016-05-14	280975
2016-05-13	267006
2016-05-12	272435
2016-05-11	261258
2016-05-10	254997
2014-02-07	306862
2015-02-20	318780
2015-02-21	280885
2014-02-06	293222
2015-02-22	251756
2014-02-05	252588
2015-02-23	277898
2014-02-04	273964
2015-02-24	294046
2014-02-03	219868
2014-02-02	269593
2015-02-25	293769
2013-11-13	291415
2014-02-01	303684
2015-02-26	313210
2013-11-12	277300
2015-02-27	313990
2015-02-28	308167
2013-11-11	236155
2015-03-30	243604
2013-11-10	254519
2015-03-31	274457
2013-11-17	254685
2013-11-16	290782
2013-11-15	295283
2013-11-14	299813
2014-02-09	271214
2014-02-08	315028
2013-11-19	278634
2013-02-28	297985
2013-11-18	242713
2014-07-31	274318
2013-04-30	267192
2014-07-30	264111
2013-12-30	185149
2013-12-31	220887
2013-02-22	305530
2016-06-27	230727
2013-02-23	305272
2016-06-26	209895
2013-02-20	283157
2016-06-25	242771
2014-04-29	288540
2016-06-24	254340
2013-02-21	300040
2014-04-28	251383
2014-04-27	264573
2016-06-23	263747
2013-02-26	277282
2014-04-26	299700
2013-02-27	288447
2016-06-22	250257
2014-04-25	305609
2013-02-24	251648
2016-06-21	242831
2016-06-20	217979
2014-04-24	300518
2013-02-25	246269
2014-04-23	297131
2014-04-22	269224
2014-04-21	233114
2014-04-20	224559
2016-05-08	237701
2013-06-28	280017
2016-05-09	231090
2013-06-29	250397
2013-06-26	273140
2016-06-29	240644
2013-06-27	285583
2016-06-28	230231
2013-10-07	235180
2013-06-24	231081
2015-09-29	235514
2013-10-06	245703
2013-06-25	259911
2015-09-28	204794
2013-10-05	280978
2013-06-22	237990
2013-10-04	289183
2013-06-23	221931
2015-09-25	227604
2013-10-03	284073
2013-06-20	281159
2016-05-01	248111
2015-09-24	206022
2013-10-02	269960
2013-06-21	267402
2016-05-02	236559
2014-10-31	294566
2015-09-27	233375
2013-10-01	254609
2016-05-03	272438
2015-09-26	259954
2014-10-30	290136
2015-09-21	225894
2016-05-04	277551
2016-05-05	291781
2015-09-20	234294
2016-05-06	293216
2015-09-23	225250
2016-05-07	276170
2015-09-22	236111
2015-03-09	243571
2015-03-08	252368
2013-10-09	279654
2013-10-08	261101
2014-02-10	258375
2014-02-11	296546
2014-02-12	293233
2014-02-13	194681
2015-03-01	238405
2014-02-14	277918
2015-02-19	309540
2015-02-18	279936
2014-02-15	267782
2015-03-03	257374
2014-02-16	251299
2015-03-02	248588
2014-02-17	218103
2015-02-15	275051
2014-02-18	247539
2015-03-05	233100
2014-02-19	266436
2015-03-04	287994
2015-02-14	304258
2013-03-07	303966
2015-02-17	249467
2013-11-08	299279
2015-03-07	310638
2013-03-06	290397
2015-02-16	250095
2013-11-09	289511
2015-03-06	287352
2013-03-05	272465
2015-02-11	297840
2014-07-28	207224
2013-03-04	251125
2015-02-10	281461
2014-07-29	247897
2013-11-04	249233
2014-07-26	241291
2013-03-03	256530
2015-02-13	313022
2013-11-05	269865
2014-07-27	220363
2013-03-02	300638
2015-02-12	308646
2013-12-01	202175
2014-07-24	279390
2013-11-06	283502
2013-03-01	307504
2014-07-25	267805
2013-11-07	299819
2013-12-03	265799
2014-07-22	263405
2013-12-02	237293
2013-11-01	311891
2014-07-23	278443
2013-04-28	239956
2013-12-05	288836
2013-11-02	288689
2014-07-20	220024
2014-07-21	228012
2013-11-03	258730
2013-04-29	248825
2013-12-04	274093
2016-06-30	240926
2014-12-31	206337
2013-12-07	295111
2014-12-30	190157
2013-12-06	300262
2013-12-09	255994
2013-04-24	280773
2013-03-09	282199
2013-12-08	264310
2013-04-25	292106
2013-03-08	298067
2014-04-30	294079
2013-04-26	292496
2013-04-27	272655
2013-04-20	292418
2015-11-30	223767
2013-04-21	251241
2013-04-22	248449
2013-04-23	278514
2013-10-10	293733
2014-10-28	262032
2013-10-11	287878
2014-10-29	280006
2014-10-26	252570
2013-10-12	269885
2014-10-27	240612
2013-10-13	238716
2014-10-24	296134
2013-10-14	212793
2014-10-25	283628
2013-10-15	239829
2014-10-22	284595
2013-10-16	273299
2014-10-23	293022
2013-10-17	291776
2013-10-18	294057
2014-10-20	245004
2013-10-19	287146
2014-10-21	271153
2015-09-30	252484
2015-03-18	290488
2015-03-19	291531
2016-05-31	221247
2016-05-30	159053
2013-05-05	250797
2013-05-04	280589
2015-03-12	300599
2013-05-07	270208
2015-03-13	303154
2013-05-06	251016
2014-02-28	320276
2015-03-10	265443
2013-05-01	275717
2015-02-08	262047
2015-03-11	278646
2015-02-09	247547
2015-02-06	310341
2014-02-25	284666
2015-03-16	232914
2013-05-03	296045
2014-02-24	257249
2013-05-02	291206
2015-03-17	259672
2015-02-07	304750
2013-03-10	240728
2015-02-04	274803
2014-02-27	311327
2015-03-14	303527
2013-03-11	241883
2015-02-05	304209
2014-02-26	300798
2015-03-15	257018
2014-02-21	299524
2013-03-12	272932
2015-02-02	212143
2013-05-29	264015
2013-05-28	238394
2015-02-03	275495
2013-03-13	286762
2014-02-20	277958
2013-05-27	164710
2013-05-09	296945
2013-03-14	306662
2014-02-23	252384
2013-03-15	300965
2013-05-08	285668
2015-02-01	271602
2013-11-30	200411
2013-05-26	175956
2014-02-22	295022
2013-04-19	297394
2013-12-12	299765
2013-05-25	210911
2013-03-16	288305
2013-04-18	294602
2013-05-24	259702
2013-03-17	251732
2013-12-13	314493
2013-03-18	245325
2013-12-10	281080
2013-05-23	273380
2013-03-19	266572
2013-12-11	286680
2013-05-22	278734
2013-12-16	256890
2013-05-21	273264
2013-12-17	281795
2013-05-20	248973
2013-12-14	276742
2013-12-15	247322
2013-04-11	295713
2014-12-28	154420
2013-04-10	279200
2014-12-29	164772
2013-04-13	279779
2016-06-09	268481
2013-12-18	287298
2013-04-12	308404
2013-12-19	289993
2016-06-08	259853
2014-12-24	172097
2013-04-15	244490
2014-12-25	90742
2013-04-14	243536
2016-06-05	230366
2014-12-26	123006
2015-11-28	192851
2013-04-17	279914
2016-06-04	266420
2014-12-27	144416
2015-11-29	202061
2013-04-16	262137
2016-06-07	254034
2014-12-20	279834
2016-06-06	235662
2014-12-21	232125
2014-04-05	301419
2015-11-24	244531
2016-06-01	244266
2014-12-22	209548
2014-04-04	320419
2015-11-25	219345
2014-12-23	209322
2014-04-07	267226
2015-11-26	129984
2016-06-03	266136
2015-11-27	143717
2014-04-06	265253
2016-06-02	263449
2015-11-20	279555
2014-04-01	275085
2015-11-21	277004
2015-11-22	238638
2014-04-03	298595
2015-11-23	234397
2014-04-02	292337
2013-10-29	265154
2013-10-28	238687
2013-10-25	298526
2014-04-09	289622
2016-03-31	266486
2013-10-24	297275
2014-04-08	277920
2016-03-30	259868
2013-10-27	249420
2013-10-26	283336
2016-05-26	260789
2013-10-21	239827
2016-05-27	232029
2013-10-20	251534
2016-05-24	251403
2013-10-23	288462
2016-05-25	261397
2013-10-22	266823
2016-05-22	237386
2016-05-23	226911
2013-05-16	295373
2016-01-19	260932
2016-05-20	273576
2013-05-17	289086
2016-01-18	222917
2016-05-21	278092
2013-05-14	272614
2013-05-15	286047
2013-05-12	232122
2013-05-13	249503
2016-01-13	270827
2013-11-28	150312
2013-05-10	290695
2016-01-12	249055
2013-11-29	161633
2013-05-11	273298
2016-01-11	227691
2016-05-28	188079
2016-01-10	231362
2016-05-29	169165
2015-10-05	216817
2016-01-17	245896
2015-10-04	229152
2016-01-16	264187
2013-05-30	283545
2013-11-22	304101
2015-10-07	255649
2013-03-29	265074
2016-01-15	270056
2013-05-31	283708
2016-01-14	272284
2013-03-28	276859
2015-10-06	241967
2013-11-23	301028
2013-11-20	291682
2015-10-01	258970
2013-05-18	271773
2013-11-21	294692
2013-05-19	250662
2013-03-25	226956
2013-04-08	234699
2013-11-26	247822
2015-10-03	255040
2013-03-24	237444
2013-04-09	261456
2013-11-27	239201
2015-10-02	264864
2014-12-19	309333
2013-03-27	262606
2013-11-24	271998
2014-12-18	302602
2013-03-26	245854
2013-11-25	248261
2013-03-21	256957
2015-10-29	266899
2013-03-20	277773
2015-10-28	255197
2013-04-02	266663
2015-10-27	248324
2015-10-09	256247
2013-03-23	280593
2013-04-03	280056
2015-10-26	225165
2015-10-08	265057
2013-03-22	297346
2015-11-19	267310
2015-10-25	241060
2015-11-18	265537
2013-04-01	220348
2015-10-24	266928
2014-12-11	296894
2015-10-23	274726
2013-04-06	263493
2016-06-18	230113
2014-12-10	283900
2015-10-22	268994
2013-04-07	238244
2016-06-19	206511
2016-06-16	271601
2014-12-13	292559
2015-10-21	254068
2013-04-04	292756
2014-12-12	305735
2016-06-17	256333
2015-10-20	245248
2013-04-05	297961
2016-06-14	243364
2014-12-15	248078
2016-06-15	258368
2014-12-14	257873
2014-08-23	215054
2014-04-16	286159
2016-06-12	207941
2014-12-17	286169
2015-11-11	250411
2014-08-22	241239
2014-12-16	273505
2015-11-10	252637
2016-06-13	224656
2014-04-17	293691
2014-04-14	227302
2015-11-13	280220
2014-08-21	261847
2016-06-10	265572
2014-04-15	274961
2015-11-12	273226
2014-08-20	248287
2016-06-11	242984
2014-04-12	295447
2014-08-27	242440
2015-11-15	243500
2015-11-14	280256
2014-04-13	255364
2014-08-26	224110
2016-03-20	255311
2015-11-17	258568
2014-08-25	199410
2014-04-10	299310
2015-11-16	228097
2016-03-21	225669
2014-08-24	196137
2014-04-11	295055
2016-03-22	246199
2015-01-09	280247
2016-03-23	256883
2015-01-08	285511
2015-01-07	268114
2014-08-29	227281
2016-03-24	272676
2015-01-06	235425
2014-08-28	241818
2016-03-25	256642
2014-09-30	264821
2015-01-05	213035
2016-03-26	247335
2015-01-04	187332
2016-03-27	213869
2016-03-28	221323
2015-01-03	218287
2014-04-18	282955
2016-03-29	252873
2015-01-02	176034
2014-04-19	249075
2015-01-01	188479
2013-10-30	280138
2013-10-31	279723
2014-01-15	279616
2014-01-14	269920
2015-10-16	277147
2014-01-17	285881
2015-10-17	280083
2014-01-16	289858
2014-05-31	279688
2014-01-11	286522
2015-10-14	257506
2014-05-30	292117
2015-10-15	268337
2014-01-10	294072
2016-01-04	196093
2015-10-12	202562
2014-01-13	242258
2016-01-05	222158
2015-10-13	244747
2014-01-12	256293
2016-01-06	227765
2015-10-10	260072
2016-01-07	242599
2015-10-11	228468
2016-01-01	185157
2015-07-27	213525
2014-12-08	259844
2014-01-19	255831
2016-01-02	174726
2015-07-26	206362
2014-12-09	275151
2014-01-18	275623
2016-01-03	181607
2015-10-30	276808
2015-07-25	226037
2013-03-30	240712
2015-10-31	272447
2015-07-24	253114
2013-03-31	217026
2015-07-23	259545
2015-10-18	247131
2015-07-22	250565
2015-10-19	233082
2014-12-02	272515
2015-11-08	248797
2016-01-08	259279
2014-01-31	313508
2015-07-21	238785
2014-12-03	272670
2014-01-30	302891
2016-01-09	262940
2015-11-09	229769
2015-07-20	229445
2014-12-01	236739
2014-12-06	293044
2014-12-07	269607
2015-11-02	219695
2014-12-04	283633
2015-11-03	236596
2014-12-05	298858
2015-01-18	258531
2015-07-29	261899
2015-01-19	213169
2015-11-01	240823
2015-07-28	243003
2014-09-20	277169
2015-11-06	271107
2014-09-21	231874
2015-11-07	276366
2014-09-22	230778
2015-11-04	254076
2014-09-23	242675
2015-11-05	266737
2014-09-24	250243
2014-09-25	255919
2015-01-10	315590
2016-03-19	286018
2014-09-26	260560
2015-01-11	262096
2016-03-18	291684
2014-09-27	272029
2014-09-28	245099
2015-01-12	250021
2014-08-30	186824
2014-09-29	236413
2015-01-13	289384
2014-08-31	176236
2016-03-15	260224
2015-01-14	287538
2016-03-14	256009
2015-01-15	293540
2016-03-17	269987
2015-01-16	301707
2016-03-16	270792
2015-01-17	285441
2016-03-11	286519
2016-03-10	279806
2016-03-13	238024
2016-03-12	286297
2014-01-06	218597
2015-08-13	243781
2014-01-07	263139
2015-08-12	234598
2014-01-04	215142
2015-08-11	227616
2015-08-10	195763
2014-01-05	207808
2014-01-28	283900
2015-08-17	205912
2014-01-02	171291
2014-01-29	291710
2014-01-03	133014
2015-08-16	196445
2016-01-31	239559
2014-05-28	277307
2015-08-15	215630
2016-01-30	286895
2015-08-14	234748
2014-05-29	289846
2014-01-01	189444
2014-05-24	207457
2015-08-19	240790
2014-05-25	185638
2015-08-18	231982
2014-01-20	212850
2015-07-30	254181
2014-05-26	176154
2014-01-21	144382
2014-05-27	245407
2015-07-31	248502
2014-01-22	225303
2014-05-20	275471
2014-01-08	274916
2014-01-23	278927
2014-05-21	286257
2014-01-09	280222
2014-01-24	301332
2014-05-22	289577
2014-01-25	299751
2014-05-23	278501
2015-05-03	261280
2014-01-26	264392
2015-05-02	305587
2014-01-27	246740
2015-05-01	291024
2015-05-07	285122
2015-05-06	288567
2014-08-09	224642
2015-05-05	277079
2014-08-08	258072
2015-05-04	239531
2015-05-09	283005
2015-05-08	283851
2014-08-01	265832
2014-09-19	292878
2014-09-18	285020
2014-08-03	218543
2014-08-02	240426
2014-09-15	247576
2014-08-05	246384
2016-03-08	254174
2014-09-14	259863
2014-08-04	221837
2016-03-09	264093
2016-03-06	252728
2014-09-17	275412
2014-08-07	267560
2016-03-07	232758
2014-09-16	270785
2014-08-06	262119
2016-03-04	296204
2014-09-11	295213
2016-03-05	293235
2014-09-10	287325
2015-01-25	256621
2016-03-02	282056
2014-09-13	292969
2015-01-24	284182
2016-03-03	296753
2014-09-12	291521
2015-01-27	83223
2015-01-26	139227
2016-03-01	254896
2015-01-21	281105
2015-01-20	260471
2015-01-23	302465
2015-01-22	295987
2015-01-29	283341
2015-01-28	247493
2014-05-19	256997
2014-05-18	261143
2015-08-08	211446
2015-08-09	187639
2016-01-22	283817
2016-01-23	49668
2015-08-04	236301
2016-01-20	262552
2015-08-05	249867
2016-01-21	274839
2014-05-11	246616
2014-06-14	266112
2015-08-06	250736
2016-01-26	225921
2014-05-10	291041
2015-08-07	241322
2016-01-27	248904
2014-06-15	226236
2014-05-13	281480
2014-06-16	244077
2016-01-24	103577
2014-05-12	251842
2014-06-17	263774
2015-08-01	226927
2016-01-25	189200
2014-06-10	275291
2014-05-15	297983
2015-08-02	205449
2015-08-03	212339
2014-06-11	288444
2014-05-14	280922
2016-01-28	266041
2015-07-09	260048
2014-06-12	302035
2014-05-17	279217
2016-01-29	282972
2014-06-13	292431
2015-07-08	251009
2014-05-16	301225
2014-03-13	330559
2015-07-05	154927
2014-03-12	290777
2015-07-04	132004
2013-09-23	227877
2014-06-18	281410
2014-03-11	268562
2015-05-18	250833
2015-07-07	230466
2013-09-22	241375
2015-07-06	190318
2014-03-10	253708
2015-05-19	276978
2014-06-19	291732
2015-07-01	247460
2013-09-21	278344
2014-03-17	246322
2013-09-20	291341
2014-03-16	269888
2015-05-14	284709
2014-08-18	211593
2013-09-27	281064
2015-07-03	169184
2014-03-15	303300
2015-05-15	288990
2014-03-14	317286
2014-08-19	235417
2013-09-26	278805
2015-07-02	226954
2015-05-16	290590
2013-09-25	266024
2015-05-17	255450
2013-09-24	246963
2014-03-19	292730
2015-05-10	241423
2014-03-18	277925
2015-05-11	248046
2014-08-12	243526
2013-09-29	243387
2013-08-31	201679
2015-05-12	272542
2014-08-13	260357
2013-09-28	275679
2013-08-30	238529
2015-05-13	285419
2014-08-10	201438
2014-09-08	254488
2014-08-11	212623
2014-09-09	274095
2014-11-14	302870
2014-09-06	288240
2014-08-16	224865
2014-09-07	257534
2014-08-17	206145
2014-11-15	296382
2014-11-16	262189
2014-09-04	285073
2014-08-14	261772
2013-07-09	251556
2014-08-15	256919
2014-11-17	245117
2013-07-08	217703
2014-09-05	298172
2014-09-02	236679
2014-11-10	243443
2014-11-11	246760
2014-09-03	263885
2014-11-12	279355
2014-11-13	290965
2014-09-01	172300
2013-07-03	228090
2013-07-02	239689
2013-07-01	218495
2014-11-18	285544
2013-07-07	173928
2015-01-30	311839
2013-07-06	157941
2014-11-19	288246
2015-01-31	325953
2013-07-05	157617
2013-07-04	156901
2014-05-08	305281
2014-05-09	307459
2015-08-31	197067
2015-08-30	194989
2014-06-21	256301
2014-05-02	298248
2014-05-03	297943
2014-06-20	281894
2014-06-23	235157
2014-06-22	236927
2014-05-01	293967
2014-05-06	284599
2014-06-25	280205
2014-05-07	288764
2014-06-24	261057
2014-06-09	254787
2014-06-27	277861
2014-05-04	261846
2014-06-26	293819
2014-06-08	235802
2014-05-05	264344
2015-05-29	277223
2014-06-29	219765
2015-07-18	238097
2015-05-28	277708
2015-07-19	235797
2014-06-28	259167
2015-07-16	257730
2015-07-17	227227
2014-06-03	272411
2015-07-14	246459
2014-06-02	245477
2015-07-15	262979
2015-07-12	218544
2014-06-01	240339
2014-03-08	304999
2014-03-09	260968
2015-07-13	215548
2015-05-21	287275
2013-08-20	235762
2014-06-07	270233
2015-07-10	250163
2015-05-20	283827
2015-07-11	241160
2014-06-06	284493
2013-08-21	252480
2014-03-04	297726
2013-08-22	265616
2015-05-23	210578
2014-06-05	301770
2014-03-05	306343
2013-08-23	249831
2015-05-22	256250
2014-06-04	290528
2015-05-25	173483
2014-03-06	318479
2013-08-24	223559
2014-03-07	320771
2015-05-24	181213
2013-08-25	200536
2013-08-26	207363
2015-05-27	264154
2013-08-27	230591
2014-03-01	311645
2015-05-26	238576
2013-08-28	246274
2013-09-30	232758
2014-03-02	263016
2013-08-29	252813
2014-03-03	270326
2014-11-21	303912
2014-11-20	281640
2016-02-23	273565
2014-11-23	248621
2016-02-22	234484
2014-11-22	299448
2016-02-21	246804
2014-11-25	244571
2016-02-20	278359
2014-11-24	234015
2014-11-09	259195
2016-02-27	287894
2014-11-27	145696
2014-11-08	296612
2016-02-26	297216
2014-11-26	240026
2014-11-29	200533
2016-02-25	289067
2014-11-28	165157
2016-02-24	279483
2014-11-03	243190
2015-12-09	263766
2016-02-29	234223
2014-11-02	252039
2016-02-28	241061
2015-12-08	255448
2014-11-01	317873
2013-07-14	226440
2014-11-07	291645
2013-07-15	238981
2014-11-06	295633
2015-12-03	274719
2013-07-16	259881
2014-11-05	279732
2015-12-02	255302
2015-06-30	236521
2013-07-17	279147
2014-11-04	257524
2015-08-28	225998
2013-07-10	265404
2015-12-01	247961
2015-08-29	208563
2013-07-11	281539
2015-12-07	241606
2013-07-12	279888
2015-12-06	252429
2013-07-13	241022
2015-12-05	279942
2015-12-04	280510
2015-08-22	207335
2015-08-23	185374
2015-08-20	247101
2013-07-18	291976
2015-08-21	235349
2013-07-19	283952
2014-06-30	229985
2015-08-26	226128
2015-08-27	234267
2015-08-24	192223
2015-08-25	217337
2013-09-09	251629
2013-09-08	248630
2014-03-31	251830
2015-05-30	271617
2014-03-30	261162
2015-05-31	224859
2013-09-01	176621
2013-08-19	210928
2013-08-18	198213
2013-09-03	231381
2013-09-02	166232
2013-08-15	265578
2013-09-05	261019
2013-08-14	255086
2013-09-04	252414
2013-08-17	218881
2013-09-07	271270
2013-08-16	243668
2013-09-06	281323
2014-11-30	206031
2013-08-11	99911
2013-08-10	221785
2013-08-13	250433
2013-08-12	212845
2013-01-29	266007
2013-01-28	245819
2013-01-23	284750
2013-07-21	215049
2013-01-22	273178
2013-07-20	248798
2013-01-21	202410
2013-07-23	259582
2013-07-22	237797
2013-01-20	230928
2013-07-25	277985
2013-01-27	248775
2013-07-24	267808
2013-01-26	289420
2016-04-03	256810
2013-07-27	231069
2013-01-25	292203
2016-04-02	289927
2013-07-26	264649
2013-01-24	286351
2013-07-29	219328
2015-06-24	263158
2016-04-01	275687
2015-06-25	269180
2013-07-28	213431
2015-12-14	242325
2015-06-26	268192
2016-04-07	283158
2015-12-15	266902
2015-06-27	267282
2016-04-06	275460
2015-12-16	282501
2015-06-20	246268
2016-04-05	272692
2015-12-17	285071
2015-06-21	216818
2016-04-04	250974
2015-12-10	274384
2015-06-22	231367
2015-12-11	282891
2015-06-23	258798
2016-04-09	298467
2015-12-12	276415
2016-04-08	296635
2015-12-13	238282
2015-06-28	210369
2015-06-29	219962
2015-12-18	304609
2015-12-19	288220
2014-03-28	306258
2014-03-29	318704
2013-09-18	279591
2013-09-19	288596
2014-03-22	295148
2014-03-23	269360
2013-09-12	292161
2014-03-20	301742
2013-09-13	294906
2014-03-21	303082
2013-09-10	275989
2014-03-26	303042
2013-08-08	244700
2013-09-11	290292
2014-03-27	307318
2013-08-09	264852
2013-08-06	247273
2013-09-16	247802
2014-03-24	256176
2013-08-07	262318
2013-09-17	266152
2014-03-25	276868
2013-08-04	102522
2013-09-14	268572
2013-08-05	215586
2013-09-15	247534
2016-02-09	253420
2013-08-02	128754
2016-02-08	231233
2013-08-03	114007
2013-08-01	176896
2016-02-01	230437
2016-02-03	260297
2016-02-02	250761
2013-02-13	294184
2016-02-05	279325
2013-02-12	279672
2016-02-04	275010
2013-02-11	250121
2016-02-07	251272
2013-02-10	245463
2016-02-06	281011
2013-07-30	245166
2013-02-17	249493
2013-07-31	259935
2013-02-16	265346
2013-02-15	286885
2013-02-14	294416
2015-06-11	283684
2013-02-19	247516
2015-06-10	273224
2013-02-18	209761
2015-12-21	212991
2015-06-13	252243
2016-04-18	235313
2015-12-20	237751
2015-06-12	278203
2016-04-19	256322
2013-06-17	231714
2015-06-15	235352
2015-12-23	203535
2013-01-30	272469
2013-06-16	214477
2015-12-22	220914
2013-01-31	300127
2015-06-14	228434
2016-04-14	284462
2013-06-15	249852
2015-12-25	89717
2015-06-17	275808
2016-04-15	291600
2013-06-14	281068
2015-12-24	160081
2015-06-16	259915
2015-06-19	273946
2016-04-16	293563
2013-06-13	295992
2015-12-27	139559
2015-06-18	280028
2016-04-17	258126
2013-06-12	271922
2015-12-26	116518
2015-12-29	171926
2016-04-10	257916
2013-06-11	263361
2015-12-28	159766
2016-04-11	236963
2013-06-10	251279
2016-04-12	267413
2016-04-13	270906
2013-06-19	274904
2013-06-18	260262
2016-02-18	280622
2016-02-19	283863
2014-07-17	275301
2014-07-16	271419
2014-07-15	259915
2014-07-14	239451
2016-02-12	293910
2014-07-13	228861
2016-02-13	286122
2014-07-12	243903
2016-02-10	273321
2014-07-11	267190
2016-02-11	298027
2014-07-10	274511
2016-02-16	243483
2015-04-30	289778
2016-02-17	262042
2016-02-14	256957
2016-02-15	227090
2013-02-08	234835
2013-02-09	206521
2014-07-19	241393
2015-04-19	273458
2015-04-18	305739
2014-07-18	268704
2015-04-17	298609
2016-04-29	278059
2013-02-04	250042
2015-04-16	293696
2016-04-28	275223
2013-02-05	270626
2015-06-02	273012
2013-01-01	164021
2013-02-06	286647
2015-04-15	276236
2015-06-03	275462
2015-04-14	265331
2013-02-07	302854
2013-01-03	209468
2015-04-13	232881
2015-06-01	254065
2013-01-02	174658
2013-02-01	311148
2015-04-12	248475
2013-01-05	227022
2015-12-30	179032
2015-06-06	267298
2013-02-02	296005
2015-04-11	286974
2013-06-01	269510
2013-01-04	234629
2015-12-31	189142
2015-06-07	243382
2013-02-03	255609
2015-04-10	292988
2016-04-21	268737
2013-06-02	231420
2015-06-04	285435
2013-01-07	209545
2013-06-03	244591
2015-06-05	285193
2016-04-20	270977
2013-01-06	200390
2013-01-09	246522
2014-10-17	292899
2016-04-23	248355
2013-06-04	263886
2014-10-16	295589
2016-04-22	257848
2013-06-05	278185
2013-01-08	234606
2015-09-07	166593
2014-10-15	274918
2016-04-25	219320
2015-06-08	244712
2013-06-06	282901
2015-09-06	160763
2014-10-14	257972
2015-06-09	261989
2016-04-24	230787
2013-06-07	292274
2013-06-08	248802
2015-09-05	178822
2014-10-13	222919
2016-04-27	255465
2013-06-09	227742
2015-09-04	217932
2014-10-12	243741
2016-04-26	251584
2015-09-03	238575
2014-10-11	282339
2015-09-02	233732
2014-10-10	290372
2015-09-01	221423
2014-10-19	264087
2014-10-18	289049
2015-09-09	255842
2015-09-08	235185
2015-03-23	246390
2015-03-22	263778
2015-03-21	284636
2015-03-20	289460
2015-03-27	297881
2015-03-26	278223
2013-12-29	180903
2015-03-25	278616
2013-12-28	168766
2015-03-24	266695
2015-03-29	260193
2014-07-01	259273
2015-03-28	311526
2013-12-23	185916
2014-07-02	255954
2013-12-22	197863
2014-07-03	235424
2015-04-26	259255
2013-12-21	246338
2014-07-04	156941
2015-04-27	247836
2013-12-20	292004
2014-07-05	146439
2015-04-24	300975
2013-12-27	164757
2014-07-06	161687
2015-04-25	295358
2013-12-26	135848
2014-07-07	211326
2015-04-08	280955
2014-07-08	253067
2015-04-22	280829
2013-12-25	97946
2014-07-09	266512
2015-04-09	294146
2015-04-23	301280
2013-12-24	162490
2015-04-20	250347
2015-04-21	274721
