2016	10	-73.96566610085145	40.76845489085491	432244
2016	10	-73.9571384070408	40.78026174319427	396235
2016	9	-73.96566610085145	40.76845489085491	386977
2016	10	-73.97734961192178	40.75775153309567	372269
2016	10	-73.99199925311179	40.748583638891645	371034
2016	10	-73.97262471084912	40.756515915643114	350427
2016	10	-73.98648685749448	40.72675807770222	350290
2016	9	-73.9571384070408	40.78026174319427	349394
2016	10	-73.99013086806588	40.739308479749106	344762
2016	9	-73.99199925311179	40.748583638891645	343885
2016	10	-73.99074397215337	40.76139689885702	340972
2016	10	-73.97830327682253	40.74747139423969	336389
2016	10	-73.9843133161455	40.75960556762614	335293
2016	9	-73.97734961192178	40.75775153309567	329711
2016	9	-73.99013086806588	40.739308479749106	323089
2016	9	-73.97262471084912	40.756515915643114	322709
2016	9	-73.97830327682253	40.74747139423969	322388
2016	9	-73.99074397215337	40.76139689885702	321362
2016	9	-73.98648685749448	40.72675807770222	319656
2016	9	-73.9843133161455	40.75960556762614	313579
2016	10	-73.98229601411462	40.77131254922938	310957
2016	10	-73.97875698987765	40.76555933613292	286326
2016	10	-73.98317027789774	40.78478970557727	271255
2016	9	-73.98229601411462	40.77131254922938	271088
2016	10	-73.98426925439756	40.73670500717268	269996
2016	10	-74.00055337889758	40.748249390136216	264669
2016	10	-73.87282129707359	40.77462586408556	264309
2016	9	-74.00055337889758	40.748249390136216	261307
2016	9	-73.97875698987765	40.76555933613292	258544
2016	10	-73.78374507812481	40.63906690227923	256951
2016	9	-73.78374507812481	40.63906690227923	256421
2016	10	-73.98474780425762	40.74853079885455	256175
2016	10	-73.96011273016458	40.76561878854321	255754
2016	9	-73.98426925439756	40.73670500717268	254294
2016	9	-73.87282129707359	40.77462586408556	251410
2016	9	-73.98474780425762	40.74853079885455	244091
2016	9	-73.98317027789774	40.78478970557727	241393
2016	10	-74.00308129468493	40.733809567733246	235043
2016	9	-73.96011273016458	40.76561878854321	230413
2016	9	-74.00308129468493	40.733809567733246	218813
2016	10	-74.00988010171434	40.71884680749458	210574
2016	10	-73.96428398961709	40.75578316054413	205779
2016	9	-74.00988010171434	40.71884680749458	204884
2016	10	-73.99678865991638	40.74218759174197	203778
2016	10	-73.97406641566637	40.792386359926226	202736
2016	10	-73.988716016344	40.75338526573908	201204
2016	9	-73.99678865991638	40.74218759174197	192848
2016	10	-73.95019875457432	40.779018625064374	192403
2016	9	-73.988716016344	40.75338526573908	192106
2016	10	-73.95572006142395	40.76390559574341	187658
2016	9	-73.96428398961709	40.75578316054413	186320
2016	9	-73.97406641566637	40.792386359926226	183744
2016	10	-73.99420246870211	40.731906121712846	178774
2016	9	-73.95572006142395	40.76390559574341	174246
2016	10	-73.99121831482235	40.718265965656684	173997
2016	9	-73.95019875457432	40.779018625064374	170982
2016	9	-73.99420246870211	40.731906121712846	167130
2016	9	-73.99121831482235	40.718265965656684	162839
2016	10	-73.99696399788944	40.72763357430801	158989
2016	9	-74.0081109551943	40.750103658041816	157822
2016	10	-74.0081109551943	40.750103658041816	154274
2016	9	-73.99696399788944	40.72763357430801	145503
2016	10	-73.96649777643309	40.78150580426938	141166
2016	9	-74.0104859396036	40.73689504752434	139994
2016	10	-73.96956400079316	40.746297891195965	139958
2016	10	-74.0104859396036	40.73689504752434	136590
2016	10	-73.94348894313167	40.77836163804103	136278
2016	9	-73.96649777643309	40.78150580426938	131717
2016	10	-73.97382138747678	40.737883537840275	130538
2016	10	-73.99667510753075	40.720969107395135	130099
2016	9	-73.96956400079316	40.746297891195965	128378
2016	9	-73.99667510753075	40.720969107395135	123230
2016	9	-73.97382138747678	40.737883537840275	122885
2016	9	-73.94348894313167	40.77836163804103	119817
2016	10	-73.9974739348322	40.767836373196715	116903
2016	10	-73.99006537679489	40.77639293910407	113858
2016	9	-73.9974739348322	40.767836373196715	106459
2016	9	-73.99006537679489	40.77639293910407	103446
2016	10	-74.0173255680414	40.709417921426066	102821
2016	9	-74.0173255680414	40.709417921426066	100453
2016	10	-73.97100999009571	40.79937579585013	93705
2016	9	-74.00219048757903	40.72351017279662	93604
2016	10	-74.00219048757903	40.72351017279662	92339
2016	9	-73.97100999009571	40.79937579585013	85587
2016	10	-74.00555029611867	40.70463099312023	85362
2016	9	-74.00555029611867	40.70463099312023	84990
2016	10	-73.94187940211026	40.7882544466308	68157
2016	10	-74.01398313372826	40.707454422052784	64758
2016	9	-73.94187940211026	40.7882544466308	63416
2016	9	-74.00891582048976	40.725758808689264	62942
2016	10	-74.00891582048976	40.725758808689264	61513
2016	9	-74.01398313372826	40.707454422052784	59347
2016	10	-73.96361259391962	40.810669741442545	56088
2016	9	-73.96361259391962	40.810669741442545	53615
2016	10	-74.01181055417634	40.70127155275581	42547
2016	9	-74.01181055417634	40.70127155275581	42109
2016	10	-73.95057332048351	40.803354855119316	37785
2016	10	-73.93401190006676	40.8045880403174	36069
2016	9	-73.93401190006676	40.8045880403174	35952
2016	9	-73.95057332048351	40.803354855119316	35922
2016	10	-73.97432499842307	40.731620625537914	34374
2016	10	-73.97520913908242	40.72385203451761	33291
2016	10	-73.96773924279964	40.802945519521366	32074
2016	9	-73.97432499842307	40.731620625537914	30900
2016	9	-73.97520913908242	40.72385203451761	30241
2016	9	-73.96773924279964	40.802945519521366	29754
2016	10	-73.99804922532986	40.711567290008425	25272
2016	9	-73.99804922532986	40.711567290008425	25036
2016	10	-73.98295433294447	40.713592772282354	22455
2016	10	-74.00226656916917	40.70827191810186	21666
2016	9	-73.98295433294447	40.713592772282354	21263
2016	9	-74.00226656916917	40.70827191810186	20981
2016	10	-73.91936520832239	40.76143174616341	20454
2016	10	-73.92583688356599	40.72699883028978	19988
2016	9	-73.9616725255054	40.71965030439586	19314
2016	9	-73.91936520832239	40.76143174616341	19103
2016	10	-73.9616725255054	40.71965030439586	18363
2016	9	-73.92583688356599	40.72699883028978	17245
2016	10	-73.93707478357955	40.82638312567389	17225
2016	9	-73.9852380434224	40.69586944235537	17119
2016	9	-73.93707478357955	40.82638312567389	16918
2016	10	-73.9852380434224	40.69586944235537	16415
2016	9	-73.96294035955341	40.71073470276559	15183
2016	10	-73.96294035955341	40.71073470276559	15163
2016	10	-73.9806703934305	40.670744298055396	15050
2016	9	-73.9806703934305	40.670744298055396	14161
2016	9	-73.99550146410546	40.69696320957912	13972
2016	9	-73.95488109139394	40.742514418326955	13199
2016	9	-73.98592948846881	40.68658662149049	13166
2016	10	-73.99550146410546	40.69696320957912	13021
2016	10	-73.95488109139394	40.742514418326955	12713
2016	10	-73.9507274013453	40.82791863756133	12325
2016	10	-73.98592948846881	40.68658662149049	12101
2016	9	-73.9507274013453	40.82791863756133	12029
2016	10	-73.93579087136813	40.75311874220888	11944
2016	10	-73.97761247642961	40.69157546373733	11447
2016	10	-73.94325618827071	40.842848633686096	11389
2016	9	-73.97761247642961	40.69157546373733	11175
2016	9	-73.93579087136813	40.75311874220888	10924
2016	9	-73.95613233701494	40.81963888374809	10580
2016	10	-73.95613233701494	40.81963888374809	10509
2016	9	-73.94325618827071	40.842848633686096	10160
2016	9	-73.95051608306443	40.734390316020324	8442
2016	9	-73.9308221754981	40.71504973973919	8412
2016	10	-73.95051608306443	40.734390316020324	8283
2016	10	-73.9308221754981	40.71504973973919	8279
2016	10	-73.89569986246272	40.78207726098457	7565
2016	9	-73.99623990380073	40.68651891698219	7328
2016	10	-73.90590761869926	40.74643738324725	7263
2016	10	-73.93012319910801	40.77239388995934	7235
2016	9	-73.99662565139855	40.67789840936891	7173
2016	10	-73.99623990380073	40.68651891698219	7030
2016	9	-73.89569986246272	40.78207726098457	6952
2016	10	-73.99662565139855	40.67789840936891	6802
2016	9	-73.90590761869926	40.74643738324725	6674
2016	9	-73.8871823197595	40.7594737539584	6473
2016	10	-73.8871823197595	40.7594737539584	6424
2016	9	-73.93012319910801	40.77239388995934	6414
2016	9	-73.98768666130725	40.70313165880852	6138
2016	10	-73.98768666130725	40.70313165880852	5401
2016	9	-73.96138233256399	40.690253420153454	5256
2016	10	-73.96138233256399	40.690253420153454	5109
2016	10	-73.92392088120742	40.695463215065125	5107
2016	9	-73.92392088120742	40.695463215065125	4684
2016	9	-74.01547735215907	40.70209002214725	4478
2016	10	-73.93909325225279	40.76274140184199	4391
2016	10	-74.01547735215907	40.70209002214725	4163
2016	9	-73.93909325225279	40.76274140184199	4097
2016	9	-73.95031627801409	40.69239790004899	3985
2016	10	-73.95031627801409	40.69239790004899	3787
2016	9	-73.96813111080476	40.676707418526334	3735
2016	10	-73.96813111080476	40.676707418526334	3698
2016	9	-73.93557968023214	40.67512176158311	3443
2016	10	-73.87952035885436	40.73720495728154	3431
2016	10	-73.93557968023214	40.67512176158311	3380
2016	9	-73.87952035885436	40.73720495728154	3313
2016	10	-73.93751959668954	40.85737174443556	2665
2016	9	-73.84589639802697	40.74751819188833	2651
2016	10	-73.91683446476537	40.69925884656183	2617
2016	9	-73.91683446476537	40.69925884656183	2457
2016	10	-73.99187385814413	40.67382207700142	2422
2016	9	-73.93751959668954	40.85737174443556	2336
2016	9	-73.99187385814413	40.67382207700142	2293
2016	9	-73.79031785722644	40.6779297335769	2223
2016	10	-73.79031785722644	40.6779297335769	2111
2016	9	-73.92407647421234	40.83023206642835	2020
2016	9	-73.84478859714342	40.721277891328675	1862
2016	10	-73.91207023034907	40.804258295647806	1852
2016	9	-73.91207023034907	40.804258295647806	1835
2016	10	-73.92407647421234	40.83023206642835	1735
2016	10	-73.84478859714342	40.721277891328675	1733
2016	10	-73.93046987385092	40.68873627566009	1710
2016	9	-73.89288080114177	40.737890168478515	1659
2016	10	-73.89288080114177	40.737890168478515	1653
2016	9	-73.93046987385092	40.68873627566009	1649
2016	9	-73.86587126722017	40.7632722457688	1629
2016	10	-73.84589639802697	40.74751819188833	1590
2016	10	-73.94809145769604	40.658741026366926	1567
2016	9	-73.94809145769604	40.658741026366926	1526
2016	10	-74.01194745949105	40.655477451369904	1462
2016	10	-73.86587126722017	40.7632722457688	1457
2016	9	-74.01303183110433	40.67444582178897	1262
2016	9	-74.01194745949105	40.655477451369904	1235
2016	9	-73.95803781060285	40.704055720977784	1220
2016	10	-73.96209902155194	40.636980558552246	1210
2016	9	-73.96209902155194	40.636980558552246	1164
2016	10	-73.91748494236606	40.8625939371929	1160
2016	10	-74.01303183110433	40.67444582178897	1110
2016	10	-73.86395863573817	40.726169412792586	1085
2016	9	-73.79052785724016	40.706136795449524	1068
2016	10	-73.95803781060285	40.704055720977784	1060
2016	10	-73.79052785724016	40.706136795449524	1015
2016	9	-73.91748494236606	40.8625939371929	1014
2016	10	-73.92573929154433	40.79182735920413	971
2016	9	-73.86395863573817	40.726169412792586	941
2016	10	-73.79207254041589	40.694741874155675	928
2016	9	-73.79207254041589	40.694741874155675	923
2016	9	-73.92573929154433	40.79182735920413	867
2016	10	-74.17426992431926	40.69024225406202	847
2016	9	-74.17426992431926	40.69024225406202	795
2016	9	-73.8069844717253	40.71231241723243	785
2016	10	-73.8069844717253	40.71231241723243	782
2016	9	-74.00375097766931	40.68749069525936	768
2016	9	-73.95021036199309	40.76176176103274	727
2016	9	-73.81713169040682	40.676474980155604	724
2016	10	-74.00375097766931	40.68749069525936	706
2016	9	-73.97256954226803	40.66106014853401	696
2016	10	-73.94632905827605	40.66621542810381	695
2016	9	-73.94632905827605	40.66621542810381	652
2016	10	-73.97256954226803	40.66106014853401	651
2016	10	-73.81713169040682	40.676474980155604	645
2016	9	-73.82766241655312	40.760280014867064	634
2016	10	-73.77040444836062	40.66196005667327	625
2016	9	-73.77040444836062	40.66196005667327	609
2016	10	-73.82766241655312	40.760280014867064	588
2016	10	-73.95021036199309	40.76176176103274	563
2016	9	-73.97651009315194	40.6407326475988	537
2016	10	-73.97651009315194	40.6407326475988	536
2016	9	-73.90391740540798	40.7235019331647	521
2016	10	-73.91345162561348	40.819889469868244	519
2016	9	-73.83162079161302	40.70855356208471	513
2016	9	-73.9741757389051	40.702700825447224	505
2016	9	-73.91345162561348	40.819889469868244	503
2016	10	-73.9741757389051	40.702700825447224	481
2016	10	-74.02924599836523	40.625195055194496	476
2016	10	-73.90391740540798	40.7235019331647	474
2016	10	-73.90416809122738	40.707358534890076	472
2016	9	-73.90416809122738	40.707358534890076	465
2016	9	-74.02924599836523	40.625195055194496	461
2016	9	-73.9151315122855	40.83058154498387	439
2016	10	-73.9151315122855	40.83058154498387	438
2016	9	-73.97842662968712	40.65603316751499	436
2016	10	-73.97842662968712	40.65603316751499	436
2016	10	-73.83162079161302	40.70855356208471	436
2016	10	-73.86145904836529	40.75417821662625	415
2016	10	-73.87553756790315	40.65481859551199	406
2016	10	-73.89765340538192	40.76376395362553	402
2016	9	-73.85660851824264	40.74079028100026	402
2016	9	-73.89765340538192	40.76376395362553	393
2016	9	-73.86145904836529	40.75417821662625	385
2016	10	-73.85660851824264	40.74079028100026	382
2016	9	-73.82909615810327	40.695484392594764	348
2016	9	-73.87553756790315	40.65481859551199	347
2016	10	-73.82909615810327	40.695484392594764	346
2016	10	-73.9518880918189	40.64579613742317	340
2016	9	-73.92626418672494	40.83793642726736	330
2016	9	-73.91202957437875	40.67706718980121	306
2016	9	-73.88297649702552	40.71934368140179	302
2016	10	-73.91202957437875	40.67706718980121	301
2016	9	-73.9518880918189	40.64579613742317	299
2016	10	-73.92626418672494	40.83793642726736	269
2016	10	-73.90502062052	40.82566748023221	268
2016	9	-73.91032911284883	40.663989625990894	246
2016	9	-74.07219188298988	40.62045723031514	238
2016	9	-73.89170650673695	40.64248063326453	231
2016	9	-73.98795179697342	40.6307365536606	229
2016	9	-73.91204964282389	40.882293841998575	224
2016	10	-73.91204964282389	40.882293841998575	220
2016	10	-73.98795179697342	40.6307365536606	217
2016	10	-73.91032911284883	40.663989625990894	216
2016	10	-73.89170650673695	40.64248063326453	205
2016	9	-73.92937843906573	40.628120093550024	193
2016	9	-73.82087709647342	40.7278747158484	189
2016	9	-73.90502062052	40.82566748023221	185
2016	10	-73.92937843906573	40.628120093550024	181
2016	9	-73.9063590938635	40.84814724706415	181
2016	9	-73.95822179977635	40.62171441960849	177
2016	10	-73.88297649702552	40.71934368140179	173
2016	9	-74.08447405967503	40.618920795685874	172
2016	10	-73.82087709647342	40.7278747158484	170
2016	10	-74.08447405967503	40.618920795685874	170
2016	10	-73.92148204602576	40.65259304943211	168
2016	10	-73.95822179977635	40.62171441960849	164
2016	9	-73.91715853973676	40.854130824169644	161
2016	9	-73.84852878105772	40.67630622163458	158
2016	9	-73.8547319339448	40.68763939697024	156
2016	10	-73.97150445690585	40.617846071639235	155
2016	10	-73.8547319339448	40.68763939697024	154
2016	10	-73.9063590938635	40.84814724706415	153
2016	9	-73.92148204602576	40.65259304943211	150
2016	10	-73.91715853973676	40.854130824169644	149
2016	10	-73.93595746927315	40.642759152238156	145
2016	9	-74.00686327589621	40.63975098370523	144
2016	10	-73.84852878105772	40.67630622163458	143
2016	9	-73.93595746927315	40.642759152238156	139
2016	10	-73.88457286965775	40.680949920387846	138
2016	10	-73.8146528485005	40.74406014202359	135
2016	10	-73.92339597890177	40.77807621607815	135
2016	10	-73.90776125518627	40.865122930041	133
2016	9	-73.8146528485005	40.74406014202359	131
2016	9	-73.97150445690585	40.617846071639235	129
2016	9	-73.84737458680405	40.655354250649765	129
2016	9	-73.90047181818139	40.84321244743079	129
2016	9	-73.92339597890177	40.77807621607815	126
2016	10	-73.84737458680405	40.655354250649765	125
2016	10	-74.07219188298988	40.62045723031514	125
2016	10	-73.964729961346	40.598263763984036	125
2016	10	-73.8891293421912	40.80736259368002	125
2016	10	-74.00686327589621	40.63975098370523	125
2016	9	-73.89597195184487	40.875341099450196	123
2016	9	-73.99579856598584	40.60880434584958	120
2016	10	-73.99579856598584	40.60880434584958	118
2016	9	-73.90776125518627	40.865122930041	114
2016	10	-73.88938703542051	40.868875339165726	114
2016	9	-73.84923001851512	40.848512585205114	113
2016	10	-73.84496197941057	40.8343431231898	111
2016	9	-73.8053601462883	40.72835629692628	111
2016	9	-73.86816640746639	40.82796536872163	110
2016	10	-73.84923001851512	40.848512585205114	109
2016	9	-73.8948847549582	40.66711026454672	108
2016	10	-73.91181761045084	40.8745679308113	107
2016	10	-73.8812021472615	40.84378148881829	107
2016	10	-73.8948847549582	40.66711026454672	106
2016	10	-73.86816640746639	40.82796536872163	104
2016	9	-73.91181761045084	40.8745679308113	104
2016	10	-73.98796816416784	40.57538969680134	101
2016	9	-73.88457286965775	40.680949920387846	99
2016	10	-73.90047181818139	40.84321244743079	99
2016	10	-73.89597195184487	40.875341099450196	98
2016	9	-73.90818483328434	40.89894736862168	98
2016	9	-74.01504205213047	40.61743230926157	97
2016	9	-73.8812021472615	40.84378148881829	96
2016	10	-73.85863400014854	40.83709331661278	96
2016	10	-73.88201582192674	40.87866323291809	94
2016	10	-73.90818483328434	40.89894736862168	94
2016	9	-73.84496197941057	40.8343431231898	94
2016	9	-73.88938703542051	40.868875339165726	93
2016	9	-73.964729961346	40.598263763984036	93
2016	9	-73.8891293421912	40.80736259368002	92
2016	10	-73.8985657827021	40.81974189106117	91
2016	9	-73.88201582192674	40.87866323291809	90
2016	9	-73.8770653261814	40.70180124913894	90
2016	9	-73.8503657812453	40.81534881699602	86
2016	9	-73.77276165740079	40.67292989546794	86
2016	9	-73.8985657827021	40.81974189106117	82
2016	10	-73.8053601462883	40.72835629692628	82
2016	10	-73.77490176530972	40.73196472287279	81
2016	9	-73.85863400014854	40.83709331661278	81
2016	9	-73.8533299045507	40.75209182310473	79
2016	10	-73.92138028569659	40.87465474726506	78
2016	9	-73.85106168914523	40.78323849655401	77
2016	10	-73.85106168914523	40.78323849655401	77
2016	9	-73.74492481655751	40.64408992904625	77
2016	10	-73.8770653261814	40.70180124913894	76
2016	10	-73.81485148074105	40.82015835584214	76
2016	9	-73.9904398254559	40.59688490926427	75
2016	10	-73.96050742660996	40.57993316574125	74
2016	10	-73.87366183732	40.83486037970901	74
2016	10	-73.88536633828468	40.85893935156592	73
2016	10	-73.9904398254559	40.59688490926427	73
2016	9	-73.72887025748355	40.734680751658566	72
2016	10	-74.01504205213047	40.61743230926157	71
2016	10	-73.76797279709474	40.76281007047373	71
2016	9	-73.9019979373122	40.6132479952369	71
2016	10	-73.80758363365172	40.768049447964955	70
2016	10	-73.8503657812453	40.81534881699602	70
2016	9	-73.87366183732	40.83486037970901	69
2016	9	-73.77782465876606	40.719544426764585	68
2016	9	-73.94644386007424	40.605564363582836	67
2016	9	-73.85905575581398	40.882391394851204	67
2016	9	-73.93013731341512	40.59000292386387	66
2016	10	-73.85905575581398	40.882391394851204	65
2016	9	-73.96050742660996	40.57993316574125	65
2016	9	-73.92138028569659	40.87465474726506	64
2016	9	-73.74242935786906	40.7169284208632	64
2016	10	-73.89892608839283	40.858687808154826	64
2016	10	-73.8533299045507	40.75209182310473	63
2016	10	-73.77782465876606	40.719544426764585	63
2016	9	-73.88343084944654	40.83526632275791	62
2016	9	-73.81485148074105	40.82015835584214	62
2016	10	-74.00902263648833	40.6026910863197	62
2016	10	-73.9019979373122	40.6132479952369	62
2016	9	-73.89892608839283	40.858687808154826	62
2016	10	-73.77276165740079	40.67292989546794	61
2016	10	-73.74242935786906	40.7169284208632	61
2016	9	-73.80758363365172	40.768049447964955	61
2016	10	-73.72887025748355	40.734680751658566	60
2016	9	-73.98796816416784	40.57538969680134	60
2016	9	-73.85295549971732	40.85436838191218	59
2016	10	-73.81498842377012	40.79509588143129	58
2016	10	-73.93132310137676	40.84485976850459	58
2016	10	-73.88343084944654	40.83526632275791	57
2016	9	-73.81498842377012	40.79509588143129	55
2016	10	-73.74492481655751	40.64408992904625	53
2016	9	-73.93132310137676	40.84485976850459	52
2016	10	-73.85295549971732	40.85436838191218	52
2016	10	-73.87512432889373	40.86030899531087	52
2016	9	-73.88536633828468	40.85893935156592	51
2016	10	-73.94123022663499	40.58124624199197	51
2016	10	-73.85363535409333	40.90010592000297	50
2016	10	-73.93013731341512	40.59000292386387	50
2016	9	-73.98862026061636	40.58656126841018	49
2016	9	-73.76427302966833	40.69287426545239	49
2016	10	-73.94644386007424	40.605564363582836	49
2016	9	-73.85363535409333	40.90010592000297	49
2016	9	-73.87512432889373	40.86030899531087	46
2016	9	-73.77490176530972	40.73196472287279	44
2016	10	-73.83037085418049	40.87553084584152	43
2016	9	-73.94123022663499	40.58124624199197	43
2016	9	-74.00902263648833	40.6026910863197	42
2016	9	-73.83037085418049	40.87553084584152	41
2016	9	-73.87908488990625	40.89079849305591	41
2016	10	-73.80716917965277	40.75294397699368	40
2016	9	-73.75525883435358	40.74364477740033	39
2016	10	-73.8654155405947	40.86211468771955	38
2016	9	-73.84220244081517	40.76204411143636	37
2016	10	-73.98862026061636	40.58656126841018	36
2016	10	-74.07174661146719	40.60111661598011	36
2016	9	-74.07174661146719	40.60111661598011	35
2016	10	-73.74863431054196	40.76263443678513	35
2016	10	-73.84220244081517	40.76204411143636	34
2016	9	-73.80716917965277	40.75294397699368	33
2016	9	-73.76797279709474	40.76281007047373	33
2016	10	-73.79018878024546	40.750301271192754	33
2016	10	-73.75525883435358	40.74364477740033	33
2016	9	-74.1284282696368	40.58854765799688	32
2016	10	-73.88412959055219	40.64477466889247	31
2016	10	-73.87908488990625	40.89079849305591	30
2016	9	-73.91474360360804	40.5945636733951	30
2016	10	-73.91474360360804	40.5945636733951	29
2016	9	-73.84651017379906	40.86429264234963	29
2016	9	-73.79018878024546	40.750301271192754	28
2016	10	-73.76402106867462	40.71043301733775	28
2016	10	-73.76427302966833	40.69287426545239	27
2016	9	-73.74863431054196	40.76263443678513	27
2016	10	-73.84651017379906	40.86429264234963	27
2016	10	-73.71560770889532	40.746495703974915	25
2016	9	-73.8654155405947	40.86211468771955	25
2016	9	-73.71560770889532	40.746495703974915	25
2016	9	-73.86420988913835	40.69980381308148	24
2016	10	-73.86420988913835	40.69980381308148	24
2016	10	-73.7355307457652	40.69510329621855	24
2016	9	-74.09994011981743	40.64055626938868	23
2016	10	-73.99066291310984	40.653078204309274	23
2016	9	-73.7355307457652	40.69510329621855	22
2016	10	-73.77860663233544	40.7909936105807	21
2016	10	-73.83102472248069	40.881654464384845	21
2016	9	-73.83102472248069	40.881654464384845	20
2016	9	-73.88412959055219	40.64477466889247	20
2016	9	-73.77860663233544	40.7909936105807	20
2016	10	-73.7913166070844	40.596827297691156	20
2016	10	-73.74506762997525	40.676717208218484	18
2016	9	-73.83110437607331	40.849367519509464	18
2016	10	-73.83110437607331	40.849367519509464	18
2016	9	-73.74506762997525	40.676717208218484	16
2016	9	-74.01695859655565	40.69000960442	16
2016	9	-73.79654995611365	40.86223691535819	16
2016	9	-73.99066291310984	40.653078204309274	15
2016	9	-74.19051174084323	40.60462347672467	11
2016	10	-73.83824618390864	40.5787524677836	11
2016	9	-73.7913166070844	40.596827297691156	11
2016	10	-74.10462627133981	40.56889615068911	11
2016	10	-73.75755828702917	40.60271602933992	11
2016	10	-74.01695859655565	40.69000960442	10
2016	10	-74.09994011981743	40.64055626938868	9
2016	9	-74.12607396382654	40.616501846218796	9
2016	9	-73.75755828702917	40.60271602933992	9
2016	10	-73.81764329099832	40.61216178941573	9
2016	9	-73.76402106867462	40.71043301733775	9
2016	10	-74.10379653883692	40.632345746896036	8
2016	10	-74.19051174084323	40.60462347672467	8
2016	9	-74.17392370792388	40.640787027449676	8
2016	10	-73.79654995611365	40.86223691535819	7
2016	10	-73.89505122941975	40.837953832759624	7
2016	9	-73.81764329099832	40.61216178941573	7
2016	10	-74.1284282696368	40.58854765799688	7
2016	10	-74.07929456430271	40.58392389480981	6
2016	10	-74.17392370792388	40.640787027449676	6
2016	10	-74.12607396382654	40.616501846218796	6
2016	9	-73.89505122941975	40.837953832759624	6
2016	9	-73.83824618390864	40.5787524677836	6
2016	9	-73.78585151863363	40.850266085472946	5
2016	10	-74.19254791994244	40.520523301289614	5
2016	9	-73.89081952129114	40.56129758288277	5
2016	10	-74.12135871255789	40.5645533988562	5
2016	10	-74.13612872040149	40.632705195884974	5
2016	10	-74.23734770549169	40.52993855775979	4
2016	10	-73.82289622487299	40.60288116910245	4
2016	10	-73.89081952129114	40.56129758288277	4
2016	9	-74.19254791994244	40.520523301289614	3
2016	10	-74.14351636393708	40.54304980005666	3
2016	10	-73.78585151863363	40.850266085472946	3
2016	9	-74.10379653883692	40.632345746896036	3
2016	9	-74.10462627133981	40.56889615068911	3
2016	9	-74.07929456430271	40.58392389480981	3
2016	10	-74.20884553300544	40.5399226238468	3
2016	9	-73.81521508390547	40.843986819582994	3
2016	9	-74.13612872040149	40.632705195884974	3
2016	10	-73.81521508390547	40.843986819582994	2
2016	10	-74.18980222486604	40.55667727392537	2
2016	9	-74.14351636393708	40.54304980005666	2
2016	9	-74.20884553300544	40.5399226238468	2
2016	10	-74.20318074319329	40.56822786867806	1
2016	9	-73.82289622487299	40.60288116910245	1
2016	9	-74.12135871255789	40.5645533988562	1
2016	9	-74.23734770549169	40.52993855775979	1
