2015-04-01	5632575.39
2013-01-12	5768389.67
2015-04-02	5928265.2
2015-04-28	5262991.13
2013-01-13	5355382.68
2015-04-03	5526094.7
2015-04-29	5674896.38
2013-01-10	5738784.35
2015-04-04	5143694.37
2013-01-11	6081319.33
2015-04-05	4780737.33
2013-01-16	5857286.93
2015-04-06	4829167.18
2013-01-17	6093594.72
2015-04-07	5244805.2
2013-01-14	5169601.24
2013-01-15	5703349.14
2016-04-30	5218510.91
2014-10-01	5824196.6
2015-09-10	5624389.91
2013-01-18	6448413.59
2014-10-02	6054755.19
2015-09-11	5709483.13
2013-01-19	5841459.92
2014-10-03	6149317.17
2015-09-12	5527818.6
2014-10-04	5451419.19
2015-09-13	5030390.19
2014-10-05	5514238.25
2015-09-14	4521246.55
2014-10-06	5250849.84
2015-09-15	4954722.39
2014-10-07	5535837.21
2014-10-08	5906724.73
2016-05-19	5753845.32
2015-09-16	5518236.62
2014-10-09	6233032.8
2015-09-17	5738927.37
2013-06-30	5448572.68
2016-05-18	5478078.4
2016-05-17	5542885.77
2015-09-18	5872934.87
2015-09-19	5634693.66
2016-05-16	5114042.72
2016-05-15	5421606.46
2016-05-14	5599922.77
2016-05-13	5538982.2
2016-05-12	5607581.85
2016-05-11	5156873.94
2016-05-10	4930611.8
2015-02-20	6396951.74
2014-02-07	6453992.36
2015-02-21	5420898.56
2014-02-06	6138027.6
2014-02-05	4781371.68
2015-02-22	5034605.52
2015-02-23	5354927.46
2014-02-04	5495648.61
2014-02-03	4586997.03
2015-02-24	5609158.79
2015-02-25	5593235.03
2014-02-02	5486564.11
2013-11-13	6096478.36
2014-02-01	6228902.16
2015-02-26	5971761.05
2013-11-12	5864442.06
2015-02-27	6174997.64
2015-02-28	5946427.53
2013-11-11	5401593.76
2015-03-30	5031513.74
2013-11-10	6074999.51
2015-03-31	5484277.68
2013-11-17	5919021.53
2013-11-16	6546749.81
2013-11-15	6601712.6
2013-11-14	6410219.67
2014-02-09	5526219.61
2014-02-08	6302803.3
2013-11-19	5820411.19
2013-02-28	6340274.75
2013-11-18	5345149.63
2014-07-31	6003553.07
2013-04-30	5832323.18
2014-07-30	5672653.69
2013-12-30	5012724.3
2013-12-31	5246420.77
2013-02-22	6624069.2
2016-06-27	4745674.63
2016-06-26	4683507.76
2013-02-23	6581447.59
2013-02-20	5906876.92
2016-06-25	4993096.56
2014-04-29	5899676.9
2016-06-24	5281759.59
2013-02-21	6281544.78
2014-04-28	5531250.22
2014-04-27	6186110.17
2016-06-23	5187565.95
2013-02-26	5780399.68
2014-04-26	6654575.26
2013-02-27	6015591.23
2016-06-22	5023635.02
2014-04-25	6760808.17
2016-06-21	4685557.0
2013-02-24	5707586.35
2016-06-20	4450835.79
2014-04-24	6645039.91
2013-02-25	5359929.07
2014-04-23	6295842.15
2014-04-22	5738929.73
2014-04-21	5288084.74
2014-04-20	5419125.43
2016-05-08	4863993.91
2013-06-28	6509133.77
2016-05-09	4694042.53
2013-06-29	6077527.78
2013-06-26	6187998.02
2016-06-29	4795558.33
2013-06-27	6431769.85
2016-06-28	4523452.77
2013-10-07	5387571.6
2013-06-24	5436099.19
2015-09-29	4883132.97
2013-10-06	6002853.95
2013-06-25	5859023.46
2015-09-28	5122573.02
2013-10-05	6420016.28
2013-06-22	5791056.13
2013-10-04	6591391.17
2013-06-23	5563222.45
2015-09-25	4624750.15
2013-10-03	6361957.94
2013-06-20	6414081.19
2015-09-24	4197921.32
2013-10-02	5944460.29
2016-05-01	4895091.59
2013-06-21	6427833.67
2016-05-02	4718011.95
2014-10-31	6446559.06
2015-09-27	5192032.34
2013-10-01	5658021.92
2016-05-03	5203857.3
2014-10-30	6278448.62
2015-09-26	5507900.86
2016-05-04	5355641.68
2015-09-21	4774037.78
2016-05-05	5722109.17
2015-09-20	5184074.83
2015-09-23	4448981.57
2016-05-06	5839375.85
2015-09-22	4633228.31
2016-05-07	5286091.49
2015-03-09	5065331.59
2015-03-08	5355869.21
2013-10-09	6134417.38
2013-10-08	5758168.92
2014-02-10	5274799.97
2014-02-11	5899194.26
2014-02-12	6002683.28
2014-02-13	3633740.7
2015-03-01	4853667.72
2014-02-14	5991113.56
2015-02-19	5865696.02
2015-02-18	5446062.67
2014-02-15	5653452.88
2015-03-03	5153338.65
2014-02-16	5332526.74
2015-03-02	5050920.15
2014-02-17	4706159.78
2015-02-15	5414145.55
2014-02-18	5072240.0
2015-03-05	4348194.47
2015-02-14	6091036.53
2015-03-04	5482593.84
2014-02-19	5684144.92
2013-03-07	6324793.81
2015-02-17	4927382.3
2013-11-08	6867970.08
2015-03-07	6097062.72
2013-03-06	6034146.7
2015-02-16	4951803.33
2013-11-09	6590117.25
2015-03-06	6086295.51
2013-03-05	5819754.97
2015-02-11	5594034.24
2014-07-28	4709448.68
2013-03-04	5546523.92
2015-02-10	5167095.73
2014-07-29	5327795.19
2014-07-26	5517585.17
2013-11-04	5705643.32
2013-03-03	6064989.35
2015-02-13	6557860.54
2013-11-05	5768453.28
2013-03-02	6713062.95
2014-07-27	5179076.41
2015-02-12	5957732.61
2013-12-01	5277094.13
2013-11-06	6089108.77
2014-07-24	6027844.47
2013-03-01	6768294.76
2014-07-25	6005351.93
2013-11-07	6639126.27
2013-12-03	5885190.93
2014-07-22	5629624.79
2013-12-02	5595944.82
2014-07-23	5915435.18
2013-11-01	7158961.48
2013-04-28	5990474.56
2013-12-05	6454161.63
2013-11-02	6512778.58
2014-07-20	5173063.64
2013-11-03	6046719.97
2013-12-04	6152540.83
2013-04-29	5614703.94
2014-07-21	5107817.85
2016-06-30	6218599.72
2014-12-31	4621531.97
2013-12-07	6754487.47
2014-12-30	4740222.51
2013-12-06	6916726.48
2013-12-09	5692887.45
2013-04-24	6111518.83
2013-03-09	6687672.94
2013-12-08	6164358.84
2013-04-25	6612374.76
2013-03-08	6410318.25
2014-04-30	6348336.55
2013-04-26	6795139.64
2013-04-27	6562569.71
2013-04-20	6712895.44
2015-11-30	4676411.63
2013-04-21	6022959.89
2013-04-22	5556214.88
2013-04-23	6022604.1
2013-10-10	6553148.23
2014-10-28	5622056.96
2013-10-11	6713846.72
2014-10-29	5825379.13
2014-10-26	5800781.01
2013-10-12	6574923.86
2014-10-27	5293932.81
2013-10-13	6073707.01
2014-10-24	6511152.89
2013-10-14	5125378.76
2014-10-25	6230596.38
2013-10-15	5439574.33
2014-10-22	5995755.01
2013-10-16	6037192.87
2014-10-23	6337200.52
2013-10-17	6550841.23
2013-10-18	6765234.96
2014-10-20	5378505.9
2013-10-19	6687493.71
2014-10-21	5642007.11
2015-09-30	5237940.08
2015-03-18	5702916.23
2015-03-19	5832209.41
2016-05-31	4549836.54
2016-05-30	3546635.44
2013-05-05	6186929.18
2013-05-04	6611831.4
2015-03-12	5945527.67
2013-05-07	6035359.16
2015-03-13	6084521.0
2013-05-06	5846110.19
2014-02-28	6646273.1
2015-03-10	5373803.98
2013-05-01	6244885.5
2015-02-08	4966334.55
2015-03-11	5508628.31
2015-02-09	4405295.11
2015-02-06	5938914.94
2014-02-25	5596328.39
2015-03-16	4862782.2
2013-05-03	6842404.79
2014-02-24	5288878.42
2015-02-07	5622883.07
2015-03-17	5136989.97
2013-05-02	6569131.35
2013-03-10	5847480.81
2014-02-27	6259924.82
2015-02-04	5326350.01
2015-03-14	5854749.23
2013-03-11	5468583.65
2015-02-05	5701176.96
2014-02-26	5873966.23
2015-03-15	5230564.09
2015-02-02	3997751.31
2013-03-12	5937426.31
2014-02-21	6127732.06
2013-05-29	5972318.09
2014-02-20	5931899.47
2013-03-13	6355292.83
2015-02-03	5426649.67
2013-05-28	5637969.14
2013-05-27	4411530.65
2013-03-14	6911573.99
2013-05-09	6783937.7
2014-02-23	5538903.28
2013-03-15	6957656.75
2013-05-08	6409605.77
2015-02-01	5018806.55
2013-05-26	4771432.48
2013-11-30	5171177.54
2014-02-22	6231659.56
2013-04-19	6743566.8
2013-12-12	6815769.8
2013-05-25	5414077.92
2013-03-16	6855089.23
2013-12-13	7102797.57
2013-05-24	6455299.35
2013-03-17	6103832.93
2013-04-18	6568251.41
2013-03-18	5506186.06
2013-12-10	5831335.86
2013-05-23	6535016.1
2013-03-19	5659968.91
2013-12-11	6451998.97
2013-05-22	6451669.45
2013-12-16	5810266.63
2013-05-21	6368197.88
2013-12-17	5910193.61
2013-05-20	5965185.98
2013-12-14	6149067.55
2013-12-15	5686155.25
2013-04-11	6567172.13
2014-12-28	4301829.04
2013-04-10	6061720.62
2014-12-29	4305608.14
2013-04-13	6500137.21
2016-06-09	5511733.12
2013-12-18	6377378.1
2013-04-12	6870818.43
2013-12-19	6546362.91
2016-06-08	5337939.0
2014-12-24	4010220.3
2013-04-15	5671424.97
2014-12-25	2654928.85
2013-04-14	6139058.7
2016-06-05	4751857.97
2014-12-26	3492725.7
2015-11-28	4264658.06
2013-04-17	6156719.25
2016-06-04	5300056.36
2014-12-27	4228165.38
2015-11-29	4467297.17
2013-04-16	5849350.03
2016-06-07	5020479.84
2014-12-20	6122184.64
2016-06-06	4910376.45
2014-12-21	5207331.49
2014-04-05	6550662.22
2015-11-24	4921426.39
2016-06-01	5005171.45
2014-12-22	4744167.62
2015-11-25	4852784.96
2014-04-04	6709080.38
2014-12-23	4790603.01
2015-11-26	3056531.75
2014-04-07	5612216.94
2016-06-03	5358901.49
2015-11-27	3192091.01
2014-04-06	6055530.84
2016-06-02	5425965.99
2015-11-20	5805560.4
2014-04-01	5626865.17
2015-11-21	5406273.31
2015-11-22	4749070.97
2014-04-03	6354343.89
2015-11-23	4534585.21
2014-04-02	5988586.39
2013-10-29	5715364.88
2013-10-28	5460567.43
2013-10-25	6733742.61
2014-04-09	6060087.52
2016-03-31	5195595.59
2013-10-24	6601962.88
2014-04-08	5754065.54
2016-03-30	4945061.06
2013-10-27	6064039.39
2013-10-26	6521060.54
2016-05-26	5398893.83
2013-10-21	5513012.58
2016-05-27	4850113.94
2013-10-20	6161693.19
2016-05-24	4858544.41
2013-10-23	6205741.52
2016-05-25	5185299.43
2013-10-22	5774856.14
2016-05-22	4988982.07
2016-05-23	4602414.13
2013-05-16	6755257.93
2016-01-19	4815871.15
2016-05-20	5706678.89
2013-05-17	6956035.74
2016-01-18	4094510.15
2016-05-21	5653337.01
2013-05-14	6027604.58
2013-05-15	6308306.11
2013-05-12	5881089.79
2013-05-13	5732081.11
2016-01-13	4708237.47
2013-11-28	4059802.34
2013-05-10	6837856.25
2016-01-12	4399243.6
2013-11-29	4184724.26
2013-05-11	6357176.54
2016-01-11	4213788.75
2016-05-28	4083138.31
2016-01-10	4291673.06
2016-05-29	3814949.21
2015-10-05	4461081.03
2016-01-17	4586290.19
2015-10-04	4774518.6
2016-01-16	4917558.67
2013-05-30	6469263.16
2013-11-22	6648638.43
2015-10-07	5277367.76
2013-03-29	6209911.04
2016-01-15	5105057.2
2013-05-31	6640488.96
2015-10-06	4847000.38
2013-11-23	6586831.01
2013-03-28	6371162.05
2016-01-14	4940203.98
2013-11-20	6148448.83
2015-10-01	5503145.35
2013-05-18	6780866.04
2013-11-21	6378952.87
2013-05-19	6287260.53
2013-03-25	5188600.18
2013-04-08	5351688.86
2013-11-26	5732175.09
2015-10-03	4933465.04
2013-03-24	5805679.97
2013-04-09	5743439.22
2013-11-27	5400613.69
2015-10-02	5497490.01
2014-12-19	6662001.09
2013-03-27	5821145.74
2013-11-24	5915826.88
2014-12-18	6417050.91
2013-03-26	5505832.4
2013-11-25	5382282.07
2013-03-21	6148982.89
2015-10-29	5659505.71
2013-03-20	6005110.82
2015-10-28	5172070.79
2015-10-27	4971285.04
2013-04-02	5838956.81
2015-10-09	5606623.62
2013-03-23	6496426.67
2013-04-03	6214227.65
2015-10-26	4740820.99
2015-10-08	5593855.49
2013-03-22	6661639.23
2015-11-19	5464701.16
2015-10-25	5133351.52
2015-11-18	5259417.86
2013-04-01	5206677.17
2015-10-24	5762200.67
2014-12-11	6506601.43
2015-10-23	5811501.39
2013-04-06	6660656.79
2016-06-18	4735014.57
2014-12-10	5982841.57
2016-06-19	4363296.75
2013-04-07	6035899.69
2015-10-22	5618615.72
2016-06-16	5383129.71
2014-12-13	6405219.46
2015-10-21	5348808.09
2013-04-04	6556848.02
2016-06-17	5275904.05
2014-12-12	6802603.09
2015-10-20	5010845.94
2013-04-05	6775376.97
2016-06-14	4824851.92
2014-12-15	5345341.24
2016-06-15	5172539.63
2014-12-14	5746722.11
2014-08-23	5077602.97
2014-04-16	6123346.25
2016-06-12	4466575.19
2014-12-17	5939417.73
2015-11-11	5060234.42
2014-08-22	5514710.19
2014-04-17	6546213.85
2016-06-13	4568776.74
2015-11-10	5047241.33
2014-12-16	5632255.41
2014-04-14	5250228.03
2015-11-13	5684401.35
2014-08-21	5732016.63
2016-06-10	5599256.0
2015-11-12	5515360.17
2014-04-15	5707390.71
2014-08-20	5397375.78
2016-06-11	4856099.51
2014-08-27	5224996.44
2014-04-12	6534053.57
2015-11-15	5096394.09
2014-08-26	4877655.74
2015-11-14	5584297.1
2014-04-13	5979113.8
2016-03-20	5230853.31
2014-04-10	6449546.03
2014-08-25	4571256.61
2015-11-17	5037655.39
2015-11-16	4677690.35
2016-03-21	4393329.86
2014-04-11	6508172.27
2014-08-24	4907237.54
2016-03-22	4740298.95
2015-01-09	5365641.23
2016-03-23	4952173.27
2015-01-08	5266972.34
2015-01-07	4937239.89
2014-08-29	5347224.66
2016-03-24	5339507.88
2015-01-06	4546865.93
2014-08-28	5376014.38
2016-03-25	5070771.61
2014-09-30	5534102.69
2015-01-05	4435338.64
2016-03-26	4863647.32
2015-01-04	4177944.53
2016-03-27	4469154.76
2016-03-28	4407099.13
2015-01-03	4727354.88
2014-04-18	6210353.4
2016-03-29	4762582.31
2015-01-02	4181357.07
2014-04-19	5722575.0
2015-01-01	4852553.39
2013-10-30	6014881.63
2013-10-31	6194976.4
2014-01-15	5764711.11
2014-01-14	5418004.89
2015-10-16	5832289.34
2014-01-17	6101100.62
2015-10-17	5714876.54
2014-01-16	5902876.31
2015-10-14	5271361.33
2014-01-11	5742287.49
2014-05-31	6357281.51
2014-05-30	6517772.39
2015-10-15	5612531.85
2014-01-10	6006099.49
2016-01-04	3860452.05
2015-10-12	4408952.01
2014-01-13	4985849.07
2016-01-05	4120828.18
2015-10-13	5055128.8
2014-01-12	5480944.98
2016-01-06	4183362.43
2015-10-10	5556685.82
2016-01-07	4424680.3
2015-10-11	5164609.22
2016-01-01	4438441.02
2015-07-27	4589236.51
2014-12-08	5582307.07
2014-01-19	5395737.29
2016-01-02	3891024.31
2015-07-26	4574730.05
2014-12-09	5642940.11
2014-01-18	5767748.75
2016-01-03	3957785.57
2015-10-30	5899481.83
2015-07-25	4881360.31
2013-03-30	5878325.53
2015-10-31	5466633.75
2015-07-24	5323355.33
2013-03-31	5478345.13
2015-07-23	5401787.12
2015-10-18	5300819.97
2015-07-22	5271092.16
2015-10-19	4844208.18
2014-12-02	5687408.43
2015-11-08	5184656.7
2016-01-08	4718599.18
2015-07-21	4946825.32
2014-01-31	6463910.83
2014-12-03	5858126.92
2015-07-20	4877527.77
2016-01-09	4705683.28
2015-11-09	4703038.35
2014-01-30	6114896.05
2014-12-01	5419819.9
2014-12-06	6248939.88
2014-12-07	5865441.94
2015-11-02	4774665.71
2014-12-04	6208454.63
2015-11-03	4825848.96
2014-12-05	6490609.75
2015-01-18	4935077.9
2015-07-29	5220043.48
2015-01-19	4174882.78
2015-11-01	5319381.77
2015-07-28	4914484.28
2014-09-20	6270924.6
2015-11-06	5653420.4
2014-09-21	5725286.48
2015-11-07	5517445.51
2014-09-22	5366419.64
2015-11-04	5108368.02
2014-09-23	5432795.8
2015-11-05	5518322.31
2014-09-24	5486106.93
2014-09-25	5563208.75
2015-01-10	5849923.45
2016-03-19	5385873.87
2014-09-26	5856991.06
2015-01-11	5043480.87
2016-03-18	5707822.04
2014-09-27	6203976.11
2014-09-28	5733461.68
2015-01-12	4752048.3
2014-08-30	4690939.74
2014-09-29	5291294.09
2015-01-13	5334055.86
2014-08-31	4496389.09
2016-03-15	4881736.55
2015-01-14	5316394.99
2016-03-14	4821461.92
2015-01-15	5552679.88
2016-03-17	5370241.22
2015-01-16	5794971.17
2016-03-16	5224452.23
2015-01-17	5431275.85
2016-03-11	5520460.29
2016-03-10	5780681.0
2016-03-13	4788922.65
2016-03-12	5449696.56
2015-08-13	5080461.97
2014-01-06	4841794.18
2015-08-12	4898311.19
2014-01-07	5229618.73
2014-01-04	4879139.41
2015-08-11	4523341.14
2014-01-05	4730989.15
2015-08-10	4218258.97
2014-01-28	5478995.55
2015-08-17	4416408.35
2014-01-02	4196345.58
2014-01-29	5717056.85
2015-08-16	4422161.16
2014-01-03	3274862.27
2016-01-31	4589422.26
2014-05-28	6186662.97
2015-08-15	4706252.42
2016-01-30	5314933.18
2015-08-14	5056789.08
2014-05-29	6408730.76
2014-01-01	5382436.68
2014-05-24	5155788.98
2015-08-19	4936151.64
2014-05-25	4790412.34
2015-08-18	4738702.86
2014-01-20	4637628.11
2015-07-30	5333484.38
2014-05-26	4491768.96
2014-01-21	3423441.03
2014-05-27	5597264.3
2015-07-31	5602065.58
2014-01-22	4463323.11
2014-05-20	6233122.81
2014-01-08	5440869.26
2014-01-23	6000336.51
2014-05-21	6420120.9
2014-01-09	5668703.84
2014-01-24	6298318.61
2014-05-22	6556344.43
2014-01-25	5931663.11
2014-05-23	6463142.46
2015-05-03	5805121.21
2014-01-26	5432645.45
2015-05-02	6206770.39
2014-01-27	4974368.04
2015-05-01	6150362.74
2015-05-07	6030972.44
2015-05-06	5812944.21
2014-08-09	5240578.3
2015-05-05	5548189.39
2014-08-08	5743751.56
2015-05-04	5195634.68
2015-05-09	5827808.93
2015-05-08	6005856.64
2014-08-01	5905174.65
2014-09-19	6541938.21
2014-09-18	6267082.37
2014-08-03	5138917.0
2014-08-02	5417616.07
2014-09-15	5401674.02
2014-08-05	5360025.38
2016-03-08	4691317.54
2014-09-14	5843597.85
2014-08-04	5066505.78
2016-03-09	4956587.91
2016-03-06	4939648.82
2014-09-17	5949771.56
2014-08-07	5889251.81
2016-03-07	4489197.17
2014-09-16	5712926.99
2014-08-06	5622192.32
2016-03-04	5443686.98
2014-09-11	6087472.07
2016-03-05	5406950.08
2014-09-10	6062538.11
2015-01-25	4926123.98
2016-03-02	5029448.89
2014-09-13	6265746.11
2015-01-24	5112225.68
2016-03-03	5407154.86
2014-09-12	6405306.01
2015-01-27	1261094.79
2015-01-26	2743070.01
2016-03-01	4620699.41
2015-01-21	5120280.14
2015-01-20	4898565.01
2015-01-23	5748427.2
2015-01-22	5473209.92
2015-01-29	5465375.01
2015-01-28	4608372.87
2014-05-19	5903562.53
2014-05-18	6346650.66
2015-08-08	4562903.63
2015-08-09	4297267.19
2016-01-22	5132700.84
2016-01-23	932479.2
2015-08-04	4849536.7
2016-01-20	4810932.26
2015-08-05	5090193.24
2016-01-21	5090920.09
2014-05-11	5984724.99
2014-06-14	6037614.18
2015-08-06	5192299.86
2016-01-26	4722288.29
2014-05-10	6449860.17
2015-08-07	5088811.71
2016-01-27	4800259.48
2014-06-15	5435440.77
2014-05-13	6009964.0
2014-06-16	5467319.68
2016-01-24	1959376.55
2016-01-25	4217674.33
2014-06-17	5781008.15
2015-08-01	4947963.24
2014-05-12	5678963.1
2014-06-10	5931691.55
2014-05-15	6633784.2
2015-08-02	4577811.28
2015-08-03	4543785.63
2014-06-11	6243818.43
2014-05-14	6264776.64
2016-01-28	5031865.63
2015-07-09	5211935.53
2014-06-12	6566597.18
2014-05-17	6676985.78
2016-01-29	5259547.9
2014-06-13	6427440.36
2015-07-08	4968274.71
2014-05-16	6756115.82
2014-03-13	6548497.16
2015-07-05	3693696.38
2014-03-12	5958222.4
2015-07-04	3120884.21
2013-09-23	5485773.82
2015-05-18	5391742.6
2014-03-11	5645672.1
2014-06-18	6116878.8
2015-07-07	4677236.96
2013-09-22	6103657.03
2015-07-06	4111337.92
2014-03-10	5438306.11
2015-05-19	5854561.63
2014-06-19	6419702.09
2015-07-01	5019456.49
2013-09-21	6627719.77
2014-03-17	5424005.45
2013-09-20	6763383.67
2014-03-16	6030945.64
2015-05-14	6259339.76
2014-08-18	4863172.9
2013-09-27	6515862.66
2015-07-03	3716150.11
2014-03-15	6565235.13
2015-05-15	6349724.79
2015-07-02	4953133.44
2014-08-19	5092186.13
2013-09-26	6303774.12
2014-03-14	6678927.11
2015-05-16	6333224.56
2013-09-25	5984685.35
2015-05-17	5758800.53
2013-09-24	5605296.92
2014-03-19	5958919.04
2015-05-10	5325515.71
2014-03-18	5700840.46
2015-05-11	5255264.66
2014-08-12	5178881.37
2013-09-29	6012912.57
2013-08-31	5332976.92
2015-05-12	5658456.29
2014-08-13	5470127.43
2013-09-28	6558496.6
2013-08-30	5838955.9
2015-05-13	5996589.86
2014-08-10	4924059.82
2014-09-08	5563680.73
2014-08-11	4849713.4
2014-09-09	5810893.55
2014-09-06	6167568.41
2014-11-14	6429052.01
2014-08-16	5320449.5
2014-11-15	6305777.88
2014-08-17	5016356.14
2014-09-07	5706880.6
2014-09-04	6082557.82
2013-07-09	5612330.78
2014-11-16	5714060.38
2014-08-14	5756556.22
2014-11-17	5230644.24
2014-09-05	6345578.82
2013-07-08	5229735.76
2014-08-15	5791672.83
2014-11-10	5258523.7
2014-09-02	5199145.74
2014-11-11	5287015.5
2014-09-03	5634782.48
2014-11-12	5785530.8
2014-09-01	4228889.11
2014-11-13	6189695.71
2013-07-03	5366038.34
2013-07-02	5306319.98
2013-07-01	5231303.18
2013-07-07	4545033.11
2014-11-18	5832421.33
2015-01-30	5875205.11
2013-07-06	4185665.11
2014-11-19	6022571.85
2015-01-31	5914995.8
2013-07-05	4060054.42
2013-07-04	3903299.87
2014-05-08	6639339.88
2014-05-09	6736606.36
2015-08-31	4162626.92
2015-08-30	4381203.88
2014-05-02	6854871.65
2014-06-21	5900014.78
2014-06-20	6360304.06
2014-05-03	6728512.31
2014-06-23	5350886.55
2014-06-22	5658811.11
2014-05-01	6514310.87
2014-06-25	6054562.48
2014-05-06	6120054.29
2014-05-07	6322083.79
2014-06-24	5640057.87
2014-06-09	5770419.45
2014-05-04	6137023.61
2014-06-27	6330511.77
2014-06-08	5787938.5
2014-05-05	5942938.22
2014-06-26	6508519.82
2014-06-29	5417925.48
2015-05-29	5880532.71
2015-07-18	5013747.97
2015-05-28	5832799.54
2014-06-28	5907558.66
2015-07-19	5081720.56
2015-07-16	5451409.47
2015-07-17	4908042.21
2014-06-03	5860430.05
2015-07-14	4963529.5
2014-06-02	5546519.48
2015-07-15	5325036.59
2014-03-08	6596642.11
2014-06-01	6014375.39
2015-07-12	4728063.85
2014-03-09	5963651.28
2015-07-13	4552291.09
2013-08-20	5384774.47
2015-05-21	6080622.88
2014-06-07	6204428.9
2015-07-10	5205786.55
2015-05-20	6000687.46
2015-07-11	4985985.02
2014-06-06	6587750.13
2013-08-21	5690927.17
2014-03-04	5908683.94
2015-05-23	4767388.73
2013-08-22	5969442.44
2014-06-05	6561182.32
2014-03-05	6156680.53
2013-08-23	5911419.85
2015-05-22	5575875.34
2014-06-04	6173907.04
2013-08-24	5552894.02
2014-03-06	6569837.78
2015-05-25	4022345.86
2014-03-07	6744197.09
2013-08-25	5255761.78
2015-05-24	4248934.67
2013-08-26	4944505.57
2015-05-27	5480634.76
2015-05-26	5087469.92
2014-03-01	6570359.81
2013-08-27	5178253.36
2013-08-28	5547155.11
2013-09-30	5444287.15
2014-03-02	5674595.46
2013-08-29	5878106.44
2014-03-03	5230341.0
2014-11-21	6472838.15
2014-11-20	6174651.69
2016-02-23	5058779.9
2014-11-23	5326654.82
2016-02-22	4365532.81
2014-11-22	6239932.82
2016-02-21	4739650.51
2014-11-25	5497166.69
2016-02-20	5183337.04
2014-11-24	4923709.48
2014-11-09	5762973.37
2016-02-27	5232081.17
2014-11-27	3685963.28
2014-11-08	6385347.82
2016-02-26	5475270.96
2014-11-26	5240560.09
2014-11-29	4847825.37
2016-02-25	5389517.1
2014-11-28	3924675.56
2016-02-24	4941677.36
2014-11-03	5398131.41
2015-12-09	5413546.29
2016-02-29	4430117.82
2014-11-02	5526723.15
2016-02-28	4733956.27
2015-12-08	5174865.37
2014-11-01	6814474.08
2013-07-14	5487947.82
2014-11-07	6560110.21
2013-07-15	5485633.63
2014-11-06	6209531.38
2015-12-03	5670301.05
2013-07-16	5740937.63
2014-11-05	5872970.9
2015-12-02	5109409.1
2015-06-30	4828184.87
2013-07-17	6089354.72
2014-11-04	5439860.67
2015-08-28	4841305.54
2013-07-10	5860395.1
2015-12-01	5016263.69
2015-08-29	4545835.18
2013-07-11	6222673.92
2015-12-07	4921425.38
2013-07-12	6251985.75
2015-12-06	5194420.99
2013-07-13	5603886.76
2015-12-05	5643870.86
2015-12-04	5806080.56
2015-08-22	4526368.12
2015-08-23	4236801.94
2015-08-20	5121038.76
2013-07-18	6408460.31
2015-08-21	5063657.38
2013-07-19	6429378.46
2014-06-30	5209979.78
2015-08-26	4623758.87
2015-08-27	4977068.64
2015-08-24	4145729.48
2015-08-25	4433564.89
2013-09-09	5693300.71
2013-09-08	5929255.17
2014-03-31	5419478.66
2015-05-30	5717197.71
2014-03-30	5838285.18
2015-05-31	5178919.47
2013-09-01	4824173.41
2013-08-19	5148495.99
2013-08-18	5134197.07
2013-09-03	5383772.33
2013-09-02	4314146.68
2013-08-15	6075947.87
2013-09-05	5677314.52
2013-08-14	5698226.25
2013-09-04	5623955.18
2013-08-17	5560878.26
2013-09-07	6299062.37
2013-08-16	5968781.83
2013-09-06	6277119.06
2014-11-30	4997594.83
2013-08-11	2608461.32
2013-08-10	5448347.73
2013-08-13	5536801.12
2013-08-12	4979697.45
2013-01-29	5506525.66
2013-01-28	5227490.07
2013-07-21	5283812.41
2013-01-23	5909504.71
2013-07-20	5729671.45
2013-01-22	5668792.75
2013-01-21	4553907.69
2013-07-23	5769256.46
2013-07-22	5389205.94
2013-01-20	5356449.95
2013-01-27	5670524.27
2013-07-25	6193185.25
2013-01-26	6269035.81
2013-07-24	6013510.45
2016-04-03	4963239.6
2013-07-27	5603889.26
2013-01-25	6317264.79
2016-04-02	5421484.71
2013-01-24	6123009.45
2013-07-26	6097864.78
2013-07-29	5188373.92
2015-06-24	5509182.32
2016-04-01	5429929.22
2013-07-28	5256879.58
2015-06-25	5709365.49
2015-12-14	4710064.9
2015-06-26	6030524.49
2016-04-07	5373410.63
2015-12-15	5171362.63
2015-06-27	5763430.07
2016-04-06	5144761.87
2015-12-16	5477240.56
2015-06-20	5142638.07
2016-04-05	5183739.84
2015-12-17	5721975.99
2015-06-21	4788369.0
2016-04-04	4764849.08
2015-12-10	5727433.06
2015-06-22	4947354.13
2015-12-11	5965795.85
2015-06-23	5188519.56
2016-04-09	5471328.87
2015-12-12	5769628.65
2016-04-08	5687467.72
2015-12-13	5108544.47
2015-06-28	4773273.14
2015-06-29	4729612.35
2015-12-18	6073049.07
2015-12-19	5679705.55
2014-03-28	6509012.71
2014-03-29	6676153.55
2013-09-18	6183031.53
2013-09-19	6457731.55
2014-03-22	6434210.5
2014-03-23	6066168.57
2013-09-12	6561302.32
2014-03-20	6327150.29
2013-09-13	6791935.99
2014-03-21	6502874.78
2013-09-10	6080113.76
2014-03-26	6013275.27
2013-08-08	5393501.16
2013-09-11	6220480.24
2014-03-27	6369247.83
2013-08-09	6037664.92
2013-08-06	5456743.11
2013-09-16	5671798.7
2014-03-24	5406589.33
2013-08-07	5736855.6
2013-09-17	5954427.41
2014-03-25	5537209.14
2013-08-04	2599988.91
2013-09-14	6216477.76
2013-08-05	5081130.95
2013-09-15	5968248.0
2016-02-09	4427444.4
2013-08-02	2933232.11
2016-02-08	4162161.94
2013-08-03	2701560.14
2013-08-01	3798462.79
2016-02-01	4337999.74
2016-02-03	4598777.07
2016-02-02	4460785.24
2013-02-13	6242028.76
2016-02-05	4916987.25
2013-02-12	6014601.93
2016-02-04	4982530.42
2013-02-11	5473257.74
2016-02-07	4554606.12
2013-02-10	5487675.36
2016-02-06	5007256.74
2013-07-30	5398819.35
2013-02-17	5821716.36
2013-07-31	5749884.55
2013-02-16	6215394.81
2013-02-15	6574196.13
2013-02-14	6427857.22
2015-06-11	5921254.82
2013-02-19	5417057.06
2015-06-10	5640036.33
2013-02-18	4824330.82
2015-12-21	4299787.81
2015-06-13	5346271.11
2016-04-18	4730118.37
2015-12-20	4789948.69
2015-06-12	5862640.24
2016-04-19	4945790.37
2013-06-17	5484850.15
2013-01-30	5639803.49
2015-12-23	4363126.85
2015-06-15	4963796.31
2013-06-16	5461256.52
2015-12-22	4500425.92
2013-01-31	6286504.21
2015-06-14	5047257.34
2016-04-14	5559283.82
2013-06-15	6030210.07
2015-12-25	2446602.52
2015-06-17	5685990.02
2016-04-15	5724596.56
2013-06-14	6442628.59
2015-12-24	3536458.33
2015-06-16	5264084.87
2015-06-19	5728553.58
2016-04-16	5669496.41
2013-06-13	6487049.96
2015-12-27	5326792.33
2015-06-18	5716686.26
2016-04-17	5251752.02
2013-06-12	6229647.2
2015-12-26	3043372.03
2015-12-29	3934007.35
2016-04-10	5098176.81
2013-06-11	5905753.07
2015-12-28	3877297.32
2016-04-11	4613374.68
2013-06-10	5832767.54
2016-04-12	4956053.58
2016-04-13	5144588.56
2013-06-19	6199986.67
2013-06-18	5816303.13
2016-02-18	5170316.11
2016-02-19	5272612.15
2014-07-17	5993615.94
2014-07-16	5823403.62
2014-07-15	5481597.41
2014-07-14	5224260.82
2016-02-12	5796904.83
2014-07-13	5192448.09
2016-02-13	5205005.41
2014-07-12	5447602.25
2016-02-10	4802881.66
2014-07-11	5845299.33
2016-02-11	5390781.85
2014-07-10	5799598.66
2016-02-16	4864944.98
2015-04-30	6034666.89
2016-02-17	4891556.43
2016-02-14	4736944.89
2016-02-15	4211620.22
2013-02-08	4701680.84
2013-02-09	4238015.1
2015-04-19	5839060.04
2014-07-19	5412898.33
2014-07-18	5930724.16
2015-04-18	6366498.61
2015-04-17	6149704.02
2013-02-04	5348864.67
2016-04-29	5388348.7
2015-04-16	5983347.78
2013-02-05	5564883.92
2016-04-28	5263900.34
2013-01-01	5301831.68
2015-06-02	5561643.9
2013-02-06	5883329.17
2015-04-15	5622387.33
2015-06-03	5660733.57
2013-02-07	6461855.69
2015-04-14	5224015.54
2013-01-03	5092998.12
2015-04-13	5057352.02
2015-06-01	5358330.87
2013-01-02	4711214.52
2015-04-12	5324407.01
2013-02-01	6715950.83
2015-06-06	5586836.91
2015-12-30	4281030.95
2013-01-05	5358756.48
2013-02-02	6351694.53
2015-04-11	5917391.91
2013-06-01	6373761.39
2013-01-04	5391994.59
2015-12-31	4025061.78
2015-06-07	5431221.16
2015-04-10	5871900.26
2013-02-03	5515296.9
2016-04-21	5490685.14
2013-06-02	5835716.48
2015-06-04	6015523.65
2013-01-07	4749010.05
2013-06-03	5632102.55
2015-06-05	6025034.51
2016-04-20	5214913.37
2013-01-06	4853395.48
2014-10-17	6530443.25
2013-01-09	5263068.16
2016-04-23	4871515.62
2013-06-04	6012305.8
2013-01-08	5056443.06
2016-04-22	5336446.17
2013-06-05	6356750.71
2014-10-16	6283332.2
2015-09-07	3882881.75
2014-10-15	5904235.97
2016-04-25	4338705.0
2015-06-08	5190683.65
2013-06-06	6656820.48
2015-06-09	5364315.52
2014-10-14	5643050.88
2016-04-24	4653666.26
2015-09-06	3890073.9
2013-06-07	6683183.2
2013-06-08	5897907.64
2015-09-05	4163225.29
2014-10-13	4977214.45
2016-04-27	4910493.66
2013-06-09	5828126.68
2015-09-04	4813830.76
2014-10-12	5896913.7
2016-04-26	4646783.98
2015-09-03	4976160.09
2014-10-11	6302445.33
2015-09-02	4723283.95
2014-10-10	6511391.21
2015-09-01	4501601.75
2014-10-19	5969046.11
2014-10-18	6344823.28
2015-09-09	5391377.3
2015-09-08	5110158.9
2015-03-23	4936994.61
2015-03-22	5993673.37
2015-03-21	5688017.5
2015-03-20	5641800.5
2015-03-27	5993739.0
2015-03-26	5633853.16
2013-12-29	5064282.8
2015-03-25	5422384.96
2013-12-28	4975513.75
2015-03-24	5158863.71
2015-03-29	5463231.36
2014-07-01	5446615.32
2015-03-28	6247873.24
2013-12-23	4753043.4
2014-07-02	5497077.63
2013-12-22	5165240.71
2014-07-03	5352174.75
2015-04-26	5663832.01
2013-12-21	6075050.84
2014-07-04	3863713.76
2015-04-27	5040986.38
2013-12-20	6781390.62
2014-07-05	3789161.77
2015-04-24	6324363.4
2013-12-27	4746193.84
2014-07-06	4191541.94
2015-04-25	6116768.16
2013-12-26	3881332.75
2014-07-07	4782573.68
2014-07-08	5295018.63
2015-04-08	5569346.74
2015-04-22	5655752.52
2013-12-25	2978244.04
2015-04-09	5807619.08
2014-07-09	5627316.86
2015-04-23	6167868.05
2013-12-24	4172738.36
2015-04-20	5036848.85
2015-04-21	5564437.35
