(lp0
((S'all_months'
p1
S'all_days'
p2
I2
tp3
I2186
tp4
a((S'all_months'
p5
S'all_days'
p6
I11
tp7
I1008
tp8
a((S'all_months'
p9
S'all_days'
p10
I21
tp11
I3514
tp12
a((S'all_months'
p13
S'all_days'
p14
I12
tp15
I1095
tp16
a((S'all_months'
p17
S'all_days'
p18
I1
tp19
I3977
tp20
a((S'all_months'
p21
S'all_days'
p22
I10
tp23
I984
tp24
a((S'all_months'
p25
S'all_days'
p26
I19
tp27
I2652
tp28
a((S'all_months'
p29
S'all_days'
p30
I20
tp31
I3076
tp32
a((S'all_months'
p33
S'all_days'
p34
I9
tp35
I1019
tp36
a((S'all_months'
p37
S'all_days'
p38
I0
tp39
I6000
tp40
a((S'all_months'
p41
S'all_days'
p42
I18
tp43
I2052
tp44
a((S'all_months'
p45
S'all_days'
p46
I7
tp47
I1091
tp48
a((S'all_months'
p49
S'all_days'
p50
I17
tp51
I1458
tp52
a((S'all_months'
p53
S'all_days'
p54
I8
tp55
I1118
tp56
a((S'all_months'
p57
S'all_days'
p58
I6
tp59
I1015
tp60
a((S'all_months'
p61
S'all_days'
p62
I15
tp63
I1105
tp64
a((S'all_months'
p65
S'all_days'
p66
I16
tp67
I1114
tp68
a((S'all_months'
p69
S'all_days'
p70
I5
tp71
I695
tp72
a((S'all_months'
p73
S'all_days'
p74
I14
tp75
I1277
tp76
a((S'all_months'
p77
S'all_days'
p78
I23
tp79
I14159
tp80
a((S'all_months'
p81
S'all_days'
p82
I3
tp83
I1302
tp84
a((S'all_months'
p85
S'all_days'
p86
I13
tp87
I1207
tp88
a((S'all_months'
p89
S'all_days'
p90
I4
tp91
I968
tp92
a((S'all_months'
p93
S'all_days'
p94
I22
tp95
I8047
tp96
a.