2013-12-14	516303	28.8
2016-03-04	434165	33.3
2016-12-05	333589	43.9
2014-10-31	494320	50.5
2015-05-14	439936	59.8
2013-11-04	448323	40.5
2016-07-20	357482	76.2
2013-01-04	478437	33.8
2015-09-03	378290	80.8
2013-06-21	505615	68.2
2014-04-07	460614	43.9
2015-03-13	476936	37.1
2016-01-16	411899	47.7
2016-01-03	302878	40.3
2014-06-05	501694	67.2
2014-12-16	439779	41.2
2016-08-03	339751	72.2
2016-03-30	385469	43.6
2015-07-09	405656	74.8
2013-01-15	496899	39.6
2015-05-15	457541	60.6
2016-06-20	335992	69.5
2013-07-26	483652	70.8
2016-02-28	366255	43.2
2016-09-28	360689	65.0
2014-08-16	419353	70.9
2013-06-24	437610	76.4
2014-07-10	456003	75.5
2013-03-22	548247	34.8
2014-09-05	496714	77.1
2014-09-24	416770	64.0
2016-06-18	370619	68.6
2013-09-03	422359	76.6
2013-06-26	487692	79.9
2013-09-13	523280	72.6
2016-05-19	406035	57.3
2015-08-15	370379	78.4
2013-10-16	477305	59.2
2015-04-18	500928	61.6
2013-01-31	531161	48.1
2015-06-11	439869	74.6
2016-04-24	357475	55.8
2014-03-21	516535	45.3
2016-01-25	282087	30.8
2016-04-10	391677	39.6
2015-10-26	356914	52.7
2013-07-24	476404	81.2
2016-12-10	412173	33.2
2014-08-03	397765	69.7
2015-05-20	441232	63.5
2015-11-17	384488	49.6
2016-06-30	358251	78.1
2013-11-03	482847	51.6
2013-06-01	533686	70.9
2014-12-11	469687	35.0
2015-04-15	427092	59.5
2016-07-23	355724	87.5
2015-10-11	378262	58.2
2016-01-07	364894	36.9
2015-08-04	376465	80.8
2016-03-22	366751	43.0
2014-06-09	440162	67.0
2014-02-08	549967	26.7
2016-10-31	310480	53.0
2016-08-21	290441	79.7
2015-09-25	365190	68.3
2016-03-28	344634	48.5
2013-01-29	477380	39.0
2015-01-02	345296	39.3
2015-02-20	498957	11.2
2016-08-02	330690	73.7
2014-02-10	435911	26.0
2015-01-23	472440	33.2
2016-02-14	402448	8.5
2016-01-17	379156	39.0
2013-03-19	477028	37.4
2016-05-09	349289	60.8
2014-02-04	454444	28.8
2015-12-07	371715	46.8
2016-07-18	329661	80.3
2016-01-30	435369	33.5
2015-04-04	440170	50.8
2014-09-23	401123	59.9
2016-01-18	341481	28.8
2016-11-08	318981	52.0
2014-03-28	522404	42.7
2015-05-10	405427	64.2
2016-02-25	413644	50.4
2013-10-28	432200	50.2
2015-07-13	350162	77.1
2015-05-18	403641	63.4
2013-01-28	450789	30.6
2013-10-13	462766	61.4
2016-10-24	326669	58.6
2014-08-10	372124	77.9
2014-02-14	472229	36.1
2015-09-06	300961	71.3
2013-01-10	487949	45.2
2016-04-30	420535	51.0
2013-04-03	513864	39.9
2014-12-31	405293	30.4
2015-12-05	451092	45.0
2014-01-19	462238	30.5
2015-04-02	444300	46.3
2013-02-24	474783	40.1
2016-08-10	345235	78.6
2015-09-10	401271	75.5
2016-10-02	324835	60.7
2014-02-28	544363	18.3
2013-03-26	460401	41.9
2015-12-04	431007	47.3
2014-04-09	484663	53.9
2013-11-18	425004	59.2
2016-01-06	348516	29.5
2016-07-17	325670	79.1
2014-09-07	445959	74.0
2015-08-11	357209	75.7
2016-04-27	374952	49.6
2013-01-12	507429	45.7
2015-08-27	368367	75.5
2013-08-06	448250	72.4
2016-09-20	315049	72.6
2015-07-17	365045	72.4
2013-04-12	564860	44.8
2015-02-24	448513	13.5
2015-04-30	446132	54.9
2016-08-17	335237	81.9
2013-05-21	499524	67.0
2014-06-27	474158	74.2
2013-02-28	524890	44.3
2014-10-04	467371	65.9
2015-01-18	427042	36.2
2016-04-26	371411	56.5
2015-04-03	444077	49.9
2016-02-01	341323	48.1
2013-03-27	486853	44.6
2013-05-14	490347	51.2
2016-10-14	380513	56.0
2014-11-01	561404	47.8
2014-09-19	488834	62.7
2016-06-15	383083	73.2
2013-01-20	459393	45.6
2016-04-22	388318	60.7
2013-11-07	508154	58.4
2015-08-05	391642	82.1
2016-01-14	396473	29.3
2015-11-03	364999	56.5
2013-06-06	515390	62.9
2013-05-18	535926	59.2
2015-10-08	407578	63.7
2013-05-28	445789	58.5
2014-10-29	454041	63.0
2014-01-07	460052	15.1
2013-02-19	456383	37.1
2016-05-26	388607	73.9
2013-12-21	478717	47.5
2015-04-07	425909	51.2
2013-05-27	336266	59.8
2014-04-23	501335	55.8
2015-08-17	338247	80.5
2016-05-30	261187	68.4
2013-09-01	384470	76.4
2016-02-16	363836	46.1
2016-10-19	355020	72.8
2014-05-31	511991	63.4
2013-03-28	512225	44.4
2013-12-02	427094	44.5
2014-08-08	445799	74.3
2014-01-01	420810	29.3
2016-08-15	306100	83.7
2016-12-21	350458	34.9
2015-01-01	382014	32.6
2016-02-03	372021	46.6
2015-03-21	468108	34.6
2014-01-06	395445	46.1
2013-02-10	459612	24.2
2015-08-29	359028	75.5
2014-11-18	456387	37.7
2014-02-18	419655	31.9
2016-01-19	385187	22.7
2015-05-22	419629	62.8
2015-11-22	376593	53.2
2015-07-25	387034	77.5
2013-08-14	457843	70.2
2014-11-27	296309	37.3
2015-05-21	446819	56.3
2016-06-14	363431	69.6
2013-11-25	445802	28.3
2013-09-04	453983	74.1
2016-02-22	346756	44.9
2015-02-04	415624	30.7
2015-08-06	391002	77.5
2014-08-13	434391	74.8
2013-05-07	490805	57.2
2015-10-30	428785	57.6
2014-06-22	430757	68.8
2013-04-16	481130	50.5
2014-07-30	441490	72.3
2016-09-27	342012	69.8
2015-12-30	319649	43.2
2015-12-13	377073	57.5
2015-06-06	449804	66.2
2016-06-12	329144	80.7
2016-04-23	391827	63.8
2016-03-16	398150	50.1
2013-10-04	520937	69.9
2015-02-18	436607	22.7
2015-03-12	461719	46.8
2016-01-20	382105	32.3
2014-06-16	423175	72.1
2013-03-17	493734	34.0
2016-08-24	321490	74.7
2014-07-08	434856	78.7
2013-05-15	508359	55.4
2015-05-31	368019	69.4
2013-05-03	550959	53.9
2013-05-04	554561	52.8
2014-06-12	498857	66.4
2014-08-26	389266	75.8
2013-11-30	433028	31.7
2015-01-06	384324	22.1
2014-01-13	419698	39.9
2014-02-02	464225	38.9
2013-08-20	432545	75.3
2014-06-30	409501	73.3
2015-11-28	344527	54.8
2016-04-16	452929	50.4
2015-06-12	443026	77.9
2015-10-14	392801	64.5
2016-04-13	394754	46.6
2015-07-01	390084	76.0
2014-04-17	508415	41.6
2014-08-22	419858	71.7
2014-02-19	446126	35.7
2014-09-22	393656	69.1
2014-11-09	445908	49.6
2015-09-29	360478	73.0
2014-11-06	470232	52.3
2014-07-21	399110	73.4
2013-03-31	447157	44.4
2016-07-16	350449	82.2
2014-09-13	513501	65.6
2015-02-09	381114	28.4
2015-08-13	380992	77.1
2015-10-28	386939	57.3
2014-07-28	368733	77.6
2016-07-15	373908	83.5
2016-03-13	366816	55.1
2016-07-12	341393	72.8
2014-11-15	508043	38.2
2014-12-08	431042	30.7
2014-10-11	509530	56.3
2016-04-11	355531	48.0
2015-03-31	429914	44.5
2016-06-28	348740	72.5
2014-05-28	472420	62.8
2016-10-25	359918	50.6
2015-06-29	359808	71.8
2015-05-01	461547	51.4
2014-03-09	473451	44.0
2016-04-25	333122	54.9
2014-01-25	530551	23.9
2016-06-21	364462	78.1
2013-11-15	514297	45.3
2015-11-23	366012	42.4
2014-06-07	504156	71.6
2016-09-08	374100	76.6
2015-06-05	451185	60.0
2016-08-29	287726	80.7
2013-05-06	468128	52.5
2014-05-11	454120	68.6
2015-07-23	404102	78.8
2015-04-26	424608	50.5
2014-01-29	477984	19.0
2014-02-11	489373	21.9
2015-07-10	401014	77.3
2014-08-29	410496	71.0
2015-08-16	335299	80.3
2013-08-09	489301	75.8
2013-03-18	458062	32.3
2013-07-15	443449	84.6
2013-05-01	496654	53.6
2013-08-25	400758	71.7
2013-04-27	538317	54.6
2016-12-29	290514	39.2
2016-05-06	437048	50.6
2015-09-18	428139	73.6
2013-10-25	530999	46.3
2014-06-26	486884	77.5
2013-04-06	533177	43.2
2015-05-04	390266	60.7
2015-02-25	444233	27.8
2014-07-27	403948	75.9
2013-04-30	480499	56.2
2016-08-08	291540	79.7
2015-12-22	355205	54.5
2016-11-24	219830	44.1
2016-05-05	424369	50.7
2013-12-08	488180	32.2
2013-11-17	464838	53.4
2014-11-24	398633	57.3
2016-01-15	401289	40.2
2013-09-19	504010	63.8
2016-11-27	282571	45.3
2014-07-16	449192	74.2
2016-07-07	350404	79.2
2016-08-07	291897	80.5
2014-10-30	469494	54.2
2013-03-10	468337	38.4
2015-01-24	460505	35.4
2014-09-21	402953	71.5
2016-04-17	394757	53.0
2014-07-03	417460	77.2
2014-09-26	448361	66.5
2014-09-09	450763	69.4
2016-09-25	337791	61.9
2014-01-24	509509	15.9
2016-02-27	440935	32.5
2016-04-04	374947	41.7
2015-07-03	304176	73.1
2016-06-22	373447	80.1
2013-03-05	493815	37.9
2015-02-03	421128	19.7
2013-01-27	470833	25.0
2015-06-21	366158	76.6
2014-07-09	448579	76.5
2015-11-14	446987	48.7
2015-12-14	370299	55.2
2013-11-05	467510	45.4
2014-10-27	411856	57.1
2014-07-17	457123	74.9
2014-10-10	489982	59.7
2015-06-23	406139	78.9
2014-04-22	463407	51.7
2014-05-10	527537	63.1
2014-11-20	458620	39.5
2013-05-10	538311	63.1
2013-03-15	559360	36.5
2015-08-24	317591	77.2
2013-06-28	506807	75.5
2014-09-18	464358	66.7
2016-01-09	405825	45.0
2016-06-27	358759	73.2
2016-04-07	409679	50.9
2013-09-06	508640	65.3
2013-05-19	489710	56.7
2016-03-08	372923	50.9
2014-11-21	495376	33.7
2013-09-14	518170	62.4
2015-05-26	387134	68.2
2015-10-31	441582	48.8
2013-10-22	466786	60.2
2016-08-09	327187	78.2
2016-05-02	357575	49.1
2013-05-20	466778	61.9
2015-04-14	411892	55.8
2015-08-31	322442	80.7
2016-03-15	383315	48.8
2015-03-02	388548	32.5
2014-04-03	499912	48.5
2013-04-18	526055	51.3
2016-03-19	442185	43.8
2016-05-07	433299	51.1
2013-08-30	456824	73.8
2014-12-25	210250	52.3
2013-10-08	459784	61.9
2014-03-08	551574	42.3
2016-02-09	367992	30.3
2013-11-09	545002	44.5
2016-10-15	381537	54.3
2016-05-17	397628	59.0
2016-11-22	345462	40.3
2013-05-16	528160	63.6
2016-12-16	419164	22.5
2015-09-02	368359	77.7
2016-10-20	366184	66.8
2013-04-17	501840	58.2
2013-05-31	525606	73.0
2014-08-12	413297	75.5
2013-06-08	489509	65.3
2013-10-03	496807	71.4
2013-06-10	461167	65.9
2013-11-13	492095	34.0
2015-03-06	446842	20.2
2015-10-19	366862	43.3
2014-08-27	415610	75.6
2013-04-14	485706	50.9
2015-02-17	394363	20.4
2013-07-03	435265	74.4
2016-01-02	312831	37.6
2013-02-17	506209	30.3
2016-10-09	333626	59.5
2013-08-29	455453	75.0
2015-09-15	377652	71.9
2016-03-07	348700	41.5
2015-12-28	301398	45.5
2016-05-25	385842	71.1
2014-06-24	441878	71.4
2016-11-05	392295	53.7
2015-12-06	398882	44.6
2014-10-26	441193	59.9
2015-02-08	410477	37.2
2013-10-30	481728	51.7
2014-05-20	472199	66.1
2013-07-01	422480	72.8
2013-11-26	438122	36.5
2014-05-30	503977	60.9
2015-11-12	406649	56.1
2015-04-23	463486	48.3
2014-09-04	469500	76.9
2013-06-27	504877	76.2
2016-03-05	451262	35.0
2016-11-04	378670	58.3
2013-01-07	407363	42.0
2016-08-25	332810	75.5
2015-04-20	397259	51.1
2015-06-30	374240	73.2
2015-04-08	443492	45.3
2014-02-07	512218	28.0
2013-08-26	394409	73.6
2013-04-05	554436	47.3
2015-02-06	476995	18.6
2016-06-10	401458	68.4
2016-12-09	405547	37.1
2015-04-09	460476	40.2
2015-01-25	407579	38.7
2016-03-25	399751	52.0
2013-07-07	358766	82.5
2016-01-21	399654	32.8
2014-11-05	449110	58.5
2014-02-20	466020	39.2
2016-09-07	352110	75.5
2015-12-29	311730	41.9
2013-09-05	467390	74.2
2014-11-10	407197	49.3
2016-07-01	324990	73.9
2015-04-27	393526	55.0
2015-08-28	367124	73.4
2015-11-09	352729	49.8
2013-07-18	513766	86.4
2016-09-04	246690	71.9
2016-09-19	293917	72.6
2014-02-15	491375	34.0
2014-04-18	514893	40.1
2013-11-29	373808	34.8
2015-05-23	383363	60.0
2013-11-21	497944	40.4
2013-11-24	498122	29.6
2013-04-10	503211	59.4
2015-08-22	357435	77.5
2015-12-10	406176	54.2
2016-04-02	444864	53.3
2014-04-27	473210	52.2
2013-10-01	452769	67.2
2016-03-24	407035	49.2
2014-06-21	473409	70.5
2013-04-22	457622	45.4
2015-07-11	407202	78.0
2016-11-13	339631	49.0
2014-05-13	473044	63.7
2016-03-12	442084	48.9
2015-10-16	430414	60.2
2013-10-15	430354	58.3
2015-04-25	489474	46.2
2015-03-16	374820	40.9
2015-01-17	476827	23.2
2016-03-01	372868	46.1
2013-09-10	483385	73.0
2016-10-17	315861	66.7
2013-01-16	500065	35.8
2013-07-31	459413	75.5
2016-02-26	437798	37.6
2013-12-07	552655	39.0
2014-05-25	378073	64.7
2016-09-11	339972	79.1
2014-11-17	402189	45.3
2014-07-06	313544	75.4
2014-04-16	495438	40.2
2014-02-16	457332	27.3
2016-08-22	283148	75.6
2016-12-04	346550	43.5
2014-05-06	483245	60.1
2015-08-18	370681	80.1
2015-07-24	403878	78.3
2013-03-06	518309	39.6
2015-03-19	451904	34.6
2014-06-14	487611	71.3
2016-11-11	365267	54.7
2016-11-17	359986	55.6
2016-02-23	395790	39.3
2015-09-24	324746	69.0
2014-08-24	364236	70.4
2016-03-31	394055	52.5
2013-03-21	505003	35.5
2013-08-16	449766	70.5
2013-12-12	507534	27.5
2014-12-24	348267	49.2
2013-01-06	403667	37.2
2016-09-12	306087	70.4
2016-09-16	371738	65.9
2014-01-12	450487	46.9
2013-03-03	493312	33.7
2016-01-27	359180	42.7
2013-06-25	470671	79.7
2013-02-09	392006	28.9
2014-11-28	347711	35.2
2015-09-16	400429	73.7
2016-01-11	342651	37.6
2016-08-11	364860	82.4
2013-10-12	524068	65.8
2015-11-13	427717	57.1
2016-09-26	320999	62.2
2015-02-16	412835	11.3
2013-07-02	442300	73.4
2015-05-16	479580	62.5
2013-03-24	468001	39.2
2014-10-20	416422	50.1
2014-03-20	500070	47.0
2014-04-30	497569	45.1
2015-12-01	374390	47.9
2016-12-22	340109	42.0
2014-06-19	487104	75.0
2014-12-10	447350	39.7
2014-06-20	485548	73.7
2013-09-11	501093	77.5
2013-07-05	353054	78.8
2015-05-25	301706	66.1
2014-05-01	492691	56.6
2014-01-10	507732	31.3
2015-07-29	405923	84.0
2013-11-20	493407	38.2
2013-06-30	417927	73.3
2013-01-01	412630	39.1
2014-01-09	479714	26.2
2016-07-25	320976	78.3
2015-02-12	463682	31.2
2013-04-20	570929	54.8
2016-10-13	367959	59.1
2014-06-02	428122	65.8
2013-01-22	496005	24.0
2013-10-09	484883	59.1
2013-10-24	513937	48.1
2016-10-10	291791	55.4
2014-09-15	421980	63.3
2015-06-18	429386	67.0
2013-09-17	468093	59.0
2013-02-11	458947	37.5
2016-12-08	377374	42.6
2013-01-11	521398	40.0
2013-06-15	495600	70.1
2016-08-05	343476	74.1
2016-11-09	355018	55.0
2015-01-15	451186	30.9
2015-10-03	412691	52.5
2015-10-02	414289	53.7
2014-06-17	449368	73.1
2015-09-01	352785	81.1
2013-05-05	488396	50.4
2013-03-25	438928	37.6
2016-10-04	319555	64.6
2014-10-14	431529	68.1
2016-09-01	328731	75.9
2015-11-27	275078	54.0
2014-03-03	463982	26.8
2014-08-09	420314	76.3
2016-07-19	344310	79.6
2016-10-11	321694	53.7
2015-08-12	370323	79.2
2016-03-20	389644	39.6
2013-02-15	537129	39.2
2016-11-10	359630	50.2
2016-09-14	354721	74.3
2014-04-08	467018	53.2
2014-07-22	447126	75.4
2014-10-03	485297	62.3
2015-07-22	392078	79.9
2015-02-14	501397	24.2
2013-06-12	486639	72.3
2014-11-12	444745	59.9
2016-11-12	382598	44.3
2013-10-17	506341	63.7
2015-06-10	424356	74.0
2014-05-12	437492	66.2
2015-08-25	346943	79.4
2015-09-04	362215	78.5
2013-06-07	532092	61.8
2014-04-28	436246	54.0
2016-02-06	428485	33.4
2016-12-23	315757	42.8
2015-10-20	377804	55.8
2014-09-08	430611	70.6
2014-03-15	547916	47.6
2016-06-25	388863	73.1
2013-03-12	494922	48.0
2015-07-12	364211	78.4
2015-05-28	432112	65.5
2015-07-31	397815	81.3
2013-02-06	506443	33.7
2016-04-06	400950	37.3
2016-04-14	414170	46.9
2013-02-14	527476	37.7
2015-02-22	399059	34.2
2016-02-08	343066	35.6
2014-12-14	441365	41.1
2014-04-11	506025	54.5
2014-11-23	425989	46.4
2013-01-21	384614	31.4
2014-08-31	352389	76.9
2013-09-22	457166	67.5
2016-02-21	372128	49.4
2014-09-29	400318	69.4
2016-12-01	364949	54.6
2015-01-12	396367	36.2
2015-12-16	417643	51.1
2013-07-28	415239	72.7
2016-04-09	456980	40.4
2016-12-15	404341	30.4
2013-06-11	473608	71.1
2013-12-15	458267	37.7
2016-03-14	383944	48.2
2013-12-30	405705	41.0
2016-07-24	322468	83.4
2014-12-07	460972	40.6
2015-06-25	419739	75.7
2015-10-15	407496	59.3
2014-01-04	417499	15.0
2014-08-15	444148	69.9
2014-09-27	486921	70.1
2014-02-05	413853	32.4
2016-07-28	369819	79.9
2013-12-22	403373	53.5
2015-06-13	428004	79.5
2013-09-18	484596	59.5
2014-10-15	456636	70.9
2013-08-28	444727	76.7
2014-04-15	481424	53.8
2016-03-17	399704	51.2
2013-09-30	424431	61.1
2015-10-29	403670	66.7
2015-05-03	434789	54.6
2016-11-16	348325	52.3
2015-11-25	358723	42.4
2014-03-19	489567	36.0
2013-02-02	569777	25.0
2014-04-14	419268	56.3
2014-10-07	436891	67.7
2016-03-09	384571	49.7
2016-07-14	374150	78.0
2014-03-01	554906	25.6
2015-10-07	390959	63.8
2014-05-04	475789	57.5
2016-05-20	414711	61.4
2013-06-18	467426	70.4
2016-10-01	368086	60.1
2015-01-20	405581	39.0
2015-05-11	395280	67.6
2014-02-21	503515	39.9
2014-01-14	454108	45.6
2013-12-26	321895	32.4
2014-12-19	509016	38.3
2014-07-29	422448	72.0
2014-09-02	408333	80.8
2015-01-03	406769	36.5
2013-02-12	503963	42.3
2015-09-23	358590	67.6
2016-09-30	371954	60.6
2014-03-13	549191	29.8
2013-06-03	452843	67.2
2015-04-11	473730	56.1
2016-12-31	284166	37.9
2013-01-08	441778	38.6
2016-09-02	302022	73.1
2016-05-08	373217	54.3
2015-06-04	444543	59.2
2013-03-07	538316	36.4
2013-05-09	526752	59.2
2013-04-15	461076	48.4
2014-03-14	539176	29.9
2013-01-09	457471	40.6
2014-08-30	376328	71.1
2015-03-01	385267	26.0
2013-11-27	447133	50.3
2014-05-14	466666	55.6
2016-05-04	407304	50.5
2016-02-29	347834	48.0
2014-12-05	496034	40.4
2016-11-29	323949	54.6
2016-07-08	347552	78.5
2016-06-11	388008	70.0
2015-09-27	378594	62.9
2013-12-03	463782	43.9
2016-06-03	401806	64.8
2016-10-18	339332	67.5
2013-08-15	473544	69.2
2013-10-14	403416	56.5
2014-11-04	424682	57.3
2013-01-14	443650	50.3
2015-02-23	431831	29.4
2013-11-08	528447	46.4
2015-12-03	414005	52.0
2013-02-26	496612	38.6
2013-07-13	468743	75.4
2015-05-19	432943	62.4
2013-06-16	421987	69.5
2015-03-23	390353	32.1
2013-05-13	460124	53.1
2013-07-27	457849	73.8
2015-07-14	385566	75.9
2013-11-06	483207	52.4
2015-10-24	436244	49.1
2015-01-10	515540	22.4
2014-05-23	495859	61.7
2016-11-06	336730	56.3
2015-08-30	332559	76.8
2014-01-03	275470	16.4
2013-08-11	195405	73.9
2013-05-25	453460	49.1
2016-11-28	298385	45.3
2013-10-05	538444	68.4
2014-02-06	478790	29.1
2016-01-29	414039	37.7
2015-03-22	429016	41.3
2014-02-12	481968	19.2
2013-04-21	483324	46.2
2013-05-26	384516	56.6
2015-03-18	452981	35.2
2013-02-04	457093	28.0
2015-09-05	331641	72.5
2013-12-13	543606	28.3
2016-06-02	392922	65.7
2015-03-07	504246	25.5
2016-07-02	266276	74.4
2016-11-02	346670	58.6
2015-03-24	412152	33.7
2016-01-28	383326	34.6
2015-10-13	379473	66.1
2013-08-31	434550	76.1
2015-06-17	425743	74.3
2014-09-30	435417	67.7
2016-05-28	329787	70.9
2013-09-16	444748	65.6
2014-04-06	475267	44.7
2016-11-14	319067	50.9
2014-08-14	439289	72.9
2016-12-12	330215	42.0
2015-07-07	367579	78.0
2015-01-09	447947	26.1
2015-07-16	400140	73.0
2016-06-17	388360	69.6
2014-04-26	540090	51.9
2016-02-19	420796	29.8
2015-03-03	397691	28.6
2014-09-03	441040	80.3
2013-05-12	461193	62.8
2014-05-15	495003	63.1
2014-06-04	482348	69.0
2016-08-20	314436	78.9
2015-03-17	413376	46.8
2013-02-27	509033	43.7
2013-08-05	406380	72.0
2015-08-21	381052	79.2
2016-09-24	378181	66.7
2016-01-13	395090	29.5
2014-04-24	505056	51.5
2014-12-04	458616	42.3
2016-12-25	167893	45.0
2015-11-11	372002	54.0
2013-03-08	545587	33.5
2016-11-19	384371	53.4
2015-02-27	487022	24.9
2016-07-31	305523	76.6
2015-01-21	431486	32.4
2013-01-02	393001	28.7
2016-07-26	350450	81.7
2016-06-06	356542	73.1
2014-08-23	402490	70.0
2015-09-21	359066	65.7
2014-05-09	523936	58.3
2013-02-05	482637	29.4
2013-10-10	507456	59.2
2015-08-03	348819	79.2
2014-07-19	445222	73.3
2013-04-28	467900	53.2
2013-06-29	490613	74.3
2015-08-10	321006	74.7
2013-01-23	520520	15.7
2016-09-13	342943	70.0
2015-07-20	374211	85.5
2015-06-22	374849	81.8
2016-09-21	325578	73.3
2016-12-19	347163	31.2
2014-10-17	492494	64.7
2013-12-17	481726	28.4
2013-12-31	467587	26.9
2015-10-06	374278	61.3
2014-01-02	359958	30.1
2013-09-12	503526	75.2
2014-01-17	490852	37.0
2016-05-18	381384	57.3
2016-07-29	360758	77.2
2013-12-19	496031	36.2
2013-02-03	472623	26.8
2015-07-08	393186	79.6
2013-04-25	518574	53.8
2016-03-29	378360	50.7
2016-08-30	300429	77.2
2013-09-20	523123	65.8
2016-09-23	359645	70.8
2013-05-30	510309	72.3
2015-07-15	404755	76.6
2015-06-02	419994	53.4
2015-05-29	441299	71.4
2014-04-04	544519	43.6
2015-05-24	336652	62.2
2013-05-23	492055	64.7
2016-04-28	401677	51.8
2015-12-02	379756	49.8
2014-03-11	456983	49.3
2016-12-02	390235	46.5
2016-02-07	373201	37.4
2016-03-23	381739	55.2
2016-07-21	363728	76.9
2013-03-01	564492	41.3
2014-06-29	402696	72.6
2014-10-13	389171	56.8
2016-12-27	248803	53.7
2013-03-29	519004	47.8
2016-01-01	345037	42.4
2013-03-30	504537	47.4
2015-03-09	392009	42.4
2013-08-12	399261	73.8
2014-05-21	483979	69.1
2016-02-13	448611	22.1
2013-07-22	440457	78.4
2014-03-02	462065	36.1
2015-08-02	348541	81.3
2013-10-31	489417	58.8
2013-08-10	445037	78.1
2015-07-26	349537	78.6
2014-03-22	534441	47.8
2014-12-20	494266	32.8
2015-01-26	230255	28.4
2014-06-03	462670	69.5
2014-06-06	495170	69.6
2015-11-18	391321	50.2
2013-11-28	331610	34.9
2013-01-30	482378	45.0
2013-01-25	537188	18.3
2014-03-05	508381	31.2
2013-09-21	535226	66.5
2015-08-20	388317	80.7
2015-12-19	460986	39.2
2013-12-25	245723	26.4
2014-11-11	402435	54.0
2014-06-11	477219	67.6
2015-01-04	328848	47.3
2015-04-17	469283	55.6
2016-07-06	311148	81.8
2013-09-23	411837	58.9
2013-08-24	448491	71.6
2016-05-24	371418	64.9
2015-01-22	452108	35.4
2013-06-19	489915	68.1
2013-02-08	432643	33.8
2014-12-22	382112	40.3
2015-12-31	339939	48.4
2014-08-07	446629	76.7
2015-11-04	384089	59.7
2013-04-09	477161	62.0
2013-12-10	478456	36.0
2016-06-01	368774	73.0
2013-04-04	532590	38.9
2015-02-19	477678	22.1
2015-10-18	400212	44.9
2015-09-07	284320	75.8
2013-07-14	435797	79.8
2016-09-03	270399	73.6
2016-03-27	345577	44.2
2016-11-03	373793	63.2
2013-11-23	553845	47.8
2016-11-18	372328	53.7
2015-02-13	486241	18.8
2013-03-04	466591	34.1
2015-01-11	419629	25.7
2013-08-27	422802	77.9
2015-04-24	474068	44.5
2016-03-18	436716	52.4
2015-06-14	382037	75.0
2016-06-24	388394	75.5
2013-03-11	451483	43.2
2015-09-12	433864	73.6
2014-09-12	486929	71.8
2015-10-01	394043	59.9
2013-06-22	474408	68.2
2013-08-23	464484	76.1
2014-05-17	506831	62.0
2013-09-15	462795	61.0
2014-12-29	339450	43.0
2013-01-03	441233	29.8
2014-01-26	457026	22.4
2015-10-09	402648	65.8
2016-02-02	363162	44.5
2013-02-25	451955	38.2
2015-12-18	458701	51.7
2015-12-15	396958	60.3
2013-10-02	475182	71.1
2014-09-11	478607	73.6
2016-12-26	205192	38.9
2014-02-24	439480	40.5
2014-11-08	515675	42.8
2015-02-02	336849	31.7
2015-11-24	377950	39.1
2016-12-28	276253	42.6
2013-11-02	550253	59.9
2015-12-26	238646	55.5
2014-07-20	398703	71.8
2016-11-23	325062	40.2
2016-04-05	399821	33.7
2014-05-24	413311	60.9
2014-02-23	442458	44.2
2016-09-10	391609	80.1
2015-07-06	315526	75.2
2014-01-23	462469	13.7
2014-01-20	378450	39.4
2016-11-25	244016	49.1
2013-04-13	555218	45.4
2014-09-20	492576	65.3
2013-12-20	520424	43.0
2015-05-05	432452	66.5
2015-03-08	411917	38.9
2015-03-14	496525	42.7
2013-11-22	524547	52.1
2013-05-22	502907	65.2
2014-02-26	492982	28.4
2016-01-31	361505	39.9
2013-01-18	543734	31.9
2014-03-07	547177	30.1
2015-10-25	390337	60.8
2016-03-06	385103	36.9
2013-10-07	426030	70.3
2014-03-26	502757	34.6
2015-06-28	348433	67.1
2013-08-08	437140	74.0
2016-05-29	298191	70.4
2016-05-14	435309	63.4
2013-04-24	500551	49.6
2015-05-09	469017	60.8
2014-12-03	438432	45.3
2016-09-29	367890	61.6
2013-06-13	519795	65.6
2014-07-15	436616	74.0
2014-02-27	512342	25.2
2013-07-17	496511	87.4
2013-09-29	457888	62.2
2014-10-28	434802	59.0
2016-10-08	378088	62.4
2015-05-08	449009	59.9
2013-11-14	506377	40.9
2014-08-21	441620	74.1
2016-06-29	357125	77.5
2014-01-08	473611	14.1
2014-12-12	497272	35.7
2015-03-10	413949	42.3
2013-05-17	533823	64.5
2014-05-16	515834	63.9
2016-05-10	376314	57.4
2016-09-22	349716	72.8
2016-10-12	320177	57.0
2013-09-02	332266	76.0
2015-04-21	426137	58.0
2014-12-21	419889	34.9
2015-05-17	423198	69.5
2014-04-10	498870	47.9
2014-03-18	469975	33.4
2014-06-13	496516	70.4
2015-02-15	459094	21.3
2014-12-06	508899	48.0
2013-10-20	473864	58.6
2015-07-21	375036	84.0
2014-10-05	416216	54.9
2016-06-05	353145	68.1
2014-07-01	445743	76.2
2013-07-11	495023	78.4
2015-02-10	424564	29.9
2015-08-23	316240	75.8
2013-09-09	451162	65.3
2014-08-02	440096	71.1
2016-01-12	367390	32.7
2016-07-27	362177	82.0
2013-12-18	488390	29.7
2014-01-16	482037	40.2
2014-10-24	492064	55.3
2014-12-09	437220	40.0
2015-01-07	429653	22.0
2014-03-29	574530	46.9
2016-05-13	397062	57.4
2013-12-24	369596	40.4
2016-10-06	370539	60.2
2013-02-20	512507	34.9
2016-02-10	393400	34.9
2013-07-29	409210	76.4
2016-11-30	337332	55.8
2014-10-21	445571	59.2
2014-10-22	461722	56.5
2016-03-02	407187	46.7
2016-05-21	435894	58.0
2015-12-11	427829	51.8
2013-02-01	567076	30.5
2015-06-27	445861	68.4
2014-11-29	395378	31.5
2013-08-13	449946	72.4
2013-04-19	544060	55.5
2014-07-26	448388	74.0
2015-06-08	391087	65.7
2015-04-01	440246	41.5
2015-06-07	402188	64.1
2016-08-13	338325	85.0
2016-10-21	376369	67.6
2013-11-10	473151	50.6
2014-03-06	531137	25.6
2016-01-05	343251	19.0
2013-07-16	466846	86.9
2013-12-27	381837	35.8
2015-06-01	400833	61.9
2014-12-01	399044	53.6
2014-05-03	544063	59.0
2015-12-12	439266	55.7
2014-10-19	461858	55.7
2016-10-16	335589	60.1
2016-10-26	366660	46.3
2014-11-26	425449	44.0
2013-01-05	473804	36.9
2014-06-01	435163	64.1
2016-07-04	226837	74.5
2014-08-25	357998	74.4
2016-07-03	232343	75.1
2013-02-07	535105	29.6
2015-10-04	365206	58.4
2015-08-07	386930	76.7
2014-12-23	384346	47.7
2016-04-12	390280	52.1
2015-01-30	483380	35.5
2014-12-27	323696	44.3
2013-06-14	507938	60.6
2015-04-10	468077	44.0
2015-01-14	442656	24.4
2013-05-11	540132	60.8
2015-06-24	411370	78.7
2016-06-26	331802	73.2
2014-03-23	480744	43.4
2013-08-04	202310	75.0
2016-08-16	333615	81.8
2016-05-31	340824	70.1
2015-10-05	344810	58.3
2014-05-07	484552	58.0
2014-09-17	451216	64.3
2016-05-03	400483	53.2
2016-06-23	390058	77.1
2015-09-13	382996	72.5
2014-08-05	422243	77.3
2015-05-06	444948	65.5
2015-09-28	323275	67.6
2016-08-27	309307	81.3
2016-09-17	375619	65.7
2016-10-23	343516	53.7
2013-06-20	499545	66.8
2014-10-09	477361	63.6
2016-02-20	424783	46.1
2016-05-16	378829	53.0
2015-12-09	391440	44.4
2015-09-17	410912	74.1
2016-02-18	410641	34.6
2015-06-09	409188	70.1
2015-09-22	367802	66.8
2013-06-23	436668	71.5
2016-06-19	330195	70.6
2016-12-30	303923	39.3
2014-02-22	522080	42.0
2014-03-17	433321	30.1
2014-12-18	482660	42.3
2014-07-11	458597	76.2
2015-03-04	435759	36.6
2013-08-17	438088	72.0
2015-12-23	339355	54.4
2015-08-08	363549	74.9
2014-04-29	483147	48.5
2014-12-15	410459	40.8
2016-05-01	382101	48.8
2013-02-13	524250	36.7
2016-01-24	159766	27.1
2015-07-05	275555	74.0
2014-11-22	516116	34.1
2014-04-01	462503	45.6
2014-11-02	435721	44.9
2016-04-21	390407	54.0
2015-01-08	450920	13.9
2015-06-26	425774	74.2
2016-09-05	234286	72.4
2013-01-17	512533	40.0
2015-12-21	347282	45.8
2015-08-01	389728	81.9
2016-08-14	287668	87.4
2013-07-30	443487	76.7
2014-06-23	413205	71.1
2015-05-13	439371	67.0
2016-11-07	322666	47.6
2013-05-24	493125	59.8
2016-12-03	400785	45.8
2014-05-22	489262	60.3
2014-12-17	456564	48.8
2014-07-05	308304	73.3
2014-10-16	481635	69.1
2016-02-12	434350	21.5
2016-08-18	343959	79.1
2013-12-05	498220	51.4
2015-08-14	377925	76.8
2016-06-09	393684	63.7
2014-01-31	526748	31.0
2013-01-26	557203	20.8
2014-01-28	468729	19.8
2015-08-19	380357	80.1
2016-01-04	316171	33.8
2016-09-18	332291	73.7
2014-03-12	483326	47.2
2014-05-27	432969	75.0
2015-03-05	366435	32.8
2013-11-12	473987	43.9
2014-08-28	414649	76.9
2015-11-07	443933	64.8
2013-08-02	236748	75.1
2015-10-23	428675	60.1
2014-10-25	500873	57.3
2014-01-22	377773	12.7
2013-10-19	549186	58.3
2014-07-07	378451	75.8
2013-11-19	475478	49.2
2016-07-30	343574	77.3
2016-05-11	383504	59.5
2013-03-20	493779	39.4
2016-06-08	381578	64.9
2015-01-29	431985	25.4
2014-03-04	499349	19.9
2014-07-23	466725	76.9
2014-08-20	422389	73.4
2014-01-18	507033	38.7
2015-07-18	403824	75.9
2015-10-17	459236	53.8
2015-05-30	451080	68.7
2013-10-23	495387	51.8
2013-04-08	440520	52.7
2014-02-25	472383	29.7
2014-03-27	507907	29.8
2013-07-10	474780	77.6
2013-11-01	555745	63.6
2016-12-20	356840	27.0
2013-11-11	417822	49.3
2016-10-27	363272	45.9
2014-09-06	503100	78.7
2013-12-06	530748	50.5
2014-10-01	458010	63.8
2015-08-26	356497	77.2
2016-10-28	387361	51.5
2014-03-24	443322	29.2
2015-07-02	365953	76.6
2014-09-16	447618	63.8
2014-08-19	405997	71.8
2016-01-23	78133	28.7
2014-07-24	461698	77.7
2016-08-04	353411	72.4
2015-03-29	424267	34.2
2016-03-26	403899	47.3
2014-11-07	486697	50.3
2013-02-22	558738	30.5
2016-12-18	350864	47.2
2013-03-23	553332	39.3
2013-08-01	307260	72.0
2015-12-17	418508	53.9
2015-09-08	374896	79.8
2013-08-21	454080	77.2
2016-08-19	338709	79.6
2016-01-26	327655	38.6
2016-04-19	377804	62.8
2013-08-19	397350	71.3
2013-10-11	516171	63.6
2013-12-04	471838	43.7
2013-06-05	497525	65.3
2015-04-13	377158	51.1
2014-04-19	483916	50.7
2013-09-28	526082	64.3
2014-04-02	483841	43.4
2013-01-13	442541	43.9
2016-05-15	408281	55.5
2013-12-09	452108	35.9
2015-11-19	394591	59.8
2014-11-19	458644	27.6
2013-07-23	465257	78.6
2016-02-04	394699	52.8
2016-08-28	286052	78.2
2014-12-02	440620	40.8
2014-05-08	508104	54.7
2016-11-21	328811	39.8
2016-02-05	409453	38.9
2015-01-05	363454	43.0
2016-07-05	293436	77.6
2016-09-15	365148	69.3
2014-07-25	461493	75.4
2013-01-24	533039	17.7
2015-04-05	377462	50.2
2013-05-08	509311	60.7
2013-10-26	536130	46.9
2013-07-25	487993	68.4
2016-12-14	375027	41.2
2016-12-17	390324	31.2
2016-07-11	306637	73.6
2015-06-19	436303	74.3
2015-12-25	188254	59.0
2016-10-30	344633	65.6
2013-12-28	391307	40.6
2015-02-01	423113	27.4
2013-02-18	407104	24.2
2014-10-08	456070	68.6
2015-01-27	135500	24.8
2015-12-24	297167	61.6
2013-10-27	468421	52.2
2013-03-02	584654	38.0
2015-04-29	427507	62.7
2016-09-09	383524	82.5
2015-09-11	411777	72.9
2014-05-18	473932	61.0
2015-02-21	455297	20.7
2014-07-14	416403	75.5
2015-06-03	425776	57.7
2014-01-21	255518	27.1
2016-10-03	288557	64.9
2013-04-01	428997	49.1
2013-06-02	451758	67.8
2015-06-15	374858	71.9
2016-05-23	346991	61.4
2015-11-02	348560	58.9
2015-08-09	317615	75.4
2015-07-30	390844	79.2
2015-11-05	402181	59.8
2014-11-13	464077	46.0
2013-07-06	355218	81.6
2015-12-27	268841	53.8
2014-08-11	377494	76.2
2016-03-10	406611	58.7
2015-05-07	442222	61.5
2014-08-06	439508	77.1
2014-01-11	511172	46.0
2013-09-08	462607	73.8
2013-09-25	461769	63.3
2015-11-15	381213	47.6
2015-11-01	390105	57.8
2016-02-24	400055	44.1
2013-07-20	485994	86.4
2015-03-26	427632	45.3
2015-11-06	419288	65.3
2015-09-09	396662	79.2
2016-04-08	440403	48.4
2015-11-10	378051	56.6
2015-01-13	448517	32.1
2015-03-20	458225	35.0
2016-01-22	420162	27.3
2013-08-22	471247	74.4
2015-02-11	447258	29.6
2014-11-16	442084	38.4
2014-05-05	461342	59.4
2014-08-17	380140	74.6
2015-02-26	471732	27.8
2016-03-03	428124	31.7
2015-10-22	410692	61.1
2016-01-10	351788	52.2
2014-12-28	323916	47.1
2014-02-17	391723	24.4
2016-11-01	355424	49.0
2016-10-07	366376	61.0
2016-07-10	302693	73.3
2016-12-11	341580	32.5
2016-11-26	297411	49.6
2015-10-10	432672	60.6
2015-10-21	389756	61.2
2014-01-05	388542	30.6
2015-03-15	418778	45.1
2014-07-31	453515	73.6
2014-08-18	376662	73.5
2014-04-05	543175	47.5
2014-06-28	472015	74.3
2016-03-21	344322	39.5
2013-11-16	538546	49.4
2015-09-30	381354	73.4
2015-04-19	445785	55.9
2016-12-24	254228	42.1
2015-10-12	328405	62.3
2013-02-23	584812	39.4
2014-07-13	410483	73.3
2013-10-29	463945	51.3
2013-07-21	414532	81.6
2015-04-06	375754	49.1
2013-04-26	539015	54.0
2015-05-12	424512	72.7
2014-03-25	461531	31.5
2013-04-02	495549	39.6
2015-12-20	385155	39.7
2016-11-20	337966	43.6
2015-05-27	415919	66.3
2015-03-25	427026	37.4
2014-04-21	421347	48.0
2014-10-23	471818	52.6
2016-08-01	308763	73.5
2015-11-26	242393	46.0
2016-01-08	392070	39.7
2013-04-07	461165	43.6
2013-06-04	477247	67.4
2016-03-11	425288	61.3
2016-06-04	420585	68.8
2016-10-22	401855	54.9
2013-09-07	511269	66.6
2014-11-25	409243	56.6
2016-02-11	431206	28.1
2016-08-23	305068	71.5
2013-10-18	526590	63.9
2014-06-10	463614	70.3
2013-04-23	498802	45.4
2016-10-29	390484	49.5
2013-10-06	457691	66.2
2013-02-21	538079	29.2
2013-12-01	398089	41.9
2013-04-11	525206	54.3
2016-04-15	433306	48.3
2014-12-13	501276	38.2
2014-02-03	382517	37.5
2016-02-17	386982	40.0
2015-06-20	413866	72.1
2013-09-26	484958	62.3
2016-08-06	324402	77.2
2015-01-31	520067	20.8
2015-11-21	439304	47.6
2016-10-05	358090	59.7
2013-03-13	514843	45.4
2013-03-14	552660	37.1
2013-12-11	485363	30.4
2013-12-29	407235	43.9
2014-01-30	495971	21.1
2015-02-28	499637	23.2
2015-10-27	381755	50.9
2015-03-27	465493	45.3
2014-09-10	466592	69.3
2014-04-25	526282	52.4
2014-07-12	447090	73.1
2015-09-19	442543	73.0
2015-12-08	382226	46.1
2014-06-15	414417	69.2
2016-07-22	375854	79.6
2015-09-20	393050	73.8
2016-06-13	341089	67.1
2013-12-23	385241	54.3
2014-11-14	491482	40.2
2013-02-16	542291	38.8
2016-06-07	376429	74.7
2015-07-28	384234	79.6
2015-03-11	428366	48.8
2014-10-18	513702	64.9
2016-12-06	350832	43.3
2015-11-20	422421	59.3
2016-04-18	355564	59.7
2015-07-04	254353	73.3
2015-09-26	427332	65.9
2014-05-26	336173	71.2
2016-07-09	333013	68.7
2015-03-28	510351	39.0
2014-05-19	452923	61.8
2014-07-02	439423	77.4
2014-10-12	437673	54.6
2016-11-15	349883	51.3
2016-04-20	395607	57.9
2014-01-27	418863	35.5
2013-07-08	413838	81.3
2014-09-01	319157	78.3
2014-09-14	450849	62.2
2013-09-27	502250	60.7
2014-07-04	309652	71.9
2014-05-02	516985	61.1
2015-04-16	452157	56.8
2014-03-16	485008	39.5
2016-05-12	400088	62.4
2015-01-19	342795	39.7
2014-02-09	466492	25.7
2015-04-28	411771	58.2
2015-09-14	345874	67.6
2014-10-02	467301	63.4
2016-06-16	398725	68.9
2013-05-29	479913	62.7
2014-08-01	453428	75.1
2013-03-16	574056	38.3
2014-10-06	409584	58.3
2013-03-09	562200	42.5
2014-02-01	533783	36.4
2016-05-22	369331	59.3
2016-08-26	325712	80.9
2014-04-20	429066	50.9
2014-11-30	370177	47.9
2014-12-30	377702	33.6
2016-02-15	350399	19.3
2014-11-03	412503	47.8
2015-07-27	348629	78.5
2013-07-09	458674	78.7
2014-01-15	466443	39.9
2016-04-01	411731	55.8
2015-05-02	507619	51.0
2016-12-07	361705	43.5
2013-07-12	507426	75.7
2013-08-07	465632	73.7
2015-11-08	392409	54.3
2014-05-29	489739	56.0
2013-08-18	390925	71.1
2013-07-19	515946	86.3
2013-06-09	441053	70.1
2015-04-12	407342	50.9
2014-03-31	432430	43.0
2016-08-31	320951	77.4
2014-02-13	326187	30.5
2014-09-25	426440	63.1
2014-08-04	392871	74.6
2015-01-28	380192	23.5
2016-08-12	359868	83.2
2013-05-02	523150	53.8
2013-12-16	454088	31.8
2013-04-29	459114	53.2
2016-09-06	320607	76.2
2015-02-05	459717	32.9
2014-04-13	472041	54.4
2015-03-30	391004	41.7
2016-04-29	416560	51.0
2013-06-17	437845	73.6
2014-03-30	462771	48.8
2014-09-28	433820	69.5
2015-11-30	347002	41.3
2014-06-08	434856	72.5
2014-04-12	540202	58.8
2015-04-22	432491	55.1
2015-01-16	478124	34.4
2014-06-25	468089	73.1
2014-03-10	442200	41.7
2013-09-24	435121	59.3
2015-11-29	333746	44.5
2016-04-03	392300	41.8
2014-12-26	278667	45.0
2015-07-19	395475	80.1
2015-06-16	400518	68.5
2014-06-18	472667	81.8
2015-11-16	347615	55.8
2013-10-21	435562	57.4
2013-08-03	226553	74.7
2015-02-07	485504	29.7
2016-07-13	370677	74.9
2013-07-04	326471	76.8
2016-05-27	364951	69.2
2016-12-13	352855	41.0
2013-01-19	510530	37.5
2014-07-18	460247	74.5
