2013-12-14	516303	2.0
2016-03-04	434165	1.2
2016-12-05	333589	0
2014-10-31	494320	0
2015-05-14	439936	0
2013-11-04	448323	0
2016-07-20	357482	0
2013-01-04	478437	0
2015-09-03	378290	0
2013-06-21	505615	0
2014-04-07	460614	0
2015-03-13	476936	0
2016-01-16	411899	0
2016-01-03	302878	0
2014-06-05	501694	0
2014-12-16	439779	0
2016-08-03	339751	0
2016-03-30	385469	0
2015-07-09	405656	0
2013-01-15	496899	0
2015-05-15	457541	0
2016-06-20	335992	0
2013-07-26	483652	0
2016-09-28	360689	0
2016-02-28	366255	0
2014-08-16	419353	0
2013-06-24	437610	0
2014-07-10	456003	0
2013-03-22	548247	0
2014-09-05	496714	0
2014-09-24	416770	0
2016-06-18	370619	0
2013-09-03	422359	0
2013-06-26	487692	0
2013-09-13	523280	0
2016-05-19	406035	0
2015-08-15	370379	0
2013-10-16	477305	0
2015-04-18	500928	0
2013-01-31	531161	0
2015-06-11	439869	0
2016-04-24	357475	0
2014-03-21	516535	0
2016-01-25	282087	22.8
2016-04-10	391677	0
2015-10-26	356914	0
2013-07-24	476404	0
2016-12-10	412173	0
2014-08-03	397765	0
2015-05-20	441232	0
2015-11-17	384488	0
2016-06-30	358251	0
2013-11-03	482847	0
2013-06-01	533686	0
2014-12-11	469687	0
2015-04-15	427092	0
2016-07-23	355724	0
2015-10-11	378262	0
2016-01-07	364894	0
2015-08-04	376465	0
2014-06-09	440162	0
2016-03-22	366751	1.2
2014-02-08	549967	5.1
2016-10-31	310480	0
2016-08-21	290441	0
2015-09-25	365190	0
2016-03-28	344634	0
2013-01-29	477380	0
2015-01-02	345296	0
2015-02-20	498957	1.2
2016-08-02	330690	0
2014-02-10	435911	5.9
2015-01-23	472440	0
2016-02-14	402448	0
2016-01-17	379156	1.2
2013-03-19	477028	1.2
2016-05-09	349289	0
2014-02-04	454444	5.1
2015-12-07	371715	0
2016-07-18	329661	0
2016-01-30	435369	5.1
2014-09-23	401123	0
2015-04-04	440170	0
2016-01-18	341481	1.2
2016-11-08	318981	0
2014-03-28	522404	0
2015-05-10	405427	0
2016-02-25	413644	0
2013-10-28	432200	0
2015-07-13	350162	0
2013-01-28	450789	0
2015-05-18	403641	0
2016-10-24	326669	0
2013-10-13	462766	0
2014-08-10	372124	0
2014-02-14	472229	9.1
2015-09-06	300961	0
2013-01-10	487949	0
2014-12-31	405293	0
2013-04-03	513864	0
2016-04-30	420535	0
2015-12-05	451092	0
2014-01-19	462238	0
2015-04-02	444300	0
2013-02-24	474783	0
2015-09-10	401271	0
2016-10-02	324835	0
2016-08-10	345235	0
2014-02-28	544363	0
2013-03-26	460401	0
2015-12-04	431007	0
2014-04-09	484663	0
2013-11-18	425004	0
2016-01-06	348516	0
2014-09-07	445959	0
2016-07-17	325670	0
2015-08-11	357209	0
2016-04-27	374952	0
2013-01-12	507429	0
2015-08-27	368367	0
2013-08-06	448250	0
2016-09-20	315049	0
2015-07-17	365045	0
2013-04-12	564860	0
2015-02-24	448513	3.1
2015-04-30	446132	0
2016-08-17	335237	0
2013-05-21	499524	0
2014-06-27	474158	0
2013-02-28	524890	0
2014-10-04	467371	0
2015-01-18	427042	0
2016-04-26	371411	0
2015-04-03	444077	0
2016-02-01	341323	1.2
2013-03-27	486853	0
2013-05-14	490347	0
2016-10-14	380513	0
2014-11-01	561404	0
2014-09-19	488834	0
2016-06-15	383083	0
2013-01-20	459393	0
2016-04-22	388318	0
2013-11-07	508154	0
2015-08-05	391642	0
2016-01-14	396473	0
2015-11-03	364999	0
2013-06-06	515390	0
2013-05-18	535926	0
2015-10-08	407578	0
2013-05-28	445789	0
2014-10-29	454041	0
2014-01-07	460052	1.2
2013-02-19	456383	0
2016-05-26	388607	0
2013-12-21	478717	0
2015-04-07	425909	0
2013-05-27	336266	0
2014-04-23	501335	0
2015-08-17	338247	0
2016-05-30	261187	0
2013-09-01	384470	0
2016-02-16	363836	1.2
2014-05-31	511991	0
2016-10-19	355020	0
2013-03-28	512225	0
2013-12-02	427094	0
2014-08-08	445799	0
2014-01-01	420810	0
2016-08-15	306100	0
2016-12-21	350458	0
2015-01-01	382014	0
2016-02-03	372021	0
2015-03-21	468108	1.2
2014-01-06	395445	1.2
2013-02-10	459612	5.1
2015-08-29	359028	0
2014-11-18	456387	0
2014-02-18	419655	9.1
2015-05-22	419629	0
2016-01-19	385187	1.2
2015-11-22	376593	0
2015-07-25	387034	0
2015-05-21	446819	0
2014-11-27	296309	0
2013-08-14	457843	0
2016-06-14	363431	0
2013-11-25	445802	0
2015-08-06	391002	0
2016-02-22	346756	0
2015-02-04	415624	5.9
2013-09-04	453983	0
2015-10-30	428785	0
2013-05-07	490805	0
2014-08-13	434391	0
2014-06-22	430757	0
2013-04-16	481130	0
2014-07-30	441490	0
2016-09-27	342012	0
2015-12-30	319649	0
2015-12-13	377073	0
2015-06-06	449804	0
2016-06-12	329144	0
2016-04-23	391827	0
2016-03-16	398150	0
2013-10-04	520937	0
2015-02-18	436607	2.0
2015-03-12	461719	0
2016-01-20	382105	0
2014-06-16	423175	0
2013-03-17	493734	0
2016-08-24	321490	0
2014-07-08	434856	0
2013-05-15	508359	0
2015-05-31	368019	0
2013-05-03	550959	0
2013-05-04	554561	0
2014-06-12	498857	0
2014-08-26	389266	0
2013-11-30	433028	0
2015-01-06	384324	1.2
2014-01-13	419698	0
2014-02-02	464225	0
2013-08-20	432545	0
2014-06-30	409501	0
2015-11-28	344527	0
2016-04-16	452929	0
2015-06-12	443026	0
2015-10-14	392801	0
2016-04-13	394754	0
2015-07-01	390084	0
2014-04-17	508415	0
2014-02-19	446126	5.9
2014-09-22	393656	0
2014-11-09	445908	0
2014-08-22	419858	0
2015-09-29	360478	0
2014-11-06	470232	0
2014-07-21	399110	0
2013-03-31	447157	0
2016-07-16	350449	0
2014-09-13	513501	0
2015-02-09	381114	2.0
2015-08-13	380992	0
2015-10-28	386939	0
2014-07-28	368733	0
2016-07-15	373908	0
2016-03-13	366816	0
2016-07-12	341393	0
2014-11-15	508043	0
2014-12-08	431042	0
2014-10-11	509530	0
2016-04-11	355531	0
2015-03-31	429914	0
2016-06-28	348740	0
2014-05-28	472420	0
2016-10-25	359918	0
2015-06-29	359808	0
2015-05-01	461547	0
2014-03-09	473451	0
2016-04-25	333122	0
2014-01-25	530551	5.1
2015-11-23	366012	0
2013-11-15	514297	0
2016-06-21	364462	0
2014-06-07	504156	0
2016-09-08	374100	0
2015-06-05	451185	0
2016-08-29	287726	0
2013-05-06	468128	0
2014-05-11	454120	0
2015-07-23	404102	0
2015-04-26	424608	0
2014-01-29	477984	1.2
2014-02-11	489373	5.1
2015-07-10	401014	0
2014-08-29	410496	0
2015-08-16	335299	0
2013-08-09	489301	0
2013-03-18	458062	0
2013-07-15	443449	0
2013-05-01	496654	0
2013-08-25	400758	0
2013-04-27	538317	0
2016-12-29	290514	0
2016-05-06	437048	0
2015-09-18	428139	0
2013-10-25	530999	0
2014-06-26	486884	0
2013-04-06	533177	0
2015-05-04	390266	0
2013-04-30	480499	0
2014-07-27	403948	0
2015-02-25	444233	2.0
2016-08-08	291540	0
2015-12-22	355205	0
2016-11-24	219830	0
2016-05-05	424369	0
2013-12-08	488180	1.2
2013-11-17	464838	0
2014-11-24	398633	0
2016-01-15	401289	0
2013-09-19	504010	0
2016-11-27	282571	0
2016-07-07	350404	0
2014-07-16	449192	0
2014-10-30	469494	0
2013-03-10	468337	1.2
2016-08-07	291897	0
2015-01-24	460505	1.2
2014-09-21	402953	0
2016-04-17	394757	0
2014-07-03	417460	0
2014-09-26	448361	0
2014-09-09	450763	0
2016-09-25	337791	0
2014-01-24	509509	5.1
2016-02-27	440935	0
2016-04-04	374947	0
2015-07-03	304176	0
2016-06-22	373447	0
2013-03-05	493815	0
2015-02-03	421128	7.9
2013-01-27	470833	1.2
2015-06-21	366158	0
2014-07-09	448579	0
2015-11-14	446987	0
2015-12-14	370299	0
2013-11-05	467510	0
2014-10-27	411856	0
2014-07-17	457123	0
2014-10-10	489982	0
2015-06-23	406139	0
2014-04-22	463407	0
2014-05-10	527537	0
2014-11-20	458620	0
2013-05-10	538311	0
2013-03-15	559360	0
2015-08-24	317591	0
2013-06-28	506807	0
2014-09-18	464358	0
2016-01-09	405825	0
2016-04-07	409679	0
2016-06-27	358759	0
2013-09-06	508640	0
2013-05-19	489710	0
2016-03-08	372923	0
2014-11-21	495376	0
2013-09-14	518170	0
2013-10-22	466786	0
2015-05-26	387134	0
2015-10-31	441582	0
2016-08-09	327187	0
2016-05-02	357575	0
2013-05-20	466778	0
2015-04-14	411892	0
2015-08-31	322442	0
2016-03-15	383315	0
2015-03-02	388548	3.1
2014-04-03	499912	0
2013-04-18	526055	0
2016-03-19	442185	0
2013-08-30	456824	0
2016-05-07	433299	0
2014-12-25	210250	0
2013-10-08	459784	0
2014-03-08	551574	0
2016-02-09	367992	1.2
2013-11-09	545002	0
2016-10-15	381537	0
2016-05-17	397628	0
2016-11-22	345462	0
2013-05-16	528160	0
2016-12-16	419164	0
2015-09-02	368359	0
2016-10-20	366184	0
2013-04-17	501840	0
2013-05-31	525606	0
2014-08-12	413297	0
2013-06-08	489509	0
2013-10-03	496807	0
2013-06-10	461167	0
2013-11-13	492095	0
2015-03-06	446842	5.9
2015-10-19	366862	0
2014-08-27	415610	0
2013-04-14	485706	0
2015-02-17	394363	3.1
2013-07-03	435265	0
2013-02-17	506209	0
2016-01-02	312831	0
2016-10-09	333626	0
2013-08-29	455453	0
2015-09-15	377652	0
2016-03-07	348700	0
2016-05-25	385842	0
2015-12-28	301398	0
2014-06-24	441878	0
2016-11-05	392295	0
2015-12-06	398882	0
2014-10-26	441193	0
2015-02-08	410477	3.1
2013-10-30	481728	0
2014-05-20	472199	0
2013-07-01	422480	0
2013-11-26	438122	0
2014-05-30	503977	0
2015-11-12	406649	0
2015-04-23	463486	0
2014-09-04	469500	0
2013-06-27	504877	0
2016-03-05	451262	1.2
2016-11-04	378670	0
2013-01-07	407363	0
2016-08-25	332810	0
2015-06-30	374240	0
2014-02-07	512218	5.1
2015-04-20	397259	0
2015-04-08	443492	0
2013-08-26	394409	0
2013-04-05	554436	0
2015-02-06	476995	3.9
2016-06-10	401458	0
2016-12-09	405547	0
2015-04-09	460476	0
2015-01-25	407579	3.1
2016-03-25	399751	0
2013-07-07	358766	0
2016-01-21	399654	0
2014-02-20	466020	3.9
2014-11-05	449110	0
2016-09-07	352110	0
2015-12-29	311730	0
2013-09-05	467390	0
2014-11-10	407197	0
2016-07-01	324990	0
2015-04-27	393526	0
2015-08-28	367124	0
2015-11-09	352729	0
2013-07-18	513766	0
2016-09-04	246690	0
2016-09-19	293917	0
2014-02-15	491375	9.8
2014-04-18	514893	0
2013-11-29	373808	0
2015-05-23	383363	0
2013-11-21	497944	0
2013-11-24	498122	0
2013-04-10	503211	0
2015-08-22	357435	0
2015-12-10	406176	0
2016-04-02	444864	0
2014-04-27	473210	0
2013-10-01	452769	0
2016-03-24	407035	0
2014-06-21	473409	0
2013-04-22	457622	0
2015-07-11	407202	0
2014-05-13	473044	0
2016-11-13	339631	0
2016-03-12	442084	0
2015-10-16	430414	0
2013-10-15	430354	0
2015-04-25	489474	0
2015-03-16	374820	0
2015-01-17	476827	0
2016-03-01	372868	0
2013-09-10	483385	0
2016-10-17	315861	0
2013-01-16	500065	0
2013-07-31	459413	0
2016-02-26	437798	0
2013-12-07	552655	0
2014-05-25	378073	0
2016-09-11	339972	0
2014-11-17	402189	0
2014-07-06	313544	0
2014-04-16	495438	0
2014-02-16	457332	9.8
2016-08-22	283148	0
2016-12-04	346550	0
2014-05-06	483245	0
2015-08-18	370681	0
2015-07-24	403878	0
2013-03-06	518309	0
2015-03-19	451904	0
2014-06-14	487611	0
2016-11-11	365267	0
2016-11-17	359986	0
2016-02-23	395790	0
2015-09-24	324746	0
2014-08-24	364236	0
2016-03-31	394055	0
2013-03-21	505003	0
2013-08-16	449766	0
2013-12-12	507534	1.2
2014-12-24	348267	0
2013-01-06	403667	0
2016-09-12	306087	0
2016-09-16	371738	0
2014-01-12	450487	0
2013-03-03	493312	0
2016-01-27	359180	11.8
2013-06-25	470671	0
2013-02-09	392006	5.9
2014-11-28	347711	0
2015-09-16	400429	0
2016-01-11	342651	0
2016-08-11	364860	0
2013-10-12	524068	0
2015-11-13	427717	0
2016-09-26	320999	0
2015-02-16	412835	1.2
2013-07-02	442300	0
2015-05-16	479580	0
2013-03-24	468001	0
2014-10-20	416422	0
2014-03-20	500070	0
2014-04-30	497569	0
2015-12-01	374390	0
2016-12-22	340109	0
2014-06-19	487104	0
2014-12-10	447350	0
2014-06-20	485548	0
2013-09-11	501093	0
2013-07-05	353054	0
2015-05-25	301706	0
2014-05-01	492691	0
2014-01-10	507732	0
2015-07-29	405923	0
2013-11-20	493407	0
2013-06-30	417927	0
2013-01-01	412630	0
2014-01-09	479714	0
2016-07-25	320976	0
2015-02-12	463682	1.2
2013-04-20	570929	0
2016-10-13	367959	0
2014-06-02	428122	0
2013-01-22	496005	0
2013-10-09	484883	0
2013-10-24	513937	0
2016-10-10	291791	0
2014-09-15	421980	0
2015-06-18	429386	0
2013-09-17	468093	0
2013-02-11	458947	3.1
2016-12-08	377374	0
2013-01-11	521398	0
2013-06-15	495600	0
2016-08-05	343476	0
2016-11-09	355018	0
2015-01-15	451186	0
2015-10-03	412691	0
2015-10-02	414289	0
2014-06-17	449368	0
2015-09-01	352785	0
2013-05-05	488396	0
2013-03-25	438928	0
2014-10-14	431529	0
2016-10-04	319555	0
2016-09-01	328731	0
2015-11-27	275078	0
2014-03-03	463982	1.2
2014-08-09	420314	0
2016-07-19	344310	0
2016-10-11	321694	0
2015-08-12	370323	0
2016-03-20	389644	0
2016-11-10	359630	0
2013-02-15	537129	0
2016-09-14	354721	0
2014-04-08	467018	0
2014-07-22	447126	0
2014-10-03	485297	0
2015-07-22	392078	0
2015-02-14	501397	1.2
2013-06-12	486639	0
2014-11-12	444745	0
2016-11-12	382598	0
2013-10-17	506341	0
2015-06-10	424356	0
2014-05-12	437492	0
2015-08-25	346943	0
2015-09-04	362215	0
2013-06-07	532092	0
2014-04-28	436246	0
2016-02-06	428485	2.0
2016-12-23	315757	0
2015-10-20	377804	0
2014-09-08	430611	0
2014-03-15	547916	0
2016-06-25	388863	0
2013-03-12	494922	0
2015-07-12	364211	0
2015-05-28	432112	0
2015-07-31	397815	0
2013-02-06	506443	0
2016-04-06	400950	0
2016-04-14	414170	0
2013-02-14	527476	0
2015-02-22	399059	3.1
2016-02-08	343066	2.0
2014-12-14	441365	0
2014-04-11	506025	0
2014-11-23	425989	0
2014-08-31	352389	0
2013-01-21	384614	0
2013-09-22	457166	0
2016-02-21	372128	0
2014-09-29	400318	0
2016-12-01	364949	0
2015-01-12	396367	1.2
2015-12-16	417643	0
2013-07-28	415239	0
2016-04-09	456980	0
2016-12-15	404341	0
2013-06-11	473608	0
2013-12-15	458267	0
2016-03-14	383944	0
2013-12-30	405705	0
2016-07-24	322468	0
2014-12-07	460972	0
2015-06-25	419739	0
2015-10-15	407496	0
2014-01-04	417499	7.1
2014-08-15	444148	0
2014-09-27	486921	0
2014-02-05	413853	5.9
2016-07-28	369819	0
2013-12-22	403373	0
2015-06-13	428004	0
2013-09-18	484596	0
2014-10-15	456636	0
2013-08-28	444727	0
2014-04-15	481424	0
2016-03-17	399704	0
2013-09-30	424431	0
2015-05-03	434789	0
2016-11-16	348325	0
2015-10-29	403670	0
2015-11-25	358723	0
2014-03-19	489567	0
2013-02-02	569777	0
2014-04-14	419268	0
2014-10-07	436891	0
2016-03-09	384571	0
2016-07-14	374150	0
2014-03-01	554906	0
2015-10-07	390959	0
2016-05-20	414711	0
2014-05-04	475789	0
2013-06-18	467426	0
2016-10-01	368086	0
2015-01-20	405581	0
2015-05-11	395280	0
2014-02-21	503515	1.2
2014-01-14	454108	0
2013-12-26	321895	0
2014-12-19	509016	0
2014-07-29	422448	0
2014-09-02	408333	0
2015-01-03	406769	0
2013-02-12	503963	1.2
2015-09-23	358590	0
2016-09-30	371954	0
2014-03-13	549191	0
2013-06-03	452843	0
2015-04-11	473730	0
2016-12-31	284166	0
2013-01-08	441778	0
2016-09-02	302022	0
2016-05-08	373217	0
2015-06-04	444543	0
2013-03-07	538316	0
2013-05-09	526752	0
2013-04-15	461076	0
2014-03-14	539176	0
2013-01-09	457471	0
2014-08-30	376328	0
2015-03-01	385267	3.9
2013-11-27	447133	0
2014-05-14	466666	0
2016-05-04	407304	0
2016-02-29	347834	0
2014-12-05	496034	0
2016-11-29	323949	0
2016-07-08	347552	0
2016-06-11	388008	0
2015-09-27	378594	0
2013-12-03	463782	0
2016-06-03	401806	0
2016-10-18	339332	0
2013-08-15	473544	0
2013-10-14	403416	0
2014-11-04	424682	0
2013-01-14	443650	0
2015-02-23	431831	3.1
2013-11-08	528447	0
2015-12-03	414005	0
2013-02-26	496612	0
2013-07-13	468743	0
2015-05-19	432943	0
2013-06-16	421987	0
2015-03-23	390353	0
2013-05-13	460124	0
2013-07-27	457849	0
2015-07-14	385566	0
2013-11-06	483207	0
2015-01-10	515540	1.2
2014-05-23	495859	0
2015-10-24	436244	0
2016-11-06	336730	0
2013-08-11	195405	0
2014-01-03	275470	7.1
2015-08-30	332559	0
2013-05-25	453460	0
2016-11-28	298385	0
2013-10-05	538444	0
2014-02-06	478790	5.9
2016-01-29	414039	7.1
2015-03-22	429016	3.1
2014-02-12	481968	5.1
2013-04-21	483324	0
2013-05-26	384516	0
2015-03-18	452981	0
2013-02-04	457093	1.2
2015-09-05	331641	0
2013-12-13	543606	0
2016-06-02	392922	0
2015-03-07	504246	3.9
2016-07-02	266276	0
2016-11-02	346670	0
2015-03-24	412152	0
2016-01-28	383326	9.8
2015-10-13	379473	0
2013-08-31	434550	0
2015-06-17	425743	0
2014-09-30	435417	0
2016-05-28	329787	0
2013-09-16	444748	0
2014-04-06	475267	0
2016-11-14	319067	0
2014-08-14	439289	0
2015-07-07	367579	0
2016-12-12	330215	0
2015-01-09	447947	1.2
2015-07-16	400140	0
2016-06-17	388360	0
2016-02-19	420796	0
2014-04-26	540090	0
2015-03-03	397691	3.9
2014-09-03	441040	0
2013-05-12	461193	0
2014-05-15	495003	0
2014-06-04	482348	0
2016-08-20	314436	0
2015-03-17	413376	0
2013-02-27	509033	0
2013-08-05	406380	0
2015-08-21	381052	0
2016-09-24	378181	0
2016-01-13	395090	0
2014-04-24	505056	0
2014-12-04	458616	0
2016-12-25	167893	0
2015-11-11	372002	0
2013-03-08	545587	2.0
2016-11-19	384371	0
2015-02-27	487022	1.2
2016-07-31	305523	0
2015-01-21	431486	0
2013-01-02	393001	0
2016-07-26	350450	0
2016-06-06	356542	0
2014-08-23	402490	0
2015-09-21	359066	0
2014-05-09	523936	0
2013-02-05	482637	0
2013-10-10	507456	0
2015-08-03	348819	0
2014-07-19	445222	0
2013-04-28	467900	0
2013-06-29	490613	0
2015-08-10	321006	0
2015-07-20	374211	0
2016-09-13	342943	0
2013-01-23	520520	0
2015-06-22	374849	0
2016-09-21	325578	0
2016-12-19	347163	0
2014-10-17	492494	0
2013-12-17	481726	1.2
2013-12-31	467587	0
2015-10-06	374278	0
2014-01-02	359958	0
2013-09-12	503526	0
2014-01-17	490852	0
2016-05-18	381384	0
2016-07-29	360758	0
2013-12-19	496031	0
2015-07-08	393186	0
2013-02-03	472623	1.2
2013-04-25	518574	0
2016-03-29	378360	0
2013-09-20	523123	0
2016-08-30	300429	0
2016-09-23	359645	0
2013-05-30	510309	0
2015-06-02	419994	0
2015-07-15	404755	0
2015-05-29	441299	0
2014-04-04	544519	0
2015-05-24	336652	0
2013-05-23	492055	0
2016-04-28	401677	0
2015-12-02	379756	0
2016-12-02	390235	0
2014-03-11	456983	0
2016-02-07	373201	1.2
2016-03-23	381739	0
2016-07-21	363728	0
2013-03-01	564492	0
2014-06-29	402696	0
2014-10-13	389171	0
2016-12-27	248803	0
2013-03-29	519004	0
2016-01-01	345037	0
2013-03-30	504537	0
2015-03-09	392009	1.2
2013-08-12	399261	0
2014-05-21	483979	0
2016-02-13	448611	0
2013-07-22	440457	0
2013-10-31	489417	0
2015-08-02	348541	0
2014-03-02	462065	0
2013-08-10	445037	0
2015-07-26	349537	0
2014-03-22	534441	0
2014-12-20	494266	0
2015-01-26	230255	3.1
2014-06-03	462670	0
2014-06-06	495170	0
2015-11-18	391321	0
2013-11-28	331610	0
2013-01-30	482378	0
2013-01-25	537188	0
2014-03-05	508381	0
2013-09-21	535226	0
2015-12-19	460986	0
2015-08-20	388317	0
2013-12-25	245723	0
2014-11-11	402435	0
2014-06-11	477219	0
2015-01-04	328848	0
2015-04-17	469283	0
2016-07-06	311148	0
2013-09-23	411837	0
2013-08-24	448491	0
2015-01-22	452108	0
2016-05-24	371418	0
2013-06-19	489915	0
2013-02-08	432643	0
2014-12-22	382112	0
2014-08-07	446629	0
2015-12-31	339939	0
2016-06-01	368774	0
2013-04-09	477161	0
2013-12-10	478456	1.2
2015-11-04	384089	0
2013-04-04	532590	0
2015-02-19	477678	2.0
2015-10-18	400212	0
2015-09-07	284320	0
2013-07-14	435797	0
2016-09-03	270399	0
2013-11-23	553845	0
2016-11-18	372328	0
2016-11-03	373793	0
2016-03-27	345577	0
2015-02-13	486241	1.2
2013-03-04	466591	0
2015-01-11	419629	1.2
2013-08-27	422802	0
2015-04-24	474068	0
2016-03-18	436716	0
2015-06-14	382037	0
2016-06-24	388394	0
2013-03-11	451483	0
2015-09-12	433864	0
2014-09-12	486929	0
2015-10-01	394043	0
2013-06-22	474408	0
2013-08-23	464484	0
2014-05-17	506831	0
2013-09-15	462795	0
2014-12-29	339450	0
2013-01-03	441233	0
2014-01-26	457026	5.1
2015-10-09	402648	0
2016-02-02	363162	2.0
2013-02-25	451955	0
2015-12-18	458701	0
2015-12-15	396958	0
2013-10-02	475182	0
2014-09-11	478607	0
2016-12-26	205192	0
2014-02-24	439480	0
2014-11-08	515675	0
2015-02-02	336849	9.1
2015-11-24	377950	0
2016-12-28	276253	0
2015-12-26	238646	0
2013-11-02	550253	0
2014-07-20	398703	0
2016-11-23	325062	0
2016-04-05	399821	0
2014-05-24	413311	0
2014-02-23	442458	1.2
2016-09-10	391609	0
2015-07-06	315526	0
2014-01-23	462469	5.9
2014-01-20	378450	0
2016-11-25	244016	0
2013-04-13	555218	0
2014-09-20	492576	0
2013-12-20	520424	0
2015-05-05	432452	0
2015-03-08	411917	2.0
2015-03-14	496525	0
2013-11-22	524547	0
2013-05-22	502907	0
2014-02-26	492982	0
2016-01-31	361505	3.1
2013-01-18	543734	0
2014-03-07	547177	0
2015-10-25	390337	0
2016-03-06	385103	0
2013-10-07	426030	0
2015-06-28	348433	0
2014-03-26	502757	0
2013-08-08	437140	0
2016-05-29	298191	0
2016-05-14	435309	0
2013-04-24	500551	0
2015-05-09	469017	0
2014-12-03	438432	0
2013-06-13	519795	0
2016-09-29	367890	0
2014-07-15	436616	0
2014-02-27	512342	0
2013-07-17	496511	0
2013-09-29	457888	0
2014-10-28	434802	0
2016-10-08	378088	0
2015-05-08	449009	0
2013-11-14	506377	0
2014-08-21	441620	0
2016-06-29	357125	0
2014-01-08	473611	0
2014-12-12	497272	0
2015-03-10	413949	1.2
2013-05-17	533823	0
2014-05-16	515834	0
2016-05-10	376314	0
2016-09-22	349716	0
2016-10-12	320177	0
2013-09-02	332266	0
2015-04-21	426137	0
2014-12-21	419889	0
2015-05-17	423198	0
2014-04-10	498870	0
2014-03-18	469975	0
2014-06-13	496516	0
2015-02-15	459094	1.2
2014-12-06	508899	0
2013-10-20	473864	0
2015-07-21	375036	0
2014-10-05	416216	0
2016-06-05	353145	0
2014-07-01	445743	0
2013-07-11	495023	0
2015-02-10	424564	2.0
2015-08-23	316240	0
2013-09-09	451162	0
2014-08-02	440096	0
2016-01-12	367390	0
2016-07-27	362177	0
2013-12-18	488390	0
2014-01-16	482037	0
2014-10-24	492064	0
2014-12-09	437220	0
2015-01-07	429653	1.2
2014-03-29	574530	0
2016-05-13	397062	0
2013-12-24	369596	0
2016-10-06	370539	0
2013-02-20	512507	0
2016-02-10	393400	2.0
2013-07-29	409210	0
2016-11-30	337332	0
2014-10-22	461722	0
2014-10-21	445571	0
2016-03-02	407187	0
2016-05-21	435894	0
2015-12-11	427829	0
2013-02-01	567076	0
2015-06-27	445861	0
2014-11-29	395378	0
2013-08-13	449946	0
2013-04-19	544060	0
2014-07-26	448388	0
2015-06-08	391087	0
2015-04-01	440246	0
2015-06-07	402188	0
2016-08-13	338325	0
2016-10-21	376369	0
2013-11-10	473151	0
2014-03-06	531137	0
2016-01-05	343251	0
2013-07-16	466846	0
2013-12-27	381837	0
2015-06-01	400833	0
2014-12-01	399044	0
2014-05-03	544063	0
2015-12-12	439266	0
2014-10-19	461858	0
2016-10-16	335589	0
2016-10-26	366660	0
2013-01-05	473804	0
2014-11-26	425449	0
2014-06-01	435163	0
2016-07-04	226837	0
2014-08-25	357998	0
2016-07-03	232343	0
2013-02-07	535105	0
2015-10-04	365206	0
2015-08-07	386930	0
2014-12-23	384346	0
2016-04-12	390280	0
2015-01-30	483380	7.9
2014-12-27	323696	0
2013-06-14	507938	0
2015-04-10	468077	0
2015-01-14	442656	0
2015-06-24	411370	0
2014-03-23	480744	0
2016-06-26	331802	0
2013-05-11	540132	0
2013-08-04	202310	0
2016-08-16	333615	0
2016-05-31	340824	0
2015-10-05	344810	0
2014-05-07	484552	0
2016-05-03	400483	0
2014-09-17	451216	0
2016-06-23	390058	0
2015-09-13	382996	0
2014-08-05	422243	0
2016-08-27	309307	0
2015-09-28	323275	0
2015-05-06	444948	0
2016-09-17	375619	0
2016-10-23	343516	0
2014-10-09	477361	0
2013-06-20	499545	0
2016-02-20	424783	0
2016-05-16	378829	0
2015-12-09	391440	0
2015-09-17	410912	0
2016-06-19	330195	0
2016-02-18	410641	0
2015-09-22	367802	0
2013-06-23	436668	0
2015-06-09	409188	0
2016-12-30	303923	0
2014-02-22	522080	1.2
2014-03-17	433321	0
2014-12-18	482660	0
2014-07-11	458597	0
2015-03-04	435759	2.0
2013-08-17	438088	0
2015-12-23	339355	0
2015-08-08	363549	0
2014-04-29	483147	0
2014-12-15	410459	0
2016-05-01	382101	0
2013-02-13	524250	2.0
2016-01-24	159766	27.2
2015-07-05	275555	0
2014-11-22	516116	0
2014-04-01	462503	0
2015-01-08	450920	1.2
2014-11-02	435721	0
2016-04-21	390407	0
2015-06-26	425774	0
2016-09-05	234286	0
2013-01-17	512533	0
2015-12-21	347282	0
2015-08-01	389728	0
2016-08-14	287668	0
2013-07-30	443487	0
2014-06-23	413205	0
2013-05-24	493125	0
2016-11-07	322666	0
2015-05-13	439371	0
2016-12-03	400785	0
2014-05-22	489262	0
2014-12-17	456564	0
2014-10-16	481635	0
2014-07-05	308304	0
2016-02-12	434350	0
2016-08-18	343959	0
2013-12-05	498220	0
2015-08-14	377925	0
2016-06-09	393684	0
2014-01-31	526748	1.2
2013-01-26	557203	1.2
2014-01-28	468729	1.2
2015-08-19	380357	0
2016-01-04	316171	0
2016-09-18	332291	0
2014-03-12	483326	0
2014-05-27	432969	0
2015-03-05	366435	7.1
2013-11-12	473987	0
2014-08-28	414649	0
2015-11-07	443933	0
2013-08-02	236748	0
2015-10-23	428675	0
2014-01-22	377773	7.1
2014-10-25	500873	0
2014-07-07	378451	0
2013-10-19	549186	0
2013-11-19	475478	0
2016-07-30	343574	0
2016-05-11	383504	0
2013-03-20	493779	0
2016-06-08	381578	0
2015-01-29	431985	9.1
2014-03-04	499349	1.2
2014-07-23	466725	0
2014-08-20	422389	0
2014-01-18	507033	0
2015-07-18	403824	0
2015-10-17	459236	0
2015-05-30	451080	0
2013-10-23	495387	0
2013-04-08	440520	0
2014-02-25	472383	0
2014-03-27	507907	0
2013-11-01	555745	0
2013-07-10	474780	0
2016-12-20	356840	0
2013-11-11	417822	0
2016-10-27	363272	0
2014-09-06	503100	0
2013-12-06	530748	0
2015-08-26	356497	0
2014-10-01	458010	0
2016-10-28	387361	0
2014-03-24	443322	0
2015-07-02	365953	0
2014-09-16	447618	0
2014-08-19	405997	0
2016-01-23	78133	27.2
2016-08-04	353411	0
2014-07-24	461698	0
2015-03-29	424267	0
2016-03-26	403899	0
2014-11-07	486697	0
2013-02-22	558738	0
2016-12-18	350864	1.2
2013-03-23	553332	0
2013-08-01	307260	0
2015-09-08	374896	0
2015-12-17	418508	0
2013-08-21	454080	0
2016-08-19	338709	0
2016-04-19	377804	0
2016-01-26	327655	16.9
2013-08-19	397350	0
2013-10-11	516171	0
2013-12-04	471838	0
2013-06-05	497525	0
2015-04-13	377158	0
2014-04-19	483916	0
2013-09-28	526082	0
2014-04-02	483841	0
2013-01-13	442541	0
2016-05-15	408281	0
2013-12-09	452108	1.2
2015-11-19	394591	0
2014-11-19	458644	0
2013-07-23	465257	0
2016-02-04	394699	0
2016-08-28	286052	0
2014-12-02	440620	0
2014-05-08	508104	0
2016-11-21	328811	0
2016-02-05	409453	3.9
2015-01-05	363454	0
2016-07-05	293436	0
2016-09-15	365148	0
2014-07-25	461493	0
2013-01-24	533039	0
2015-04-05	377462	0
2013-05-08	509311	0
2013-10-26	536130	0
2013-07-25	487993	0
2016-12-14	375027	0
2016-12-17	390324	1.2
2016-07-11	306637	0
2015-06-19	436303	0
2015-12-25	188254	0
2016-10-30	344633	0
2013-12-28	391307	0
2015-02-01	423113	5.9
2013-02-18	407104	0
2014-10-08	456070	0
2015-01-27	135500	9.8
2015-12-24	297167	0
2013-10-27	468421	0
2015-04-29	427507	0
2016-09-09	383524	0
2013-03-02	584654	0
2015-09-11	411777	0
2014-05-18	473932	0
2015-02-21	455297	5.1
2014-07-14	416403	0
2015-06-03	425776	0
2014-01-21	255518	5.1
2016-10-03	288557	0
2013-04-01	428997	0
2013-06-02	451758	0
2015-06-15	374858	0
2016-05-23	346991	0
2015-11-02	348560	0
2015-08-09	317615	0
2015-07-30	390844	0
2015-11-05	402181	0
2014-11-13	464077	0
2013-07-06	355218	0
2014-08-11	377494	0
2015-12-27	268841	0
2016-03-10	406611	0
2015-05-07	442222	0
2014-08-06	439508	0
2014-01-11	511172	0
2013-09-08	462607	0
2013-09-25	461769	0
2015-11-15	381213	0
2015-11-01	390105	0
2016-02-24	400055	0
2013-07-20	485994	0
2015-03-26	427632	0
2015-11-06	419288	0
2015-09-09	396662	0
2016-04-08	440403	0
2015-11-10	378051	0
2015-03-20	458225	3.1
2015-01-13	448517	0
2016-01-22	420162	0
2013-08-22	471247	0
2015-02-11	447258	1.2
2014-11-16	442084	0
2014-05-05	461342	0
2014-08-17	380140	0
2015-02-26	471732	2.0
2016-03-03	428124	0
2015-10-22	410692	0
2016-01-10	351788	0
2016-11-01	355424	0
2014-02-17	391723	9.1
2014-12-28	323916	0
2016-10-07	366376	0
2016-07-10	302693	0
2016-11-26	297411	0
2016-12-11	341580	0
2015-10-10	432672	0
2015-10-21	389756	0
2014-01-05	388542	5.1
2015-03-15	418778	0
2014-07-31	453515	0
2014-08-18	376662	0
2014-04-05	543175	0
2014-06-28	472015	0
2016-03-21	344322	1.2
2013-11-16	538546	0
2015-09-30	381354	0
2015-04-19	445785	0
2016-12-24	254228	0
2015-10-12	328405	0
2013-02-23	584812	0
2014-07-13	410483	0
2013-10-29	463945	0
2013-07-21	414532	0
2015-04-06	375754	0
2013-04-26	539015	0
2015-05-12	424512	0
2014-03-25	461531	0
2013-04-02	495549	0
2015-12-20	385155	0
2016-11-20	337966	0
2015-05-27	415919	0
2015-03-25	427026	0
2014-04-21	421347	0
2014-10-23	471818	0
2016-01-08	392070	0
2016-08-01	308763	0
2015-11-26	242393	0
2013-04-07	461165	0
2013-06-04	477247	0
2016-03-11	425288	0
2016-06-04	420585	0
2016-10-22	401855	0
2013-09-07	511269	0
2014-11-25	409243	0
2016-02-11	431206	1.2
2016-08-23	305068	0
2013-10-18	526590	0
2014-06-10	463614	0
2013-04-23	498802	0
2016-10-29	390484	0
2013-10-06	457691	0
2013-02-21	538079	0
2013-04-11	525206	0
2013-12-01	398089	0
2016-04-15	433306	0
2014-12-13	501276	0
2015-06-20	413866	0
2014-02-03	382517	7.1
2016-02-17	386982	0
2016-08-06	324402	0
2013-09-26	484958	0
2015-01-31	520067	7.1
2015-11-21	439304	0
2016-10-05	358090	0
2013-03-13	514843	0
2013-03-14	552660	0
2013-12-11	485363	1.2
2013-12-29	407235	0
2014-01-30	495971	1.2
2015-02-28	499637	1.2
2015-10-27	381755	0
2015-03-27	465493	0
2014-09-10	466592	0
2014-04-25	526282	0
2014-07-12	447090	0
2015-09-19	442543	0
2015-12-08	382226	0
2014-06-15	414417	0
2016-07-22	375854	0
2015-09-20	393050	0
2016-06-13	341089	0
2013-12-23	385241	0
2014-11-14	491482	0
2013-02-16	542291	0
2016-06-07	376429	0
2015-07-28	384234	0
2015-03-11	428366	1.2
2014-10-18	513702	0
2016-12-06	350832	0
2015-11-20	422421	0
2016-04-18	355564	0
2015-07-04	254353	0
2015-09-26	427332	0
2014-05-26	336173	0
2016-07-09	333013	0
2015-03-28	510351	0
2014-07-02	439423	0
2014-05-19	452923	0
2014-10-12	437673	0
2016-11-15	349883	0
2016-04-20	395607	0
2014-01-27	418863	2.0
2013-07-08	413838	0
2014-09-01	319157	0
2014-09-14	450849	0
2013-09-27	502250	0
2014-07-04	309652	0
2014-05-02	516985	0
2015-04-16	452157	0
2014-03-16	485008	0
2016-05-12	400088	0
2014-02-09	466492	5.1
2015-01-19	342795	0
2015-04-28	411771	0
2015-09-14	345874	0
2014-10-02	467301	0
2016-06-16	398725	0
2013-05-29	479913	0
2014-08-01	453428	0
2013-03-16	574056	0
2014-04-20	429066	0
2014-10-06	409584	0
2013-03-09	562200	1.2
2016-05-22	369331	0
2016-08-26	325712	0
2014-02-01	533783	0
2014-11-30	370177	0
2014-12-30	377702	0
2016-02-15	350399	2.0
2014-11-03	412503	0
2015-07-27	348629	0
2013-07-09	458674	0
2014-01-15	466443	0
2016-04-01	411731	0
2015-05-02	507619	0
2016-12-07	361705	0
2013-07-12	507426	0
2013-08-07	465632	0
2015-11-08	392409	0
2014-05-29	489739	0
2013-08-18	390925	0
2013-07-19	515946	0
2013-06-09	441053	0
2015-04-12	407342	0
2014-03-31	432430	0
2016-08-31	320951	0
2014-02-13	326187	9.1
2014-09-25	426440	0
2014-08-04	392871	0
2015-01-28	380192	9.1
2016-08-12	359868	0
2013-05-02	523150	0
2013-04-29	459114	0
2013-12-16	454088	0
2016-09-06	320607	0
2015-02-05	459717	5.1
2014-04-13	472041	0
2015-03-30	391004	0
2016-04-29	416560	0
2013-06-17	437845	0
2014-03-30	462771	0
2014-09-28	433820	0
2015-11-30	347002	0
2014-06-08	434856	0
2014-04-12	540202	0
2015-04-22	432491	0
2015-01-16	478124	0
2014-06-25	468089	0
2014-03-10	442200	0
2013-09-24	435121	0
2015-11-29	333746	0
2016-04-03	392300	0
2014-12-26	278667	0
2015-07-19	395475	0
2015-06-16	400518	0
2014-06-18	472667	0
2015-11-16	347615	0
2013-10-21	435562	0
2013-08-03	226553	0
2015-02-07	485504	3.9
2016-07-13	370677	0
2013-07-04	326471	0
2016-05-27	364951	0
2016-12-13	352855	0
2013-01-19	510530	0
2014-07-18	460247	0
