2013-12-14	516303	28.8
2016-03-04	434165	33.3
2016-12-05	333589	43.9
2013-11-04	448323	40.5
2013-01-04	478437	33.8
2015-03-13	476936	37.1
2016-01-16	411899	47.7
2016-03-30	385469	43.6
2014-12-16	439779	41.2
2016-01-03	302878	40.3
2013-01-15	496899	39.6
2016-02-28	366255	43.2
2013-03-22	548247	34.8
2013-01-31	531161	48.1
2014-03-21	516535	45.3
2016-12-10	412173	33.2
2016-01-25	282087	30.8
2015-11-17	384488	49.6
2013-11-03	482847	51.6
2014-12-11	469687	35.0
2016-01-07	364894	36.9
2016-03-22	366751	43.0
2014-02-08	549967	26.7
2016-03-28	344634	48.5
2013-01-29	477380	39.0
2015-01-02	345296	39.3
2015-02-20	498957	11.2
2014-02-10	435911	26.0
2016-02-14	402448	8.5
2015-01-23	472440	33.2
2016-01-17	379156	39.0
2013-03-19	477028	37.4
2014-02-04	454444	28.8
2015-12-07	371715	46.8
2016-01-30	435369	33.5
2016-01-18	341481	28.8
2016-11-08	318981	52.0
2014-03-28	522404	42.7
2016-02-25	413644	50.4
2013-01-28	450789	30.6
2014-02-14	472229	36.1
2013-01-10	487949	45.2
2014-12-31	405293	30.4
2015-12-05	451092	45.0
2014-01-19	462238	30.5
2013-02-24	474783	40.1
2014-02-28	544363	18.3
2013-03-26	460401	41.9
2015-12-04	431007	47.3
2013-11-18	425004	59.2
2016-01-06	348516	29.5
2013-01-12	507429	45.7
2015-02-24	448513	13.5
2013-02-28	524890	44.3
2015-01-18	427042	36.2
2016-02-01	341323	48.1
2013-03-27	486853	44.6
2014-11-01	561404	47.8
2013-01-20	459393	45.6
2013-11-07	508154	58.4
2016-01-14	396473	29.3
2015-11-03	364999	56.5
2014-01-07	460052	15.1
2013-02-19	456383	37.1
2013-12-21	478717	47.5
2016-02-16	363836	46.1
2013-03-28	512225	44.4
2013-12-02	427094	44.5
2014-01-01	420810	29.3
2016-12-21	350458	34.9
2015-01-01	382014	32.6
2016-02-03	372021	46.6
2015-03-21	468108	34.6
2014-01-06	395445	46.1
2013-02-10	459612	24.2
2014-11-18	456387	37.7
2014-02-18	419655	31.9
2016-01-19	385187	22.7
2015-11-22	376593	53.2
2014-11-27	296309	37.3
2013-11-25	445802	28.3
2016-02-22	346756	44.9
2015-02-04	415624	30.7
2015-12-30	319649	43.2
2015-12-13	377073	57.5
2016-03-16	398150	50.1
2015-03-12	461719	46.8
2016-01-20	382105	32.3
2015-02-18	436607	22.7
2013-03-17	493734	34.0
2013-11-30	433028	31.7
2015-01-06	384324	22.1
2014-01-13	419698	39.9
2014-02-02	464225	38.9
2015-11-28	344527	54.8
2014-02-19	446126	35.7
2014-11-09	445908	49.6
2014-11-06	470232	52.3
2013-03-31	447157	44.4
2015-02-09	381114	28.4
2016-03-13	366816	55.1
2014-11-15	508043	38.2
2014-12-08	431042	30.7
2015-03-31	429914	44.5
2014-03-09	473451	44.0
2014-01-25	530551	23.9
2013-11-15	514297	45.3
2015-11-23	366012	42.4
2014-01-29	477984	19.0
2014-02-11	489373	21.9
2013-03-18	458062	32.3
2016-12-29	290514	39.2
2015-02-25	444233	27.8
2015-12-22	355205	54.5
2016-11-24	219830	44.1
2013-12-08	488180	32.2
2013-11-17	464838	53.4
2014-11-24	398633	57.3
2016-01-15	401289	40.2
2016-11-27	282571	45.3
2013-03-10	468337	38.4
2015-01-24	460505	35.4
2014-01-24	509509	15.9
2016-02-27	440935	32.5
2013-03-05	493815	37.9
2015-02-03	421128	19.7
2013-01-27	470833	25.0
2015-11-14	446987	48.7
2015-12-14	370299	55.2
2013-11-05	467510	45.4
2014-11-20	458620	39.5
2013-03-15	559360	36.5
2016-01-09	405825	45.0
2016-03-08	372923	50.9
2014-11-21	495376	33.7
2016-03-15	383315	48.8
2015-03-02	388548	32.5
2016-03-19	442185	43.8
2014-12-25	210250	52.3
2014-03-08	551574	42.3
2016-02-09	367992	30.3
2013-11-09	545002	44.5
2016-11-22	345462	40.3
2016-12-16	419164	22.5
2013-11-13	492095	34.0
2015-03-06	446842	20.2
2015-02-17	394363	20.4
2016-01-02	312831	37.6
2013-02-17	506209	30.3
2016-03-07	348700	41.5
2015-12-28	301398	45.5
2016-11-05	392295	53.7
2015-12-06	398882	44.6
2015-02-08	410477	37.2
2013-11-26	438122	36.5
2015-11-12	406649	56.1
2016-03-05	451262	35.0
2016-11-04	378670	58.3
2013-01-07	407363	42.0
2014-02-07	512218	28.0
2015-02-06	476995	18.6
2016-12-09	405547	37.1
2015-01-25	407579	38.7
2016-03-25	399751	52.0
2016-01-21	399654	32.8
2014-02-20	466020	39.2
2014-11-05	449110	58.5
2015-12-29	311730	41.9
2014-11-10	407197	49.3
2015-11-09	352729	49.8
2014-02-15	491375	34.0
2013-11-29	373808	34.8
2013-11-21	497944	40.4
2013-11-24	498122	29.6
2015-12-10	406176	54.2
2016-03-24	407035	49.2
2016-11-13	339631	49.0
2016-03-12	442084	48.9
2015-03-16	374820	40.9
2015-01-17	476827	23.2
2016-03-01	372868	46.1
2013-01-16	500065	35.8
2016-02-26	437798	37.6
2013-12-07	552655	39.0
2014-11-17	402189	45.3
2014-02-16	457332	27.3
2016-12-04	346550	43.5
2013-03-06	518309	39.6
2015-03-19	451904	34.6
2016-11-11	365267	54.7
2016-11-17	359986	55.6
2016-02-23	395790	39.3
2016-03-31	394055	52.5
2013-03-21	505003	35.5
2013-12-12	507534	27.5
2014-12-24	348267	49.2
2013-01-06	403667	37.2
2014-01-12	450487	46.9
2013-03-03	493312	33.7
2016-01-27	359180	42.7
2013-02-09	392006	28.9
2014-11-28	347711	35.2
2016-01-11	342651	37.6
2015-11-13	427717	57.1
2015-02-16	412835	11.3
2013-03-24	468001	39.2
2014-03-20	500070	47.0
2015-12-01	374390	47.9
2016-12-22	340109	42.0
2014-12-10	447350	39.7
2014-01-10	507732	31.3
2013-11-20	493407	38.2
2013-01-01	412630	39.1
2014-01-09	479714	26.2
2015-02-12	463682	31.2
2013-01-22	496005	24.0
2013-02-11	458947	37.5
2016-12-08	377374	42.6
2013-01-11	521398	40.0
2016-11-09	355018	55.0
2015-01-15	451186	30.9
2013-03-25	438928	37.6
2015-11-27	275078	54.0
2014-03-03	463982	26.8
2016-03-20	389644	39.6
2016-11-10	359630	50.2
2013-02-15	537129	39.2
2015-02-14	501397	24.2
2014-11-12	444745	59.9
2016-11-12	382598	44.3
2016-02-06	428485	33.4
2016-12-23	315757	42.8
2014-03-15	547916	47.6
2013-03-12	494922	48.0
2013-02-06	506443	33.7
2013-02-14	527476	37.7
2015-02-22	399059	34.2
2016-02-08	343066	35.6
2014-12-14	441365	41.1
2014-11-23	425989	46.4
2013-01-21	384614	31.4
2016-02-21	372128	49.4
2015-01-12	396367	36.2
2016-12-01	364949	54.6
2015-12-16	417643	51.1
2016-12-15	404341	30.4
2013-12-15	458267	37.7
2016-03-14	383944	48.2
2013-12-30	405705	41.0
2014-12-07	460972	40.6
2014-01-04	417499	15.0
2014-02-05	413853	32.4
2013-12-22	403373	53.5
2016-03-17	399704	51.2
2016-11-16	348325	52.3
2015-11-25	358723	42.4
2013-02-02	569777	25.0
2014-03-19	489567	36.0
2016-03-09	384571	49.7
2014-03-01	554906	25.6
2015-01-20	405581	39.0
2014-02-21	503515	39.9
2014-01-14	454108	45.6
2013-12-26	321895	32.4
2014-12-19	509016	38.3
2015-01-03	406769	36.5
2013-02-12	503963	42.3
2014-03-13	549191	29.8
2016-12-31	284166	37.9
2013-01-08	441778	38.6
2013-03-07	538316	36.4
2014-03-14	539176	29.9
2013-01-09	457471	40.6
2015-03-01	385267	26.0
2013-11-27	447133	50.3
2016-02-29	347834	48.0
2014-12-05	496034	40.4
2016-11-29	323949	54.6
2013-12-03	463782	43.9
2014-11-04	424682	57.3
2013-01-14	443650	50.3
2015-02-23	431831	29.4
2013-11-08	528447	46.4
2015-12-03	414005	52.0
2013-02-26	496612	38.6
2015-03-23	390353	32.1
2013-11-06	483207	52.4
2015-01-10	515540	22.4
2016-11-06	336730	56.3
2014-01-03	275470	16.4
2016-11-28	298385	45.3
2014-02-06	478790	29.1
2016-01-29	414039	37.7
2015-03-22	429016	41.3
2014-02-12	481968	19.2
2015-03-18	452981	35.2
2013-02-04	457093	28.0
2013-12-13	543606	28.3
2015-03-07	504246	25.5
2016-11-02	346670	58.6
2015-03-24	412152	33.7
2016-01-28	383326	34.6
2016-11-14	319067	50.9
2016-12-12	330215	42.0
2015-01-09	447947	26.1
2016-02-19	420796	29.8
2015-03-03	397691	28.6
2015-03-17	413376	46.8
2013-02-27	509033	43.7
2016-01-13	395090	29.5
2014-12-04	458616	42.3
2016-12-25	167893	45.0
2015-11-11	372002	54.0
2013-03-08	545587	33.5
2016-11-19	384371	53.4
2015-02-27	487022	24.9
2015-01-21	431486	32.4
2013-01-02	393001	28.7
2013-02-05	482637	29.4
2013-01-23	520520	15.7
2016-12-19	347163	31.2
2013-12-17	481726	28.4
2013-12-31	467587	26.9
2014-01-02	359958	30.1
2014-01-17	490852	37.0
2013-12-19	496031	36.2
2013-02-03	472623	26.8
2016-03-29	378360	50.7
2015-12-02	379756	49.8
2016-12-02	390235	46.5
2014-03-11	456983	49.3
2016-02-07	373201	37.4
2016-03-23	381739	55.2
2013-03-01	564492	41.3
2016-12-27	248803	53.7
2013-03-29	519004	47.8
2016-01-01	345037	42.4
2013-03-30	504537	47.4
2015-03-09	392009	42.4
2016-02-13	448611	22.1
2014-03-02	462065	36.1
2014-03-22	534441	47.8
2014-12-20	494266	32.8
2015-01-26	230255	28.4
2015-11-18	391321	50.2
2013-11-28	331610	34.9
2013-01-30	482378	45.0
2013-01-25	537188	18.3
2014-03-05	508381	31.2
2015-12-19	460986	39.2
2013-12-25	245723	26.4
2014-11-11	402435	54.0
2015-01-04	328848	47.3
2015-01-22	452108	35.4
2013-02-08	432643	33.8
2014-12-22	382112	40.3
2015-12-31	339939	48.4
2015-11-04	384089	59.7
2013-12-10	478456	36.0
2015-02-19	477678	22.1
2016-11-18	372328	53.7
2016-03-27	345577	44.2
2016-11-03	373793	63.2
2013-11-23	553845	47.8
2015-02-13	486241	18.8
2013-03-04	466591	34.1
2015-01-11	419629	25.7
2016-03-18	436716	52.4
2013-03-11	451483	43.2
2014-12-29	339450	43.0
2013-01-03	441233	29.8
2014-01-26	457026	22.4
2016-02-02	363162	44.5
2013-02-25	451955	38.2
2015-12-18	458701	51.7
2015-12-15	396958	60.3
2014-11-08	515675	42.8
2014-02-24	439480	40.5
2016-12-26	205192	38.9
2015-02-02	336849	31.7
2015-11-24	377950	39.1
2016-12-28	276253	42.6
2015-12-26	238646	55.5
2013-11-02	550253	59.9
2016-11-23	325062	40.2
2014-02-23	442458	44.2
2014-01-23	462469	13.7
2014-01-20	378450	39.4
2016-11-25	244016	49.1
2013-12-20	520424	43.0
2015-03-08	411917	38.9
2015-03-14	496525	42.7
2013-11-22	524547	52.1
2014-02-26	492982	28.4
2016-01-31	361505	39.9
2013-01-18	543734	31.9
2014-03-07	547177	30.1
2016-03-06	385103	36.9
2014-03-26	502757	34.6
2014-12-03	438432	45.3
2014-02-27	512342	25.2
2013-11-14	506377	40.9
2014-01-08	473611	14.1
2014-12-12	497272	35.7
2015-03-10	413949	42.3
2014-12-21	419889	34.9
2014-03-18	469975	33.4
2015-02-15	459094	21.3
2014-12-06	508899	48.0
2015-02-10	424564	29.9
2016-01-12	367390	32.7
2013-12-18	488390	29.7
2014-01-16	482037	40.2
2014-12-09	437220	40.0
2015-01-07	429653	22.0
2014-03-29	574530	46.9
2013-12-24	369596	40.4
2013-02-20	512507	34.9
2016-02-10	393400	34.9
2016-11-30	337332	55.8
2016-03-02	407187	46.7
2015-12-11	427829	51.8
2013-02-01	567076	30.5
2014-11-29	395378	31.5
2013-11-10	473151	50.6
2014-03-06	531137	25.6
2016-01-05	343251	19.0
2013-12-27	381837	35.8
2014-12-01	399044	53.6
2015-12-12	439266	55.7
2013-01-05	473804	36.9
2014-11-26	425449	44.0
2013-02-07	535105	29.6
2014-12-23	384346	47.7
2015-01-30	483380	35.5
2014-12-27	323696	44.3
2015-01-14	442656	24.4
2014-03-23	480744	43.4
2016-02-20	424783	46.1
2015-12-09	391440	44.4
2016-02-18	410641	34.6
2016-12-30	303923	39.3
2014-02-22	522080	42.0
2014-03-17	433321	30.1
2014-12-18	482660	42.3
2015-03-04	435759	36.6
2015-12-23	339355	54.4
2014-12-15	410459	40.8
2013-02-13	524250	36.7
2016-01-24	159766	27.1
2014-11-22	516116	34.1
2015-01-08	450920	13.9
2014-11-02	435721	44.9
2013-01-17	512533	40.0
2015-12-21	347282	45.8
2016-11-07	322666	47.6
2016-12-03	400785	45.8
2014-12-17	456564	48.8
2016-02-12	434350	21.5
2013-12-05	498220	51.4
2014-01-31	526748	31.0
2013-01-26	557203	20.8
2014-01-28	468729	19.8
2016-01-04	316171	33.8
2014-03-12	483326	47.2
2015-03-05	366435	32.8
2013-11-12	473987	43.9
2015-11-07	443933	64.8
2014-01-22	377773	12.7
2013-11-19	475478	49.2
2013-03-20	493779	39.4
2015-01-29	431985	25.4
2014-03-04	499349	19.9
2014-01-18	507033	38.7
2014-02-25	472383	29.7
2014-03-27	507907	29.8
2013-11-01	555745	63.6
2016-12-20	356840	27.0
2013-11-11	417822	49.3
2013-12-06	530748	50.5
2014-03-24	443322	29.2
2016-01-23	78133	28.7
2015-03-29	424267	34.2
2016-03-26	403899	47.3
2014-11-07	486697	50.3
2013-02-22	558738	30.5
2016-12-18	350864	47.2
2013-03-23	553332	39.3
2015-12-17	418508	53.9
2016-01-26	327655	38.6
2013-12-04	471838	43.7
2013-01-13	442541	43.9
2013-12-09	452108	35.9
2015-11-19	394591	59.8
2014-11-19	458644	27.6
2016-02-04	394699	52.8
2014-12-02	440620	40.8
2016-11-21	328811	39.8
2016-02-05	409453	38.9
2015-01-05	363454	43.0
2013-01-24	533039	17.7
2016-12-14	375027	41.2
2016-12-17	390324	31.2
2015-12-25	188254	59.0
2013-12-28	391307	40.6
2015-02-01	423113	27.4
2013-02-18	407104	24.2
2015-01-27	135500	24.8
2015-12-24	297167	61.6
2013-03-02	584654	38.0
2015-02-21	455297	20.7
2014-01-21	255518	27.1
2015-11-02	348560	58.9
2015-11-05	402181	59.8
2014-11-13	464077	46.0
2015-12-27	268841	53.8
2016-03-10	406611	58.7
2014-01-11	511172	46.0
2015-11-15	381213	47.6
2015-11-01	390105	57.8
2016-02-24	400055	44.1
2015-03-26	427632	45.3
2015-11-06	419288	65.3
2015-11-10	378051	56.6
2015-03-20	458225	35.0
2015-01-13	448517	32.1
2016-01-22	420162	27.3
2015-02-11	447258	29.6
2014-11-16	442084	38.4
2015-02-26	471732	27.8
2016-03-03	428124	31.7
2016-01-10	351788	52.2
2016-11-01	355424	49.0
2014-02-17	391723	24.4
2014-12-28	323916	47.1
2016-11-26	297411	49.6
2016-12-11	341580	32.5
2014-01-05	388542	30.6
2015-03-15	418778	45.1
2016-03-21	344322	39.5
2013-11-16	538546	49.4
2016-12-24	254228	42.1
2013-02-23	584812	39.4
2014-03-25	461531	31.5
2015-12-20	385155	39.7
2016-11-20	337966	43.6
2015-03-25	427026	37.4
2015-11-26	242393	46.0
2016-01-08	392070	39.7
2016-03-11	425288	61.3
2014-11-25	409243	56.6
2016-02-11	431206	28.1
2013-02-21	538079	29.2
2013-12-01	398089	41.9
2014-12-13	501276	38.2
2014-02-03	382517	37.5
2016-02-17	386982	40.0
2015-01-31	520067	20.8
2015-11-21	439304	47.6
2013-03-13	514843	45.4
2013-03-14	552660	37.1
2013-12-11	485363	30.4
2013-12-29	407235	43.9
2014-01-30	495971	21.1
2015-02-28	499637	23.2
2015-03-27	465493	45.3
2015-12-08	382226	46.1
2013-12-23	385241	54.3
2014-11-14	491482	40.2
2013-02-16	542291	38.8
2015-03-11	428366	48.8
2016-12-06	350832	43.3
2015-11-20	422421	59.3
2015-03-28	510351	39.0
2016-11-15	349883	51.3
2014-01-27	418863	35.5
2014-03-16	485008	39.5
2014-02-09	466492	25.7
2015-01-19	342795	39.7
2013-03-16	574056	38.3
2013-03-09	562200	42.5
2014-02-01	533783	36.4
2014-11-30	370177	47.9
2014-12-30	377702	33.6
2016-02-15	350399	19.3
2014-11-03	412503	47.8
2014-01-15	466443	39.9
2016-12-07	361705	43.5
2015-11-08	392409	54.3
2014-03-31	432430	43.0
2014-02-13	326187	30.5
2015-01-28	380192	23.5
2013-12-16	454088	31.8
2015-02-05	459717	32.9
2015-03-30	391004	41.7
2014-03-30	462771	48.8
2015-11-30	347002	41.3
2015-01-16	478124	34.4
2014-03-10	442200	41.7
2015-11-29	333746	44.5
2014-12-26	278667	45.0
2015-11-16	347615	55.8
2015-02-07	485504	29.7
2016-12-13	352855	41.0
2013-01-19	510530	37.5
