2013-01-23	520520
2013-01-22	496005
2016-11-18	372328
2013-01-21	384614
2016-11-19	384371
2014-08-12	413297
2013-01-20	459393
2013-05-05	488396
2014-08-13	434391
2013-01-27	470833
2014-04-29	483147
2013-05-04	554561
2014-08-10	372124
2013-01-26	557203
2014-04-28	436246
2014-04-27	473210
2013-05-07	490805
2014-08-11	377494
2013-01-25	537188
2013-05-06	468128
2014-04-26	540090
2014-08-16	419353
2013-01-24	533039
2013-12-01	398089
2016-11-12	382598
2016-11-13	339631
2014-04-25	526282
2013-05-01	496654
2014-08-17	380140
2013-12-03	463782
2014-04-24	505056
2016-11-10	359630
2014-08-14	439289
2013-05-03	550959
2014-04-23	501335
2014-08-15	444148
2013-12-02	427094
2016-10-19	355020
2016-11-11	365267
2016-11-16	348325
2016-10-18	339332
2013-12-05	498220
2014-04-22	463407
2013-05-02	523150
2016-09-30	371954
2013-12-04	471838
2014-04-21	421347
2016-11-17	359986
2016-11-14	319067
2013-12-07	552655
2014-04-20	429066
2016-10-15	381537
2013-12-06	530748
2016-11-15	349883
2013-12-09	452108
2013-05-30	510309
2016-10-14	380513
2013-05-31	525606
2016-10-17	315861
2013-05-09	526752
2013-12-08	488180
2016-10-16	335589
2015-06-30	374240
2013-05-08	509311
2016-10-11	321694
2016-06-09	393684
2016-08-29	287726
2016-06-08	381578
2016-10-10	291791
2016-08-28	286052
2016-10-13	367959
2016-10-12	320177
2016-06-05	353145
2016-08-25	332810
2016-06-04	420585
2016-08-24	321490
2016-06-07	376429
2016-08-27	309307
2016-06-06	356542
2016-08-26	325712
2016-06-01	368774
2016-08-21	290441
2016-08-20	314436
2016-06-03	401806
2016-08-23	305068
2016-06-02	392922
2016-08-22	283148
2014-05-28	472420
2014-05-29	489739
2014-05-24	413311
2014-05-25	378073
2013-10-10	507456
2014-05-26	336173
2013-10-11	516171
2014-05-27	432969
2013-10-12	524068
2014-05-20	472199
2013-10-13	462766
2014-05-21	483979
2013-10-14	403416
2014-07-31	453515
2014-05-22	489262
2014-05-23	495859
2013-10-15	430354
2014-07-30	441490
2016-01-31	361505
2013-10-16	477305
2016-01-30	435369
2013-10-17	506341
2013-10-18	526590
2013-10-19	549186
2015-05-18	403641
2015-05-19	432943
2015-05-14	439936
2015-05-15	457541
2015-05-16	479580
2015-05-17	423198
2015-05-10	405427
2015-05-11	395280
2013-09-09	451162
2015-05-12	424512
2013-09-08	462607
2015-05-13	439371
2014-11-30	370177
2013-09-01	384470
2013-09-03	422359
2015-07-27	348629
2013-09-02	332266
2015-07-26	349537
2013-09-05	467390
2015-07-25	387034
2013-09-04	453983
2015-01-25	407579
2015-12-14	370299
2015-07-24	403878
2013-09-07	511269
2015-01-24	460505
2015-07-23	404102
2015-12-15	396958
2013-09-06	508640
2015-01-27	135500
2015-12-16	417643
2015-07-22	392078
2015-12-17	418508
2015-01-26	230255
2015-07-21	375036
2015-12-10	406176
2015-01-21	431486
2015-07-20	374211
2015-12-11	427829
2015-01-20	405581
2014-09-30	435417
2014-03-13	549191
2015-12-12	439266
2015-01-23	472440
2014-03-12	483326
2015-12-13	377073
2015-01-22	452108
2014-03-11	456983
2013-11-08	528447
2014-10-17	492494
2016-12-19	347163
2014-03-10	442200
2013-11-09	545002
2014-10-16	481635
2016-12-18	350864
2014-03-17	433321
2014-10-15	456636
2014-03-16	485008
2015-07-29	405923
2014-03-15	547916
2015-01-29	431985
2014-10-14	431529
2013-11-04	448323
2015-12-18	458701
2015-07-28	384234
2013-11-05	467510
2014-10-13	389171
2015-01-28	380192
2015-12-19	460986
2014-03-14	539176
2013-11-06	483207
2014-10-12	437673
2016-12-13	352855
2013-11-07	508154
2014-10-11	509530
2016-12-12	330215
2014-03-19	489567
2014-01-31	526748
2014-10-10	489982
2016-12-11	341580
2014-03-18	469975
2013-11-01	555745
2014-01-30	495971
2013-07-09	458674
2016-12-10	412173
2013-11-02	550253
2013-07-08	413838
2016-12-17	390324
2013-11-03	482847
2016-12-16	419164
2016-12-15	404341
2016-12-14	375027
2014-10-19	461858
2013-07-03	435265
2014-10-18	513702
2013-05-16	528160
2013-07-02	442300
2013-05-17	533823
2013-07-01	422480
2016-09-28	360689
2014-04-30	497569
2013-05-14	490347
2016-09-29	367890
2013-12-12	507534
2013-05-15	508359
2013-07-07	358766
2013-12-13	543606
2013-05-12	461193
2013-07-06	355218
2013-12-10	478456
2013-05-13	460124
2013-07-05	353054
2013-12-11	485363
2013-05-10	538311
2013-07-04	326471
2016-09-22	349716
2013-12-16	454088
2013-05-11	540132
2016-09-23	359645
2013-01-30	482378
2013-12-17	481726
2016-10-08	378088
2016-09-20	315049
2013-01-31	531161
2013-12-14	516303
2016-10-09	333626
2016-10-06	370539
2016-09-21	325578
2013-12-15	458267
2015-08-13	380992
2016-10-07	366376
2016-09-26	320999
2015-08-12	370323
2016-10-04	319555
2016-09-27	342012
2015-08-11	357209
2016-10-05	358090
2013-12-18	488390
2016-09-24	378181
2016-10-02	324835
2015-08-10	321006
2013-12-19	496031
2013-05-18	535926
2016-09-25	337791
2015-08-17	338247
2016-10-03	288557
2013-05-19	489710
2015-08-16	335299
2016-06-18	370619
2016-10-01	368086
2015-08-15	370379
2016-06-19	330195
2016-06-16	398725
2015-06-24	411370
2015-08-14	377925
2016-06-17	388360
2015-06-25	419739
2016-06-14	363431
2015-06-26	425774
2016-06-15	383083
2015-08-19	380357
2015-06-27	445861
2016-06-12	329144
2015-08-18	370681
2015-06-20	413866
2015-06-21	366158
2016-06-13	341089
2015-06-22	374849
2016-06-10	401458
2015-06-23	406139
2016-08-30	300429
2016-06-11	388008
2016-08-31	320951
2016-02-23	395790
2016-04-03	392300
2016-02-22	346756
2016-04-02	444864
2016-02-21	372128
2016-04-01	411731
2016-02-20	424783
2015-06-28	348433
2016-02-27	440935
2015-06-29	359808
2016-04-07	409679
2016-02-26	437798
2016-04-06	400950
2016-02-25	413644
2016-04-05	399821
2016-02-24	400055
2016-04-04	374947
2016-02-29	347834
2016-04-09	456980
2016-02-28	366255
2016-04-08	440403
2014-05-19	452923
2014-05-18	473932
2014-12-31	405293
2014-12-30	377702
2014-05-11	454120
2014-07-28	368733
2014-05-10	527537
2014-07-29	422448
2014-07-26	448388
2014-05-13	473044
2014-07-27	403948
2014-05-12	437492
2014-07-24	461698
2014-05-15	495003
2014-07-25	461493
2014-05-14	466666
2014-07-22	447126
2013-10-29	463945
2014-05-17	506831
2014-07-23	466725
2013-10-28	432200
2014-05-16	515834
2015-05-29	441299
2016-01-22	420162
2014-07-20	398703
2015-05-28	432112
2014-07-21	399110
2016-01-23	78133
2013-10-25	530999
2016-01-20	382105
2013-10-24	513937
2016-01-21	399654
2013-10-27	468421
2016-01-26	327655
2013-10-26	536130
2016-01-27	359180
2015-02-20	498957
2013-10-21	435562
2016-01-24	159766
2015-02-21	455297
2013-10-20	473864
2016-01-25	282087
2015-05-21	446819
2015-02-22	399059
2013-10-23	495387
2015-05-20	441232
2015-02-23	431831
2013-10-22	466786
2016-01-28	383326
2015-02-24	448513
2015-05-23	383363
2016-01-29	414039
2015-05-22	419629
2015-02-25	444233
2015-05-25	301706
2015-02-26	471732
2015-05-24	336652
2015-02-27	487022
2015-02-28	499637
2015-05-27	415919
2015-05-26	387134
2013-09-18	484596
2013-09-19	504010
2013-09-12	503526
2013-09-13	523280
2013-09-10	483385
2015-07-30	390844
2013-09-11	501093
2014-09-20	492576
2015-07-31	397815
2013-09-16	444748
2014-01-15	466443
2014-09-21	402953
2013-09-17	468093
2015-12-21	347282
2014-01-14	454108
2014-09-22	393656
2013-09-14	518170
2015-12-20	385155
2014-01-17	490852
2014-09-23	401123
2013-09-15	462795
2014-01-28	468729
2015-12-23	339355
2014-01-16	482037
2014-09-24	416770
2014-01-29	477984
2015-12-22	355205
2014-01-11	511172
2014-09-25	426440
2015-12-25	188254
2014-01-10	507732
2014-09-26	448361
2013-02-13	524250
2015-12-24	297167
2014-01-13	419698
2014-09-27	486921
2014-09-28	433820
2013-02-12	503963
2015-12-27	268841
2015-01-30	483380
2014-01-12	450487
2014-09-29	400318
2013-02-11	458947
2015-01-31	520067
2015-12-26	238646
2015-12-29	311730
2013-02-10	459612
2015-12-28	301398
2013-02-17	506209
2014-01-20	378450
2014-10-01	458010
2014-03-08	551574
2013-02-16	542291
2014-01-21	255518
2014-10-02	467301
2014-01-19	462238
2014-03-09	473451
2013-02-15	537129
2014-01-22	377773
2014-10-03	485297
2014-01-18	507033
2013-02-14	527476
2013-11-30	433028
2014-01-23	462469
2014-10-04	467371
2014-03-04	499349
2014-01-24	509509
2014-10-05	416216
2014-03-05	508381
2013-02-19	456383
2014-01-25	530551
2014-10-06	409584
2014-03-06	531137
2013-02-18	407104
2014-01-26	457026
2014-10-07	436891
2013-03-07	538316
2014-10-08	456070
2014-03-07	547177
2014-01-27	418863
2014-10-09	477361
2013-03-06	518309
2013-03-05	493815
2014-03-01	554906
2013-03-04	466591
2014-03-02	462065
2013-03-03	493312
2014-03-03	463982
2013-03-02	584654
2016-12-04	346550
2013-03-01	564492
2016-12-05	333589
2016-12-06	350832
2016-12-07	361705
2016-12-01	364949
2013-01-01	412630
2016-12-02	390235
2016-12-03	400785
2013-01-03	441233
2013-03-09	562200
2013-07-14	435797
2013-01-02	393001
2013-03-08	545587
2013-07-15	443449
2013-01-05	473804
2013-07-16	466846
2013-01-04	478437
2014-04-05	543175
2013-07-17	496511
2016-12-08	377374
2013-01-07	407363
2014-04-04	544519
2013-07-10	474780
2016-12-09	405547
2013-01-06	403667
2014-02-07	512218
2013-01-09	457471
2014-04-07	460614
2013-07-11	495023
2014-02-06	478790
2014-04-06	475267
2013-07-12	507426
2013-01-08	441778
2014-02-05	413853
2014-04-01	462503
2013-07-13	468743
2014-02-04	454444
2015-08-08	363549
2014-02-03	382517
2015-08-09	317615
2014-04-03	499912
2014-02-02	464225
2014-04-02	483841
2015-06-11	439869
2014-02-01	533783
2015-08-04	376465
2015-06-10	424356
2013-07-18	513766
2015-08-05	391642
2015-06-13	428004
2013-07-19	515946
2015-08-06	391002
2015-06-12	443026
2015-06-15	374858
2015-08-07	386930
2014-04-09	484663
2014-04-08	467018
2015-06-14	382037
2015-08-01	389728
2015-06-17	425743
2015-08-02	348541
2015-06-16	400518
2015-06-19	436303
2014-02-09	466492
2015-08-03	348819
2015-06-18	429386
2014-02-08	549967
2016-04-18	355564
2016-04-19	377804
2015-11-30	347002
2016-04-14	414170
2016-04-15	433306
2016-04-16	452929
2016-04-17	394757
2016-04-10	391677
2016-03-31	394055
2016-04-11	355531
2016-03-30	385469
2015-09-07	284320
2014-05-08	508104
2016-04-12	390280
2015-09-06	300961
2014-05-09	523936
2016-04-13	394754
2015-09-05	331641
2015-09-04	362215
2014-12-28	323916
2015-09-03	378290
2014-12-29	339450
2015-09-02	368359
2014-05-02	516985
2015-09-01	352785
2014-12-24	348267
2014-05-03	544063
2014-12-25	210250
2014-12-26	278667
2014-05-01	492691
2014-12-27	323696
2014-05-06	483245
2014-12-20	494266
2014-05-07	484552
2014-12-21	419889
2014-05-04	475789
2014-12-22	382112
2014-05-05	461342
2015-09-09	396662
2014-12-23	384346
2015-09-08	374896
2013-08-31	434550
2013-08-30	456824
2013-10-30	481728
2013-10-31	489417
2015-05-30	451080
2015-02-19	477678
2015-05-31	368019
2015-02-18	436607
2015-02-15	459094
2015-02-14	501397
2015-02-17	394363
2015-02-16	412835
2015-02-11	447258
2015-02-10	424564
2015-02-13	486241
2015-02-12	463682
2015-04-19	445785
2015-04-18	500928
2015-04-17	469283
2014-01-06	395445
2015-04-16	452157
2014-01-07	460052
2015-04-15	427092
2014-01-04	417499
2015-04-14	411892
2015-07-09	405656
2014-09-19	488834
2015-12-30	319649
2014-01-05	388542
2015-04-13	377158
2015-07-08	393186
2015-12-31	339939
2014-01-02	359958
2015-04-12	407342
2014-09-18	464358
2014-01-03	275470
2015-04-11	473730
2015-07-05	275555
2015-04-10	468077
2014-09-15	421980
2015-07-04	254353
2013-11-28	331610
2014-01-01	420810
2014-09-14	450849
2015-07-07	367579
2013-11-29	373808
2014-09-17	451216
2015-07-06	315526
2013-02-08	432643
2014-09-16	447618
2015-07-01	390084
2014-09-11	478607
2013-02-09	392006
2014-09-10	466592
2015-07-03	304176
2013-11-22	524547
2014-09-13	513501
2015-07-02	365953
2013-02-04	457093
2013-11-23	553845
2014-01-08	473611
2014-09-12	486929
2014-03-31	432430
2013-02-05	482637
2013-11-20	493407
2014-01-09	479714
2014-03-30	462771
2013-02-06	506443
2013-11-21	497944
2013-02-07	535105
2013-11-26	438122
2013-03-10	468337
2013-11-27	447133
2013-03-11	451483
2013-02-01	567076
2013-11-24	498122
2013-03-12	494922
2013-02-02	569777
2013-11-25	445802
2013-03-13	514843
2013-02-03	472623
2014-10-31	494320
2013-03-14	552660
2014-10-30	469494
2013-03-15	559360
2014-06-14	487611
2016-12-31	284166
2013-03-16	574056
2016-12-30	303923
2014-06-15	414417
2013-03-17	493734
2013-03-18	458062
2014-06-16	423175
2013-03-19	477028
2014-06-17	449368
2014-06-10	463614
2014-06-09	440162
2014-06-11	477219
2013-01-12	507429
2014-06-08	434856
2014-06-12	498857
2013-01-13	442541
2014-06-13	496516
2013-06-17	437845
2013-01-10	487949
2013-07-21	414532
2013-06-16	421987
2013-01-11	521398
2013-07-20	485994
2013-06-15	495600
2013-01-16	500065
2014-06-03	462670
2013-07-23	465257
2013-06-14	507938
2013-01-17	512533
2013-06-13	519795
2014-06-18	472667
2014-04-16	495438
2013-07-22	440457
2013-01-14	443650
2014-06-02	428122
2013-06-12	486639
2014-06-19	487104
2014-04-17	508415
2013-07-25	487993
2013-01-15	496899
2014-06-01	435163
2014-02-10	435911
2014-04-14	419268
2013-07-24	476404
2013-06-11	473608
2014-02-11	489373
2014-04-15	481424
2014-06-07	504156
2013-07-27	457849
2013-06-10	461167
2013-01-18	543734
2014-04-12	540202
2014-06-06	495170
2014-02-12	481968
2013-07-26	483652
2013-07-29	409210
2013-01-19	510530
2014-02-13	326187
2014-04-13	472041
2014-06-05	501694
2013-07-28	415239
2014-02-14	472229
2014-04-10	498870
2014-06-04	482348
2014-02-15	491375
2014-04-11	506025
2015-06-02	419994
2014-02-16	457332
2015-08-31	322442
2015-06-03	425776
2014-02-17	391723
2014-02-18	419655
2015-08-30	332559
2013-06-19	489915
2014-02-19	446126
2015-06-01	400833
2013-06-18	467426
2015-06-06	449804
2015-06-07	402188
2015-06-04	444543
2014-04-18	514893
2015-06-05	451185
2014-04-19	483916
2016-02-09	367992
2016-04-29	416560
2016-02-08	343066
2015-06-08	391087
2016-04-28	401677
2015-06-09	409188
2016-05-19	406035
2016-03-20	389644
2016-05-18	381384
2016-02-01	341323
2016-03-21	344322
2016-05-17	397628
2015-11-28	344527
2016-04-21	390407
2016-05-16	378829
2016-03-22	366751
2015-11-29	333746
2016-04-20	395607
2016-02-03	372021
2016-03-23	381739
2016-05-15	408281
2016-04-23	391827
2016-05-14	435309
2016-03-24	407035
2016-02-02	363162
2015-11-24	377950
2016-05-13	397062
2016-04-22	388318
2016-02-05	409453
2016-03-25	399751
2015-11-25	358723
2016-04-25	333122
2016-02-04	394699
2016-03-26	403899
2016-05-12	400088
2014-12-19	509016
2016-05-11	383504
2016-03-27	345577
2015-11-26	242393
2016-04-24	357475
2016-02-07	373201
2014-12-18	482660
2016-05-10	376314
2015-09-10	401271
2016-03-28	344634
2015-11-27	275078
2016-04-27	374952
2016-02-06	428485
2016-03-29	378360
2015-11-20	422421
2015-09-11	411777
2016-04-26	371411
2015-09-12	433864
2015-11-21	439304
2015-09-13	382996
2015-11-22	376593
2015-09-14	345874
2015-11-23	366012
2015-09-15	377652
2015-09-16	400429
2014-12-11	469687
2015-09-17	410912
2015-09-18	428139
2014-12-10	447350
2015-09-19	442543
2014-12-13	501276
2013-08-20	432545
2014-12-12	497272
2013-08-21	454080
2014-12-15	410459
2015-03-23	390353
2013-08-22	471247
2014-12-14	441365
2015-03-22	429016
2013-08-23	464484
2014-12-17	456564
2015-03-21	468108
2013-08-24	448491
2014-12-16	439779
2015-03-20	458225
2013-08-25	400758
2015-03-27	465493
2013-08-26	394409
2015-03-26	427632
2013-08-27	422802
2013-08-28	444727
2015-03-25	427026
2013-08-29	455453
2015-03-24	412152
2015-03-29	424267
2015-03-28	510351
2013-04-30	480499
2015-02-08	410477
2015-02-09	381114
2015-02-06	476995
2016-07-24	322468
2015-02-07	485504
2016-07-25	320976
2015-02-04	415624
2016-07-26	350450
2015-02-05	459717
2016-07-27	362177
2015-04-08	443492
2014-08-23	402490
2016-07-20	357482
2015-02-02	336849
2014-08-22	419858
2016-07-21	363728
2015-02-03	421128
2015-04-09	460476
2014-08-21	441620
2015-04-30	446132
2016-07-22	375854
2014-08-20	422389
2015-02-01	423113
2016-07-23	355724
2016-11-23	325062
2014-08-27	415610
2016-11-22	345462
2014-08-26	389266
2016-11-21	328811
2014-08-25	357998
2016-11-20	337966
2014-08-24	364236
2016-07-28	369819
2016-11-27	282571
2015-04-01	440246
2016-07-31	305523
2016-07-29	360758
2016-11-26	297411
2014-08-29	410496
2016-07-30	343574
2015-04-02	444300
2016-11-25	244016
2015-04-03	444077
2014-08-28	414649
2016-11-24	219830
2015-04-04	440170
2015-04-05	377462
2015-07-18	403824
2016-11-29	323949
2014-09-08	430611
2015-04-06	375754
2015-07-19	395475
2015-07-16	400140
2016-11-28	298385
2014-09-09	450763
2015-04-07	425909
2014-09-06	503100
2015-07-17	365045
2014-09-07	445959
2015-07-14	385566
2014-03-28	522404
2015-07-15	404755
2014-09-04	469500
2014-03-29	574530
2014-09-05	496714
2015-07-12	364211
2014-09-02	408333
2015-07-13	350162
2014-09-03	441040
2015-07-10	401014
2015-07-11	407202
2014-09-01	319157
2014-03-22	534441
2014-03-23	480744
2014-10-28	434802
2014-03-20	500070
2014-10-29	454041
2014-10-26	441193
2014-03-21	516535
2014-10-27	411856
2014-03-26	502757
2014-10-24	492064
2014-03-27	507907
2014-10-25	500873
2014-03-24	443322
2014-10-22	461722
2013-03-29	519004
2014-03-25	461531
2014-10-23	471818
2013-03-28	512225
2014-06-21	473409
2016-12-22	340109
2014-10-20	416422
2016-12-23	315757
2014-06-20	485548
2014-10-21	445571
2013-03-25	438928
2014-06-23	413205
2016-12-20	356840
2013-03-24	468001
2014-06-22	430757
2016-12-21	350458
2016-12-26	205192
2013-03-27	486853
2014-06-25	468089
2013-03-26	460401
2014-06-24	441878
2016-12-27	248803
2013-03-21	505003
2014-06-27	474158
2016-12-24	254228
2014-06-26	486884
2013-03-20	493779
2016-12-25	167893
2014-06-29	402696
2013-03-23	553332
2013-06-01	533686
2013-03-22	548247
2014-06-28	472015
2013-06-02	451758
2016-12-28	276253
2013-07-30	443487
2013-06-03	452843
2016-12-29	290514
2013-07-31	459413
2013-06-04	477247
2013-06-05	497525
2013-06-06	515390
2015-08-28	367124
2013-06-07	532092
2013-06-08	489509
2015-08-29	359028
2013-06-09	441053
2014-02-28	544363
2015-08-22	357435
2014-02-25	472383
2015-08-23	316240
2014-02-24	439480
2015-08-20	388317
2014-02-27	512342
2015-08-21	381052
2014-02-26	492982
2015-08-26	356497
2014-02-21	503515
2015-08-27	368367
2014-02-20	466020
2015-08-24	317591
2014-02-23	442458
2015-08-25	346943
2016-05-08	373217
2014-02-22	522080
2016-05-09	349289
2016-02-18	410641
2016-02-19	420796
2015-11-19	394591
2015-11-18	391321
2016-02-12	434350
2016-02-13	448611
2016-05-01	382101
2016-02-10	393400
2016-05-02	357575
2016-04-30	420535
2016-05-03	400483
2016-03-19	442185
2016-02-11	431206
2015-11-11	372002
2016-05-04	407304
2016-02-16	363836
2016-03-18	436716
2015-11-10	378051
2016-02-17	386982
2016-05-05	424369
2015-11-13	427717
2016-05-06	437048
2016-02-14	402448
2016-03-15	383315
2016-05-07	433299
2015-11-12	406649
2016-02-15	350399
2016-03-14	383944
2014-12-08	431042
2015-11-15	381213
2016-03-17	399704
2014-12-09	437220
2015-11-14	446987
2016-03-16	398150
2015-11-17	384488
2015-09-29	360478
2016-03-11	425288
2015-11-16	347615
2016-03-10	406611
2015-09-28	323275
2016-03-13	366816
2014-12-02	440620
2016-03-12	442084
2015-09-25	365190
2014-12-03	438432
2015-09-24	324746
2015-09-27	378594
2014-12-01	399044
2015-09-26	427332
2014-12-06	508899
2015-09-21	359066
2014-12-07	460972
2015-09-20	393050
2014-12-04	458616
2013-08-19	397350
2015-09-23	358590
2014-12-05	496034
2013-08-18	390925
2015-09-22	367802
2013-08-15	473544
2015-10-29	403670
2013-08-14	457843
2015-10-28	386939
2015-10-27	381755
2013-08-17	438088
2015-10-26	356914
2013-08-16	449766
2015-10-25	390337
2013-08-11	195405
2015-10-24	436244
2013-08-10	445037
2015-03-30	391004
2015-10-23	428675
2013-08-13	449946
2015-10-22	410692
2013-04-28	467900
2015-03-31	429914
2013-08-12	399261
2013-04-29	459114
2015-10-21	389756
2015-10-20	377804
2016-07-11	306637
2015-04-26	424608
2016-07-10	302693
2013-04-24	500551
2013-04-25	518574
2013-12-29	407235
2016-07-13	370677
2015-04-27	393526
2015-04-24	474068
2013-12-28	391307
2016-07-12	341393
2013-04-26	539015
2013-04-27	538317
2015-04-25	489474
2016-07-15	373908
2013-04-20	570929
2015-04-22	432491
2016-07-14	374150
2013-04-21	483324
2016-07-17	325670
2015-04-23	463486
2013-04-22	457622
2015-04-20	397259
2016-07-16	350449
2013-12-23	385241
2016-07-19	344310
2015-04-21	426137
2013-04-23	498802
2013-12-22	403373
2016-07-18	329661
2013-12-21	478717
2013-12-20	520424
2016-09-13	342943
2013-12-27	381837
2016-09-12	306087
2013-12-26	321895
2016-09-11	339972
2013-12-25	245723
2016-09-10	391609
2015-04-28	411771
2013-12-24	369596
2014-08-30	376328
2016-09-17	375619
2015-04-29	427507
2016-09-16	371738
2014-08-31	352389
2016-09-15	365148
2016-09-14	354721
2016-11-30	337332
2013-02-28	524890
2016-10-31	310480
2016-09-19	293917
2016-10-30	344633
2016-06-27	358759
2016-09-18	332291
2016-08-07	291897
2016-06-26	331802
2016-08-06	324402
2016-06-25	388863
2016-08-05	343476
2016-06-24	388394
2013-02-22	558738
2016-08-04	353411
2016-06-23	390058
2013-02-23	584812
2016-08-03	339751
2016-06-22	373447
2013-02-20	512507
2016-08-02	330690
2016-06-21	364462
2013-02-21	538079
2016-08-01	308763
2016-06-20	335992
2013-02-26	496612
2013-02-27	509033
2013-02-24	474783
2013-02-25	451955
2016-06-29	357125
2016-08-09	327187
2016-06-28	348740
2014-06-30	409501
2016-08-08	291540
2013-03-30	504537
2013-03-31	447157
2014-07-17	457123
2016-01-19	385187
2014-07-16	449192
2016-01-18	341481
2014-07-15	436616
2014-07-14	416403
2013-06-30	417927
2014-07-13	410483
2014-07-12	447090
2016-01-13	395090
2014-07-11	458597
2016-01-12	367390
2014-07-10	456003
2016-01-11	342651
2016-01-10	351788
2016-01-17	379156
2016-01-16	411899
2016-01-15	401289
2016-01-14	396473
2014-07-19	445222
2014-07-18	460247
2015-11-08	392409
2015-11-09	352729
2015-11-02	348560
2015-11-03	364999
2016-03-08	372923
2016-03-09	384571
2016-03-06	385103
2015-11-01	390105
2016-03-07	348700
2015-11-06	419288
2013-09-23	411837
2016-03-04	434165
2015-11-07	443933
2013-09-22	457166
2016-03-05	451262
2015-11-04	384089
2013-09-21	535226
2016-03-02	407187
2015-11-05	402181
2013-09-20	523123
2016-05-31	340824
2016-03-03	428124
2013-09-27	502250
2016-05-30	261187
2015-01-09	447947
2014-11-14	491482
2015-01-08	450920
2013-09-26	484958
2016-03-01	372868
2015-01-07	429653
2014-11-15	508043
2013-09-25	461769
2015-10-05	344810
2015-01-06	384324
2014-11-16	442084
2013-09-24	435121
2015-10-04	365206
2015-01-05	363454
2014-11-17	402189
2015-10-07	390959
2015-01-04	328848
2014-11-10	407197
2015-03-09	392009
2015-10-06	374278
2014-11-11	402435
2014-11-09	445908
2013-09-29	457888
2015-01-03	406769
2015-03-08	411917
2015-10-01	394043
2014-11-12	444745
2014-11-08	515675
2013-09-28	526082
2015-01-02	345296
2015-01-01	382014
2015-09-30	381354
2014-11-13	464077
2015-10-03	412691
2013-08-08	437140
2015-10-02	414289
2013-08-09	489301
2014-11-03	412503
2013-08-06	448250
2014-11-02	435721
2014-11-18	456387
2013-08-07	465632
2015-03-01	385267
2015-10-30	428785
2013-08-04	202310
2014-11-01	561404
2014-11-19	458644
2013-04-19	544060
2015-10-31	441582
2013-08-05	406380
2015-10-09	402648
2013-08-02	236748
2013-04-18	526055
2015-03-03	397691
2014-11-07	486697
2015-10-08	407578
2015-03-02	388548
2014-11-06	470232
2013-08-03	226553
2015-03-05	366435
2014-11-05	449110
2014-11-04	424682
2015-03-04	435759
2013-08-01	307260
2015-03-07	504246
2015-03-06	446842
2016-07-02	266276
2013-04-11	525206
2016-07-03	232343
2013-04-10	503211
2013-04-13	555218
2016-07-01	324990
2014-08-09	420314
2013-04-12	564860
2016-07-06	311148
2014-08-08	445799
2013-04-15	461076
2016-07-07	350404
2013-04-14	485706
2016-07-04	226837
2013-04-17	501840
2016-07-05	293436
2016-11-09	355018
2013-04-16	481130
2016-11-08	318981
2016-07-08	347552
2016-07-09	333013
2014-08-01	453428
2014-08-03	397765
2016-10-20	366184
2014-08-02	440096
2016-11-01	355424
2016-09-08	374100
2014-08-05	422243
2016-10-21	376369
2016-10-22	401855
2016-09-09	383524
2014-08-04	392871
2016-11-03	373793
2016-10-23	343516
2014-08-07	446629
2016-11-02	346670
2016-10-24	326669
2014-08-06	439508
2016-09-04	246690
2016-11-05	392295
2013-12-30	405705
2016-10-25	359918
2016-09-05	234286
2013-12-31	467587
2016-10-26	366660
2016-11-04	378670
2016-09-06	320607
2016-11-07	322666
2013-05-29	479913
2016-10-27	363272
2016-06-30	358251
2016-10-28	387361
2016-11-06	336730
2016-09-07	352110
2013-05-28	445789
2016-08-10	345235
2016-10-29	390484
2013-05-27	336266
2013-05-26	384516
2016-09-01	328731
2016-08-11	364860
2013-05-25	453460
2016-08-12	359868
2016-09-02	302022
2016-08-13	338325
2013-05-24	493125
2016-09-03	270399
2016-08-14	287668
2013-05-23	492055
2013-05-22	502907
2016-08-15	306100
2016-08-16	333615
2013-05-21	499524
2016-08-17	335237
2013-05-20	466778
2016-08-18	343959
2016-08-19	338709
2013-06-28	506807
2013-06-29	490613
2013-06-26	487692
2013-06-27	504877
2014-05-31	511991
2013-06-24	437610
2014-07-01	445743
2014-05-30	503977
2013-06-25	470671
2014-07-02	439423
2013-06-22	474408
2014-07-03	417460
2013-06-23	436668
2014-07-04	309652
2013-06-20	499545
2014-07-05	308304
2013-06-21	505615
2014-07-06	313544
2014-07-07	378451
2013-10-07	426030
2014-07-08	434856
2014-07-09	448579
2013-10-06	457691
2013-10-05	538444
2013-10-04	520937
2013-10-03	496807
2013-10-02	475182
2016-01-04	316171
2015-05-03	434789
2013-10-01	452769
2015-05-02	507619
2016-01-05	343251
2015-05-01	461547
2016-01-06	348516
2016-01-07	364894
2015-05-07	442222
2015-05-06	444948
2016-01-01	345037
2016-01-02	312831
2015-05-05	432452
2016-01-03	302878
2015-05-04	390266
2013-10-09	484883
2013-10-08	459784
2015-05-09	469017
2015-05-08	449009
2015-01-18	427042
2016-01-08	392070
2016-05-26	388607
2015-01-19	342795
2016-01-09	405825
2016-05-27	364951
2015-12-09	391440
2016-05-24	371418
2015-12-08	382226
2016-05-25	385842
2016-05-22	369331
2016-05-23	346991
2014-11-21	495376
2016-05-20	414711
2015-01-10	515540
2014-11-20	458620
2015-12-03	414005
2016-05-21	435894
2015-10-16	430414
2015-01-11	419629
2014-11-23	425989
2015-12-02	379756
2015-10-17	459236
2015-01-12	396367
2014-11-22	516116
2015-12-01	374390
2015-10-14	392801
2015-01-13	448517
2014-11-25	409243
2015-12-07	371715
2015-10-15	407496
2015-01-14	442656
2014-11-24	398633
2015-10-12	328405
2015-01-15	451186
2014-11-27	296309
2015-12-06	398882
2015-03-18	452981
2015-10-13	379473
2014-11-26	425449
2015-12-05	451092
2013-09-30	424431
2015-01-16	478124
2015-03-19	451904
2015-10-10	432672
2014-11-29	395378
2015-12-04	431007
2016-05-28	329787
2015-01-17	476827
2014-11-28	347711
2016-05-29	298191
2015-10-11	378262
2013-11-13	492095
2015-03-12	461719
2013-11-12	473987
2015-03-13	476936
2015-03-10	413949
2013-11-11	417822
2013-04-08	440520
2015-03-11	428366
2015-10-18	400212
2013-11-10	473151
2013-11-17	464838
2013-04-09	477161
2015-03-16	374820
2015-10-19	366862
2013-11-16	538546
2015-03-17	413376
2015-03-14	496525
2013-11-15	514297
2013-11-14	506377
2015-03-15	418778
2013-04-02	495549
2013-04-03	513864
2013-11-19	475478
2013-01-29	477380
2013-11-18	425004
2013-04-01	428997
2013-01-28	450789
2013-04-06	533177
2014-08-18	376662
2013-04-07	461165
2014-08-19	405997
2013-04-04	532590
2013-04-05	554436
