2013-12-14	516303	11.1
2016-03-04	434165	10.2
2016-12-05	333589	9.2
2014-10-31	494320	7.3
2015-05-14	439936	11.6
2013-11-04	448323	10.3
2016-07-20	357482	7.3
2013-01-04	478437	13.6
2015-09-03	378290	6.0
2013-06-21	505615	10.1
2014-04-07	460614	8.1
2015-03-13	476936	8.5
2016-01-16	411899	10.6
2014-06-05	501694	8.2
2016-01-03	302878	12.1
2014-12-16	439779	2.9
2016-08-03	339751	6.7
2016-03-30	385469	10.9
2015-07-09	405656	5.5
2013-01-15	496899	8.6
2015-05-15	457541	9.4
2016-06-20	335992	6.4
2013-07-26	483652	8.7
2016-09-28	360689	9.1
2016-02-28	366255	13.0
2014-08-16	419353	8.7
2013-06-24	437610	9.4
2014-07-10	456003	6.5
2013-03-22	548247	13.1
2014-09-05	496714	8.2
2014-09-24	416770	7.7
2016-06-18	370619	6.7
2013-09-03	422359	7.0
2013-06-26	487692	10.8
2013-09-13	523280	9.5
2016-05-19	406035	5.7
2015-08-15	370379	8.9
2013-10-16	477305	4.5
2015-04-18	500928	6.9
2013-01-31	531161	25.6
2015-06-11	439869	9.5
2016-04-24	357475	11.4
2014-03-21	516535	15.0
2016-01-25	282087	3.5
2016-04-10	391677	13.2
2015-10-26	356914	8.4
2013-07-24	476404	8.8
2016-12-10	412173	12.6
2014-08-03	397765	3.5
2015-05-20	441232	13.4
2015-11-17	384488	7.9
2016-06-30	358251	9.3
2013-11-03	482847	12.2
2013-06-01	533686	9.3
2014-12-11	469687	15.1
2015-04-15	427092	8.9
2016-07-23	355724	11.4
2015-10-11	378262	7.3
2016-01-07	364894	4.7
2015-08-04	376465	10.9
2014-06-09	440162	6.8
2016-03-22	366751	15.1
2014-02-08	549967	8.7
2016-10-31	310480	11.8
2016-08-21	290441	9.4
2015-09-25	365190	7.6
2016-03-28	344634	10.3
2013-01-29	477380	6.8
2015-01-02	345296	13.8
2015-02-20	498957	18.5
2016-08-02	330690	8.2
2014-02-10	435911	13.3
2016-02-14	402448	16.6
2015-01-23	472440	9.6
2016-01-17	379156	9.9
2013-03-19	477028	12.4
2016-05-09	349289	10.8
2014-02-04	454444	7.0
2015-12-07	371715	6.5
2016-07-18	329661	9.0
2016-01-30	435369	11.0
2015-04-04	440170	15.1
2014-09-23	401123	7.9
2016-01-18	341481	15.6
2016-11-08	318981	5.1
2014-03-28	522404	13.4
2015-05-10	405427	6.0
2016-02-25	413644	21.9
2013-10-28	432200	8.6
2015-07-13	350162	6.6
2015-05-18	403641	7.8
2013-01-28	450789	6.7
2013-10-13	462766	11.9
2016-10-24	326669	12.7
2014-08-10	372124	5.9
2014-02-14	472229	18.8
2015-09-06	300961	4.9
2013-01-10	487949	12.6
2016-04-30	420535	7.5
2013-04-03	513864	15.2
2014-12-31	405293	8.7
2015-12-05	451092	5.2
2014-01-19	462238	13.5
2015-04-02	444300	11.1
2013-02-24	474783	12.7
2016-08-10	345235	11.3
2015-09-10	401271	7.3
2016-10-02	324835	6.7
2014-02-28	544363	13.5
2013-03-26	460401	7.3
2015-12-04	431007	10.4
2014-04-09	484663	12.9
2013-11-18	425004	12.3
2016-01-06	348516	4.8
2014-09-07	445959	8.3
2016-07-17	325670	7.8
2015-08-11	357209	12.4
2016-04-27	374952	8.6
2013-01-12	507429	6.2
2015-08-27	368367	8.2
2013-08-06	448250	8.0
2016-09-20	315049	4.3
2015-07-17	365045	9.0
2013-04-12	564860	16.2
2015-04-30	446132	11.2
2015-02-24	448513	9.7
2016-08-17	335237	14.8
2013-05-21	499524	7.0
2014-06-27	474158	7.9
2013-02-28	524890	7.5
2014-10-04	467371	12.4
2015-01-18	427042	6.5
2016-04-26	371411	7.8
2015-04-03	444077	9.1
2016-02-01	341323	8.9
2013-03-27	486853	11.0
2013-05-14	490347	10.3
2016-10-14	380513	9.9
2014-11-01	561404	15.4
2014-09-19	488834	9.4
2013-01-20	459393	15.1
2016-06-15	383083	8.6
2016-04-22	388318	6.8
2013-11-07	508154	11.2
2015-08-05	391642	8.2
2016-01-14	396473	12.1
2015-11-03	364999	4.0
2013-06-06	515390	7.3
2013-05-18	535926	3.8
2015-10-08	407578	5.9
2013-05-28	445789	5.3
2014-10-29	454041	7.6
2014-01-07	460052	22.0
2013-02-19	456383	12.2
2016-05-26	388607	8.4
2013-12-21	478717	4.3
2015-04-07	425909	8.0
2013-05-27	336266	10.2
2014-04-23	501335	15.3
2015-08-17	338247	7.4
2016-05-30	261187	8.7
2013-09-01	384470	7.9
2016-02-16	363836	14.3
2014-05-31	511991	10.6
2016-10-19	355020	8.0
2013-03-28	512225	13.2
2013-12-02	427094	3.7
2014-08-08	445799	6.9
2014-01-01	420810	10.0
2016-08-15	306100	8.0
2016-12-21	350458	8.5
2015-01-01	382014	14.4
2016-02-03	372021	10.1
2015-03-21	468108	8.5
2014-01-06	395445	15.1
2013-02-10	459612	7.3
2015-08-29	359028	6.5
2014-11-18	456387	19.2
2014-02-18	419655	6.4
2015-05-22	419629	9.5
2016-01-19	385187	20.3
2015-11-22	376593	10.2
2013-08-14	457843	13.0
2015-07-25	387034	7.7
2014-11-27	296309	11.0
2015-05-21	446819	6.8
2016-06-14	363431	11.8
2013-11-25	445802	12.4
2013-09-04	453983	11.3
2016-02-22	346756	6.8
2015-02-04	415624	11.6
2015-08-06	391002	7.9
2015-10-30	428785	12.4
2013-05-07	490805	6.0
2014-08-13	434391	12.7
2014-06-22	430757	5.4
2013-04-16	481130	11.1
2016-06-12	329144	15.0
2016-09-27	342012	10.1
2015-12-30	319649	5.4
2015-12-13	377073	3.7
2015-06-06	449804	7.4
2014-07-30	441490	7.1
2016-04-23	391827	9.1
2016-03-16	398150	3.9
2013-10-04	520937	6.3
2015-02-18	436607	2.9
2015-03-12	461719	17.2
2016-01-20	382105	12.6
2014-06-16	423175	6.4
2013-03-17	493734	9.8
2016-08-24	321490	8.8
2014-07-08	434856	10.8
2013-05-15	508359	11.0
2015-05-31	368019	9.9
2013-05-03	550959	7.6
2013-05-04	554561	6.7
2014-06-12	498857	9.1
2014-08-26	389266	4.9
2013-11-30	433028	7.1
2015-01-06	384324	8.7
2014-01-13	419698	10.3
2014-02-02	464225	4.7
2013-08-20	432545	8.2
2014-06-30	409501	9.8
2015-11-28	344527	6.6
2016-04-16	452929	7.9
2015-06-12	443026	7.7
2015-10-14	392801	10.0
2016-04-13	394754	9.2
2015-07-01	390084	11.9
2014-02-19	446126	6.7
2014-08-22	419858	7.2
2014-09-22	393656	12.1
2014-11-09	445908	9.0
2014-04-17	508415	10.6
2015-09-29	360478	5.2
2014-11-06	470232	5.6
2014-07-21	399110	4.6
2013-03-31	447157	7.9
2016-07-16	350449	9.0
2014-09-13	513501	9.8
2015-02-09	381114	13.8
2015-08-13	380992	7.6
2015-10-28	386939	14.1
2014-07-28	368733	12.8
2016-07-15	373908	7.8
2016-03-13	366816	7.6
2016-07-12	341393	8.5
2014-11-15	508043	9.8
2016-04-11	355531	17.7
2014-10-11	509530	7.1
2014-12-08	431042	14.0
2015-03-31	429914	11.1
2016-06-28	348740	11.1
2014-05-28	472420	9.8
2016-10-25	359918	14.8
2015-06-29	359808	11.7
2015-05-01	461547	8.6
2014-01-25	530551	19.1
2016-04-25	333122	5.2
2014-03-09	473451	12.8
2016-06-21	364462	10.2
2013-11-15	514297	7.5
2015-11-23	366012	13.9
2014-06-07	504156	7.5
2016-09-08	374100	5.9
2015-06-05	451185	6.4
2016-08-29	287726	8.4
2013-05-06	468128	5.5
2015-07-23	404102	9.4
2014-05-11	454120	9.7
2015-04-26	424608	7.8
2014-01-29	477984	8.9
2014-02-11	489373	10.4
2015-07-10	401014	10.5
2014-08-29	410496	9.6
2015-08-16	335299	7.4
2013-08-09	489301	13.0
2013-07-15	443449	7.4
2013-03-18	458062	10.7
2013-05-01	496654	7.7
2013-08-25	400758	7.4
2013-04-27	538317	7.7
2016-12-29	290514	8.3
2016-05-06	437048	13.2
2015-09-18	428139	5.8
2013-10-25	530999	13.0
2014-06-26	486884	7.8
2013-04-06	533177	13.6
2015-05-04	390266	6.6
2013-04-30	480499	9.1
2014-07-27	403948	10.3
2015-02-25	444233	10.4
2016-08-08	291540	6.8
2015-12-22	355205	7.4
2016-11-24	219830	6.2
2016-05-05	424369	13.1
2013-12-08	488180	8.5
2013-11-17	464838	4.6
2014-11-24	398633	15.2
2016-01-15	401289	5.1
2013-09-19	504010	9.4
2016-11-27	282571	12.1
2014-07-16	449192	7.3
2016-07-07	350404	8.3
2016-08-07	291897	8.7
2014-10-30	469494	7.9
2013-03-10	468337	5.6
2015-01-24	460505	9.3
2014-09-21	402953	4.2
2016-04-17	394757	5.8
2014-07-03	417460	7.4
2014-09-26	448361	9.1
2014-09-09	450763	9.6
2016-09-25	337791	6.1
2014-01-24	509509	14.0
2016-02-27	440935	12.5
2016-04-04	374947	7.9
2015-07-03	304176	7.0
2016-06-22	373447	8.2
2013-03-05	493815	12.8
2015-02-03	421128	15.6
2013-01-27	470833	10.6
2015-06-21	366158	11.8
2014-07-09	448579	13.2
2015-11-14	446987	17.7
2015-12-14	370299	7.1
2013-11-05	467510	6.5
2014-10-27	411856	11.5
2014-07-17	457123	7.3
2014-10-10	489982	7.0
2014-05-10	527537	7.3
2014-04-22	463407	7.4
2015-06-23	406139	8.0
2014-11-20	458620	14.5
2013-05-10	538311	7.2
2013-03-15	559360	14.2
2015-08-24	317591	5.4
2013-06-28	506807	12.6
2014-09-18	464358	5.0
2016-01-09	405825	9.0
2016-06-27	358759	12.0
2016-04-07	409679	16.6
2013-09-06	508640	8.2
2013-05-19	489710	9.7
2016-03-08	372923	6.5
2014-11-21	495376	15.6
2013-09-14	518170	12.1
2015-05-26	387134	11.6
2015-10-31	441582	6.9
2013-10-22	466786	11.5
2016-08-09	327187	6.6
2016-05-02	357575	5.8
2013-05-20	466778	5.8
2015-04-14	411892	8.7
2015-08-31	322442	9.6
2016-03-15	383315	13.5
2015-03-02	388548	9.7
2014-04-03	499912	4.5
2013-04-18	526055	8.2
2016-03-19	442185	8.1
2013-08-30	456824	8.5
2016-05-07	433299	7.7
2014-12-25	210250	14.3
2013-10-08	459784	10.5
2014-03-08	551574	9.6
2016-02-09	367992	6.8
2013-11-09	545002	10.0
2016-10-15	381537	5.2
2016-05-17	397628	10.9
2016-11-22	345462	20.3
2013-05-16	528160	7.3
2016-12-16	419164	14.5
2015-09-02	368359	6.6
2016-10-20	366184	9.8
2013-04-17	501840	9.5
2014-08-12	413297	11.3
2013-05-31	525606	7.5
2013-06-10	461167	7.1
2013-06-08	489509	11.9
2013-10-03	496807	5.4
2013-11-13	492095	13.6
2015-03-06	446842	9.5
2015-10-19	366862	8.1
2013-07-03	435265	8.6
2015-02-17	394363	7.0
2013-04-14	485706	9.8
2014-08-27	415610	8.0
2013-02-17	506209	21.1
2016-01-02	312831	12.8
2016-10-09	333626	13.3
2013-08-29	455453	7.0
2015-09-15	377652	7.2
2016-03-07	348700	9.7
2016-05-25	385842	6.6
2015-12-28	301398	12.8
2014-06-24	441878	11.0
2016-11-05	392295	9.9
2015-12-06	398882	5.2
2014-10-26	441193	14.9
2015-02-08	410477	6.1
2013-10-30	481728	4.2
2014-05-20	472199	9.1
2013-07-01	422480	10.0
2013-11-26	438122	9.0
2014-05-30	503977	5.3
2015-11-12	406649	8.2
2015-04-23	463486	15.9
2014-09-04	469500	6.0
2013-06-27	504877	5.8
2016-03-05	451262	9.1
2016-11-04	378670	11.8
2013-01-07	407363	9.5
2016-08-25	332810	13.3
2015-06-30	374240	9.0
2014-02-07	512218	10.5
2015-04-20	397259	15.1
2015-04-08	443492	12.2
2013-08-26	394409	12.3
2013-04-05	554436	10.0
2015-02-06	476995	15.2
2016-06-10	401458	13.1
2016-12-09	405547	17.1
2015-04-09	460476	10.4
2015-01-25	407579	13.4
2016-03-25	399751	8.8
2013-07-07	358766	8.7
2016-01-21	399654	9.9
2014-11-05	449110	9.1
2014-02-20	466020	7.7
2016-09-07	352110	13.5
2015-12-29	311730	12.3
2013-09-05	467390	10.7
2014-11-10	407197	4.0
2016-07-01	324990	9.5
2015-04-27	393526	11.2
2015-08-28	367124	6.4
2015-11-09	352729	2.4
2013-07-18	513766	8.6
2016-09-04	246690	10.0
2016-09-19	293917	7.8
2014-02-15	491375	9.4
2014-04-18	514893	6.2
2013-11-29	373808	6.9
2015-05-23	383363	13.3
2013-11-21	497944	6.0
2013-11-24	498122	22.0
2013-04-10	503211	6.3
2015-08-22	357435	7.0
2015-12-10	406176	8.1
2016-04-02	444864	7.5
2014-04-27	473210	11.3
2013-10-01	452769	7.1
2016-03-24	407035	10.6
2014-06-21	473409	8.2
2013-04-22	457622	10.9
2015-07-11	407202	5.4
2014-05-13	473044	8.5
2016-11-13	339631	10.3
2016-03-12	442084	7.9
2015-10-16	430414	11.6
2013-10-15	430354	4.6
2015-04-25	489474	12.8
2015-03-16	374820	11.1
2015-01-17	476827	11.0
2016-03-01	372868	11.8
2013-09-10	483385	11.6
2016-10-17	315861	7.6
2013-01-16	500065	7.1
2013-07-31	459413	6.8
2016-02-26	437798	19.7
2013-12-07	552655	11.2
2014-05-25	378073	8.4
2016-09-11	339972	14.1
2014-11-17	402189	6.2
2014-07-06	313544	10.8
2014-04-16	495438	17.2
2014-02-16	457332	15.4
2016-08-22	283148	14.7
2016-12-04	346550	12.3
2014-05-06	483245	10.1
2015-08-18	370681	9.5
2015-07-24	403878	6.8
2013-03-06	518309	14.8
2015-03-19	451904	11.6
2014-06-14	487611	9.6
2016-11-11	365267	16.8
2016-11-17	359986	9.7
2016-02-23	395790	10.5
2015-09-24	324746	5.7
2014-08-24	364236	5.5
2016-03-31	394055	16.7
2013-03-21	505003	9.3
2013-08-16	449766	6.4
2013-12-12	507534	13.4
2014-12-24	348267	7.4
2013-01-06	403667	8.1
2016-09-12	306087	9.1
2016-09-16	371738	6.6
2014-01-12	450487	13.1
2013-03-03	493312	11.7
2016-01-27	359180	10.2
2013-06-25	470671	8.8
2013-02-09	392006	19.1
2014-11-28	347711	12.5
2015-09-16	400429	3.9
2016-01-11	342651	19.2
2016-08-11	364860	8.9
2013-10-12	524068	11.9
2015-11-13	427717	15.6
2016-09-26	320999	7.2
2015-05-16	479580	6.4
2013-07-02	442300	11.5
2015-02-16	412835	17.5
2013-03-24	468001	11.1
2014-10-20	416422	9.3
2014-03-20	500070	13.4
2014-04-30	497569	17.1
2015-12-01	374390	9.7
2016-12-22	340109	9.7
2014-06-19	487104	6.5
2014-12-10	447350	15.0
2014-06-20	485548	9.3
2013-09-11	501093	9.2
2013-07-05	353054	9.3
2015-05-25	301706	9.9
2014-05-01	492691	13.5
2014-01-10	507732	3.2
2015-07-29	405923	7.9
2013-11-20	493407	11.4
2013-06-30	417927	8.2
2013-01-01	412630	13.3
2014-01-09	479714	8.0
2016-07-25	320976	8.7
2015-02-12	463682	7.1
2013-04-20	570929	16.5
2016-10-13	367959	5.3
2014-06-02	428122	9.6
2013-01-22	496005	13.9
2013-10-09	484883	9.1
2013-10-24	513937	12.2
2016-10-10	291791	15.2
2014-09-15	421980	6.6
2015-06-18	429386	7.3
2013-09-17	468093	11.7
2013-02-11	458947	6.2
2016-12-08	377374	8.5
2013-01-11	521398	5.4
2013-06-15	495600	7.9
2016-08-05	343476	8.3
2016-11-09	355018	5.0
2015-01-15	451186	7.9
2014-06-17	449368	6.9
2015-10-02	414289	15.1
2015-10-03	412691	17.4
2015-09-01	352785	7.6
2013-05-05	488396	9.4
2013-03-25	438928	8.4
2016-10-04	319555	7.3
2014-10-14	431529	10.1
2016-09-01	328731	6.7
2015-11-27	275078	4.6
2014-03-03	463982	11.5
2014-08-09	420314	6.5
2016-07-19	344310	11.7
2016-10-11	321694	6.1
2015-08-12	370323	9.3
2016-03-20	389644	9.0
2016-11-10	359630	11.8
2013-02-15	537129	7.7
2016-09-14	354721	10.8
2014-04-08	467018	11.8
2014-07-22	447126	9.3
2014-10-03	485297	5.4
2015-07-22	392078	12.3
2015-02-14	501397	9.5
2013-06-12	486639	15.4
2014-11-12	444745	5.2
2016-11-12	382598	12.2
2013-10-17	506341	6.7
2015-06-10	424356	9.8
2014-05-12	437492	7.4
2015-08-25	346943	8.8
2015-09-04	362215	7.5
2013-06-07	532092	11.1
2014-04-28	436246	8.9
2016-02-06	428485	8.2
2016-12-23	315757	12.2
2015-10-20	377804	15.4
2014-09-08	430611	7.5
2014-03-15	547916	13.9
2016-06-25	388863	7.2
2013-03-12	494922	14.8
2015-07-12	364211	7.5
2015-05-28	432112	8.0
2015-07-31	397815	7.4
2013-02-06	506443	8.7
2016-04-06	400950	10.2
2016-04-14	414170	6.3
2013-02-14	527476	6.3
2015-02-22	399059	3.1
2016-02-08	343066	13.4
2014-12-14	441365	11.6
2014-04-11	506025	10.3
2014-11-23	425989	10.1
2013-01-21	384614	9.0
2014-08-31	352389	9.5
2013-09-22	457166	13.1
2016-02-21	372128	6.6
2014-09-29	400318	5.4
2015-01-12	396367	5.3
2016-12-01	364949	13.5
2015-12-16	417643	10.6
2013-07-28	415239	6.3
2016-04-09	456980	7.8
2016-12-15	404341	17.6
2013-06-11	473608	13.1
2013-12-15	458267	13.4
2016-03-14	383944	12.6
2013-12-30	405705	12.1
2016-07-24	322468	9.5
2014-12-07	460972	19.0
2015-06-25	419739	7.8
2015-10-15	407496	9.2
2014-01-04	417499	5.9
2014-08-15	444148	10.4
2014-09-27	486921	5.7
2014-02-05	413853	8.2
2016-07-28	369819	6.5
2013-12-22	403373	12.1
2015-06-13	428004	10.7
2013-09-18	484596	4.6
2014-10-15	456636	13.9
2013-08-28	444727	3.8
2014-04-15	481424	20.6
2016-03-17	399704	8.0
2015-05-03	434789	7.3
2016-11-16	348325	10.5
2013-09-30	424431	4.5
2015-10-29	403670	14.9
2015-11-25	358723	3.7
2014-03-19	489567	11.1
2013-02-02	569777	12.6
2014-04-14	419268	18.3
2014-10-07	436891	14.7
2016-03-09	384571	4.6
2016-07-14	374150	9.6
2014-03-01	554906	4.5
2015-10-07	390959	5.7
2016-05-20	414711	5.7
2014-05-04	475789	13.7
2013-06-18	467426	5.0
2016-10-01	368086	12.3
2015-01-20	405581	10.9
2015-05-11	395280	9.1
2014-02-21	503515	8.6
2014-01-14	454108	8.3
2013-12-26	321895	6.6
2014-12-19	509016	12.8
2014-07-29	422448	11.2
2014-09-02	408333	8.1
2015-01-03	406769	7.4
2013-02-12	503963	11.2
2015-09-23	358590	6.3
2016-09-30	371954	16.3
2014-03-13	549191	23.2
2013-06-03	452843	7.1
2015-04-11	473730	14.2
2016-12-31	284166	16.0
2013-01-08	441778	7.5
2016-09-02	302022	9.5
2016-05-08	373217	9.9
2015-06-04	444543	9.8
2013-03-07	538316	21.0
2013-05-09	526752	7.4
2013-04-15	461076	7.5
2014-03-14	539176	15.0
2013-01-09	457471	5.1
2014-08-30	376328	6.7
2015-03-01	385267	5.7
2013-11-27	447133	15.8
2014-05-14	466666	7.0
2016-05-04	407304	8.1
2016-02-29	347834	12.4
2014-12-05	496034	8.7
2016-11-29	323949	13.7
2016-07-08	347552	7.2
2016-06-11	388008	8.0
2015-09-27	378594	6.8
2013-12-03	463782	5.7
2016-06-03	401806	5.1
2016-10-18	339332	8.6
2013-08-15	473544	9.2
2013-10-14	403416	5.5
2014-11-04	424682	9.0
2013-01-14	443650	6.5
2015-02-23	431831	13.8
2013-11-08	528447	13.6
2015-12-03	414005	12.2
2013-02-26	496612	7.9
2013-07-13	468743	7.7
2015-05-19	432943	4.7
2013-06-16	421987	7.9
2015-03-23	390353	13.8
2013-05-13	460124	16.7
2013-07-27	457849	8.7
2015-07-14	385566	5.4
2013-11-06	483207	5.1
2015-10-24	436244	8.0
2015-01-10	515540	15.0
2014-05-23	495859	4.6
2016-11-06	336730	12.9
2013-08-11	195405	7.0
2014-01-03	275470	19.2
2015-08-30	332559	8.7
2013-05-25	453460	17.4
2016-11-28	298385	7.0
2013-10-05	538444	4.8
2014-02-06	478790	10.1
2016-01-29	414039	7.9
2015-03-22	429016	13.8
2014-02-12	481968	8.2
2013-04-21	483324	12.0
2013-05-26	384516	18.7
2015-03-18	452981	19.5
2013-02-04	457093	13.6
2015-09-05	331641	8.0
2013-12-13	543606	15.7
2016-06-02	392922	8.6
2015-03-07	504246	10.8
2016-07-02	266276	10.9
2016-11-02	346670	9.3
2015-03-24	412152	8.8
2016-01-28	383326	3.9
2013-08-31	434550	10.0
2015-10-13	379473	7.5
2015-06-17	425743	9.0
2014-09-30	435417	5.1
2016-05-28	329787	10.8
2013-09-16	444748	8.4
2014-04-06	475267	11.2
2016-11-14	319067	7.2
2014-08-14	439289	11.0
2015-07-07	367579	10.0
2016-12-12	330215	8.6
2015-01-09	447947	16.8
2015-07-16	400140	10.7
2016-06-17	388360	6.8
2016-02-19	420796	7.5
2014-04-26	540090	9.1
2014-09-03	441040	10.7
2015-03-03	397691	9.1
2013-05-12	461193	12.4
2014-05-15	495003	11.2
2014-06-04	482348	6.5
2016-08-20	314436	5.8
2015-03-17	413376	11.0
2013-02-27	509033	17.3
2013-08-05	406380	10.0
2015-08-21	381052	8.7
2016-09-24	378181	8.8
2016-01-13	395090	18.5
2014-04-24	505056	20.2
2014-12-04	458616	10.2
2016-12-25	167893	9.5
2015-11-11	372002	12.8
2013-03-08	545587	17.1
2016-11-19	384371	5.9
2015-02-27	487022	8.4
2016-07-31	305523	8.4
2015-01-21	431486	6.7
2013-01-02	393001	13.7
2016-07-26	350450	10.5
2016-06-06	356542	10.8
2014-08-23	402490	6.7
2015-09-21	359066	10.5
2014-05-09	523936	5.7
2013-02-05	482637	6.1
2013-10-10	507456	12.1
2015-08-03	348819	11.1
2014-07-19	445222	5.3
2013-04-28	467900	7.5
2013-06-29	490613	10.2
2015-08-10	321006	7.3
2015-07-20	374211	8.7
2016-09-13	342943	8.7
2013-01-23	520520	13.9
2015-06-22	374849	10.7
2016-09-21	325578	3.9
2016-12-19	347163	12.9
2014-10-17	492494	10.0
2013-12-17	481726	7.9
2013-12-31	467587	9.6
2015-10-06	374278	5.5
2014-01-02	359958	13.2
2013-09-12	503526	8.7
2014-01-17	490852	6.6
2016-05-18	381384	7.7
2016-07-29	360758	8.6
2013-12-19	496031	9.8
2013-02-03	472623	6.9
2015-07-08	393186	7.9
2013-04-25	518574	14.4
2016-03-29	378360	23.3
2016-08-30	300429	8.1
2013-09-20	523123	7.3
2016-09-23	359645	4.9
2013-05-30	510309	8.0
2015-07-15	404755	4.7
2015-05-29	441299	6.9
2014-04-04	544519	10.3
2015-06-02	419994	10.0
2015-05-24	336652	12.6
2013-05-23	492055	14.0
2016-04-28	401677	8.9
2015-12-02	379756	3.2
2014-03-11	456983	9.1
2016-12-02	390235	15.5
2016-02-07	373201	6.2
2016-03-23	381739	10.9
2016-07-21	363728	10.1
2013-03-01	564492	10.1
2014-06-29	402696	7.6
2014-10-13	389171	3.8
2016-12-27	248803	11.4
2013-03-29	519004	11.3
2016-01-01	345037	11.7
2013-03-30	504537	10.0
2015-03-09	392009	7.6
2013-08-12	399261	5.7
2014-05-21	483979	7.9
2016-02-13	448611	17.7
2013-07-22	440457	5.8
2013-10-31	489417	7.7
2015-08-02	348541	6.4
2014-03-02	462065	6.3
2013-08-10	445037	9.0
2015-07-26	349537	10.1
2014-03-22	534441	10.4
2014-12-20	494266	7.2
2015-01-26	230255	13.6
2014-06-03	462670	7.2
2014-06-06	495170	12.3
2015-11-18	391321	8.1
2013-01-25	537188	9.6
2013-01-30	482378	10.3
2013-11-28	331610	17.4
2014-03-05	508381	4.8
2013-09-21	535226	8.3
2015-12-19	460986	17.3
2015-08-20	388317	10.5
2013-12-25	245723	11.9
2014-11-11	402435	5.0
2014-06-11	477219	9.1
2015-01-04	328848	7.9
2015-04-17	469283	9.5
2016-07-06	311148	7.9
2013-08-24	448491	9.3
2013-09-23	411837	11.1
2015-01-22	452108	5.2
2016-05-24	371418	6.9
2013-06-19	489915	8.6
2013-02-08	432643	14.8
2014-12-22	382112	6.8
2015-12-31	339939	9.5
2014-08-07	446629	9.2
2015-11-04	384089	5.8
2013-04-09	477161	6.8
2013-12-10	478456	9.8
2016-06-01	368774	7.2
2013-04-04	532590	11.2
2015-02-19	477678	15.8
2015-10-18	400212	11.9
2015-09-07	284320	9.5
2013-07-14	435797	8.8
2016-11-03	373793	9.6
2016-09-03	270399	9.2
2016-03-27	345577	7.8
2013-11-23	553845	13.8
2016-11-18	372328	7.3
2015-02-13	486241	19.3
2013-03-04	466591	16.8
2015-01-11	419629	10.9
2013-08-27	422802	11.2
2015-04-24	474068	18.2
2016-03-18	436716	13.1
2015-06-14	382037	5.5
2016-06-24	388394	9.0
2013-03-11	451483	7.2
2014-09-12	486929	10.1
2015-09-12	433864	7.8
2015-10-01	394043	13.7
2013-06-22	474408	8.7
2013-08-23	464484	9.7
2014-05-17	506831	10.8
2014-12-29	339450	10.3
2013-09-15	462795	7.8
2013-01-03	441233	9.8
2014-01-26	457026	15.0
2015-10-09	402648	9.4
2016-02-02	363162	5.8
2013-02-25	451955	10.4
2015-12-18	458701	9.2
2015-12-15	396958	16.4
2013-10-02	475182	8.0
2014-09-11	478607	10.1
2014-11-08	515675	11.2
2014-02-24	439480	13.0
2016-12-26	205192	8.1
2015-02-02	336849	12.4
2015-11-24	377950	7.3
2016-12-28	276253	13.2
2013-11-02	550253	5.3
2015-12-26	238646	8.0
2014-07-20	398703	8.4
2016-11-23	325062	12.3
2016-04-05	399821	15.1
2014-05-24	413311	7.7
2014-02-23	442458	5.3
2016-09-10	391609	8.3
2015-07-06	315526	7.1
2014-01-23	462469	11.8
2014-01-20	378450	12.7
2016-11-25	244016	4.3
2013-04-13	555218	9.4
2014-09-20	492576	8.6
2013-12-20	520424	5.2
2015-05-05	432452	7.2
2015-03-08	411917	9.3
2013-11-22	524547	6.0
2015-03-14	496525	6.8
2014-02-26	492982	10.0
2013-05-22	502907	5.1
2016-01-31	361505	7.9
2013-01-18	543734	10.5
2014-03-07	547177	8.5
2015-10-25	390337	11.5
2016-03-06	385103	6.2
2013-10-07	426030	13.5
2015-06-28	348433	9.6
2014-03-26	502757	19.2
2013-08-08	437140	10.9
2016-05-29	298191	8.1
2016-05-14	435309	7.6
2013-04-24	500551	11.5
2015-05-09	469017	6.5
2014-12-03	438432	9.3
2013-06-13	519795	9.1
2016-09-29	367890	14.5
2014-07-15	436616	5.4
2014-02-27	512342	10.2
2013-07-17	496511	6.3
2013-09-29	457888	5.4
2014-10-28	434802	6.5
2016-10-08	378088	4.7
2015-05-08	449009	5.4
2013-11-14	506377	13.2
2014-08-21	441620	5.7
2016-06-29	357125	7.4
2014-01-08	473611	12.1
2014-12-12	497272	12.3
2015-03-10	413949	3.4
2013-05-17	533823	8.7
2014-05-16	515834	18.4
2016-05-10	376314	9.2
2016-09-22	349716	5.3
2016-10-12	320177	5.2
2013-09-02	332266	5.5
2015-04-21	426137	9.7
2014-12-21	419889	5.3
2015-05-17	423198	5.4
2014-04-10	498870	14.2
2014-03-18	469975	7.7
2014-06-13	496516	7.1
2015-02-15	459094	20.2
2014-12-06	508899	4.2
2013-10-20	473864	11.6
2015-07-21	375036	7.2
2014-10-05	416216	13.1
2016-06-05	353145	9.9
2014-07-01	445743	12.9
2013-07-11	495023	6.7
2015-02-10	424564	13.5
2015-08-23	316240	5.5
2013-09-09	451162	7.9
2014-08-02	440096	7.0
2016-01-12	367390	10.7
2016-07-27	362177	7.4
2013-12-18	488390	10.7
2014-01-16	482037	4.9
2014-10-24	492064	12.0
2014-12-09	437220	18.4
2015-01-07	429653	15.1
2014-03-29	574530	7.5
2016-05-13	397062	5.5
2013-12-24	369596	11.9
2016-10-06	370539	4.8
2013-02-20	512507	17.4
2016-02-10	393400	7.8
2013-07-29	409210	6.5
2016-11-30	337332	7.1
2016-03-02	407187	19.8
2014-10-21	445571	6.4
2014-10-22	461722	12.6
2016-05-21	435894	5.9
2015-12-11	427829	4.0
2013-02-01	567076	19.0
2015-06-27	445861	8.0
2014-11-29	395378	5.5
2013-08-13	449946	4.6
2013-04-19	544060	15.3
2014-07-26	448388	8.3
2015-06-08	391087	15.2
2015-04-01	440246	10.0
2015-06-07	402188	5.4
2016-08-13	338325	8.9
2013-11-10	473151	14.0
2016-10-21	376369	6.0
2014-03-06	531137	10.0
2016-01-05	343251	15.4
2013-07-16	466846	8.0
2013-12-27	381837	9.8
2015-06-01	400833	10.0
2014-12-01	399044	7.0
2014-05-03	544063	9.5
2015-12-12	439266	5.7
2014-10-19	461858	15.3
2016-10-16	335589	9.1
2016-10-26	366660	10.9
2014-11-26	425449	10.5
2013-01-05	473804	12.2
2014-06-01	435163	5.7
2016-07-04	226837	10.3
2014-08-25	357998	3.5
2016-07-03	232343	8.3
2013-02-07	535105	7.0
2015-10-04	365206	15.4
2015-08-07	386930	6.2
2014-12-23	384346	10.6
2016-04-12	390280	16.9
2015-01-30	483380	12.3
2014-12-27	323696	5.9
2013-06-14	507938	14.0
2015-01-14	442656	10.5
2015-04-10	468077	6.9
2015-06-24	411370	10.2
2014-03-23	480744	12.0
2016-06-26	331802	7.8
2013-05-11	540132	12.2
2013-08-04	202310	8.6
2016-08-16	333615	9.4
2016-05-31	340824	6.9
2015-10-05	344810	11.2
2014-05-07	484552	9.0
2014-09-17	451216	4.9
2016-05-03	400483	6.1
2016-06-23	390058	4.9
2015-09-13	382996	10.7
2014-08-05	422243	7.3
2016-08-27	309307	9.0
2015-09-28	323275	5.3
2015-05-06	444948	6.5
2016-09-17	375619	5.7
2016-10-23	343516	16.3
2013-06-20	499545	9.0
2014-10-09	477361	12.0
2016-02-20	424783	13.8
2016-05-16	378829	17.7
2015-12-09	391440	3.8
2015-09-17	410912	4.8
2016-06-19	330195	6.3
2015-06-09	409188	12.9
2015-09-22	367802	8.8
2013-06-23	436668	9.7
2016-02-18	410641	13.0
2016-12-30	303923	15.4
2014-02-22	522080	10.3
2014-03-17	433321	11.1
2014-12-18	482660	14.7
2014-07-11	458597	5.6
2015-03-04	435759	10.3
2013-08-17	438088	5.2
2015-12-23	339355	6.6
2015-08-08	363549	6.7
2014-04-29	483147	14.6
2014-12-15	410459	5.8
2016-05-01	382101	7.2
2013-02-13	524250	5.9
2016-01-24	159766	15.0
2015-07-05	275555	7.2
2016-04-21	390407	11.2
2014-04-01	462503	10.2
2015-01-08	450920	17.3
2014-11-02	435721	21.8
2014-11-22	516116	10.3
2015-06-26	425774	6.8
2016-09-05	234286	11.9
2013-01-17	512533	10.8
2015-12-21	347282	10.9
2015-08-01	389728	10.5
2016-08-14	287668	9.0
2013-07-30	443487	8.7
2014-06-23	413205	6.0
2015-05-13	439371	14.9
2016-11-07	322666	9.4
2013-05-24	493125	12.5
2016-12-03	400785	17.2
2014-05-22	489262	6.2
2014-12-17	456564	8.3
2014-10-16	481635	13.5
2014-07-05	308304	13.5
2016-08-18	343959	4.4
2016-02-12	434350	12.6
2013-12-05	498220	5.4
2015-08-14	377925	6.4
2016-06-09	393684	17.2
2014-01-31	526748	8.4
2013-01-26	557203	9.5
2014-01-28	468729	12.1
2015-08-19	380357	9.9
2016-01-04	316171	14.4
2016-09-18	332291	9.1
2014-03-12	483326	8.6
2014-05-27	432969	8.0
2015-03-05	366435	9.5
2013-11-12	473987	14.2
2014-08-28	414649	9.5
2015-11-07	443933	8.3
2013-08-02	236748	8.6
2015-10-23	428675	12.7
2014-01-22	377773	17.7
2014-10-25	500873	8.0
2013-10-19	549186	5.7
2014-07-07	378451	11.2
2013-11-19	475478	18.5
2016-07-30	343574	7.2
2016-05-11	383504	7.3
2013-03-20	493779	14.3
2016-06-08	381578	13.4
2015-01-29	431985	6.4
2014-03-04	499349	8.0
2014-07-23	466725	12.0
2014-08-20	422389	4.4
2014-01-18	507033	7.4
2015-07-18	403824	10.4
2015-10-17	459236	10.9
2015-05-30	451080	9.2
2013-10-23	495387	6.9
2013-07-10	474780	8.0
2014-02-25	472383	13.6
2014-03-27	507907	13.3
2013-11-01	555745	16.6
2013-04-08	440520	7.6
2016-12-20	356840	6.4
2013-11-11	417822	13.2
2016-10-27	363272	9.8
2014-09-06	503100	9.3
2013-12-06	530748	8.7
2015-08-26	356497	9.4
2014-10-01	458010	8.9
2016-10-28	387361	17.1
2014-03-24	443322	13.0
2015-07-02	365953	6.3
2014-09-16	447618	6.0
2014-08-19	405997	6.0
2016-01-23	78133	18.7
2016-08-04	353411	5.3
2014-07-24	461698	10.0
2015-03-29	424267	12.5
2016-03-26	403899	11.6
2014-11-07	486697	13.3
2013-02-22	558738	10.4
2016-12-18	350864	11.6
2013-03-23	553332	14.3
2013-08-01	307260	8.3
2015-09-08	374896	10.8
2015-12-17	418508	8.2
2013-08-21	454080	6.8
2016-08-19	338709	7.3
2016-04-19	377804	10.7
2016-01-26	327655	8.2
2013-08-19	397350	8.1
2013-10-11	516171	14.3
2013-12-04	471838	3.3
2013-06-05	497525	9.1
2015-04-13	377158	10.0
2014-04-19	483916	8.3
2013-09-28	526082	6.5
2014-04-02	483841	5.0
2013-01-13	442541	4.5
2016-05-15	408281	16.0
2013-12-09	452108	10.4
2015-11-19	394591	14.8
2014-11-19	458644	14.9
2016-02-04	394699	10.7
2013-07-23	465257	8.8
2016-08-28	286052	4.4
2014-12-02	440620	11.5
2014-05-08	508104	5.2
2016-11-21	328811	21.7
2016-02-05	409453	13.8
2015-01-05	363454	16.8
2016-07-05	293436	9.3
2016-09-15	365148	9.1
2014-07-25	461493	8.8
2013-01-24	533039	11.7
2015-04-05	377462	12.3
2013-05-08	509311	9.0
2013-10-26	536130	10.9
2013-07-25	487993	12.8
2016-12-14	375027	9.5
2016-12-17	390324	8.0
2016-07-11	306637	9.9
2015-06-19	436303	6.1
2015-12-25	188254	1.7
2016-10-30	344633	8.5
2013-12-28	391307	10.3
2015-02-01	423113	9.8
2013-02-18	407104	18.3
2014-10-08	456070	16.0
2015-01-27	135500	17.9
2015-12-24	297167	12.5
2013-10-27	468421	12.4
2015-04-29	427507	9.6
2016-09-09	383524	7.2
2013-03-02	584654	11.7
2015-09-11	411777	9.2
2014-05-18	473932	7.8
2015-02-21	455297	10.0
2014-07-14	416403	8.2
2015-06-03	425776	7.2
2014-01-21	255518	13.4
2016-10-03	288557	3.9
2013-04-01	428997	11.4
2013-06-02	451758	12.2
2015-06-15	374858	7.6
2016-05-23	346991	5.0
2015-11-02	348560	5.4
2015-08-09	317615	6.9
2015-07-30	390844	10.5
2015-11-05	402181	2.8
2014-11-13	464077	7.0
2013-07-06	355218	9.5
2015-12-27	268841	8.8
2014-08-11	377494	6.1
2016-03-10	406611	5.8
2015-05-07	442222	4.4
2014-08-06	439508	7.9
2014-01-11	511172	11.4
2013-09-08	462607	11.0
2013-09-25	461769	7.0
2015-11-15	381213	11.2
2015-11-01	390105	10.0
2016-02-24	400055	13.1
2013-07-20	485994	12.3
2015-03-26	427632	6.0
2015-11-06	419288	7.0
2015-09-09	396662	10.5
2016-04-08	440403	15.9
2015-11-10	378051	8.1
2015-01-13	448517	13.2
2015-03-20	458225	7.7
2016-01-22	420162	11.4
2013-08-22	471247	7.2
2015-02-11	447258	11.4
2014-11-16	442084	5.4
2014-05-05	461342	15.4
2014-08-17	380140	9.5
2015-02-26	471732	10.9
2016-03-03	428124	13.0
2015-10-22	410692	7.3
2016-01-10	351788	16.5
2016-11-01	355424	5.3
2014-02-17	391723	12.4
2014-12-28	323916	7.4
2016-10-07	366376	4.7
2016-07-10	302693	8.0
2016-11-26	297411	8.0
2016-12-11	341580	6.4
2015-10-10	432672	9.9
2015-10-21	389756	6.4
2014-01-05	388542	5.6
2015-03-15	418778	15.7
2014-07-31	453515	10.1
2014-08-18	376662	8.7
2014-04-05	543175	13.0
2014-06-28	472015	7.3
2016-03-21	344322	10.4
2013-11-16	538546	6.0
2015-09-30	381354	12.5
2015-04-19	445785	9.6
2016-12-24	254228	8.6
2015-10-12	328405	7.7
2013-02-23	584812	9.2
2014-07-13	410483	12.9
2013-10-29	463945	5.9
2013-07-21	414532	8.1
2015-04-06	375754	8.2
2013-04-26	539015	8.6
2015-05-12	424512	8.5
2014-03-25	461531	6.6
2013-04-02	495549	15.3
2015-12-20	385155	11.8
2016-11-20	337966	18.7
2015-05-27	415919	12.8
2015-03-25	427026	5.7
2014-10-23	471818	18.9
2014-04-21	421347	5.2
2015-11-26	242393	4.9
2016-08-01	308763	8.5
2016-01-08	392070	6.4
2013-04-07	461165	12.8
2013-06-04	477247	11.1
2016-03-11	425288	9.1
2016-06-04	420585	6.2
2016-10-22	401855	14.7
2013-09-07	511269	8.2
2014-11-25	409243	11.5
2016-02-11	431206	17.6
2016-08-23	305068	7.2
2013-10-18	526590	14.4
2014-06-10	463614	4.2
2013-04-23	498802	13.6
2016-10-29	390484	8.5
2013-10-06	457691	7.8
2013-02-21	538079	18.7
2013-04-11	525206	9.1
2013-12-01	398089	5.8
2016-04-15	433306	5.8
2014-12-13	501276	15.2
2014-02-03	382517	9.9
2015-06-20	413866	8.1
2016-02-17	386982	12.0
2016-08-06	324402	10.1
2013-09-26	484958	6.2
2015-01-31	520067	23.5
2015-11-21	439304	8.9
2016-10-05	358090	6.7
2013-03-13	514843	11.0
2013-03-14	552660	18.0
2013-12-11	485363	16.3
2013-12-29	407235	7.3
2014-01-30	495971	8.1
2015-02-28	499637	7.8
2015-10-27	381755	5.8
2015-03-27	465493	9.6
2014-09-10	466592	7.2
2014-04-25	526282	10.5
2014-07-12	447090	6.2
2015-09-19	442543	7.7
2015-12-08	382226	8.3
2014-06-15	414417	11.7
2016-07-22	375854	13.1
2015-09-20	393050	11.1
2016-06-13	341089	18.0
2013-12-23	385241	6.6
2014-11-14	491482	11.9
2013-02-16	542291	10.1
2016-06-07	376429	8.2
2015-07-28	384234	7.9
2015-03-11	428366	7.9
2014-10-18	513702	10.9
2016-12-06	350832	6.9
2015-11-20	422421	13.7
2015-07-04	254353	5.7
2016-04-18	355564	7.3
2015-09-26	427332	8.8
2014-05-26	336173	9.7
2016-07-09	333013	10.9
2015-03-28	510351	13.8
2014-05-19	452923	11.3
2014-07-02	439423	12.3
2014-10-12	437673	6.0
2016-11-15	349883	10.7
2016-04-20	395607	11.9
2014-01-27	418863	11.4
2013-07-08	413838	11.0
2014-09-01	319157	8.0
2014-09-14	450849	7.7
2013-09-27	502250	5.5
2014-07-04	309652	11.2
2014-05-02	516985	9.2
2015-04-16	452157	9.7
2014-03-16	485008	13.9
2016-05-12	400088	5.4
2014-02-09	466492	6.6
2015-01-19	342795	12.5
2015-04-28	411771	14.2
2015-09-14	345874	13.8
2014-10-02	467301	9.2
2016-06-16	398725	3.9
2013-05-29	479913	3.6
2014-08-01	453428	9.3
2013-03-16	574056	8.0
2014-04-20	429066	10.6
2013-03-09	562200	13.6
2014-02-01	533783	4.5
2016-05-22	369331	7.2
2016-08-26	325712	9.3
2014-10-06	409584	9.9
2014-11-30	370177	9.6
2014-12-30	377702	8.9
2016-02-15	350399	5.8
2014-11-03	412503	15.0
2015-07-27	348629	9.2
2013-07-09	458674	9.5
2014-01-15	466443	5.9
2016-04-01	411731	15.8
2015-05-02	507619	4.7
2016-12-07	361705	8.3
2013-07-12	507426	9.0
2013-08-07	465632	8.8
2015-11-08	392409	11.8
2014-05-29	489739	9.0
2013-08-18	390925	4.3
2013-07-19	515946	8.9
2013-06-09	441053	6.6
2015-04-12	407342	9.1
2014-03-31	432430	18.8
2016-08-31	320951	8.2
2014-02-13	326187	16.2
2014-09-25	426440	12.7
2014-08-04	392871	8.0
2015-01-28	380192	13.8
2016-08-12	359868	9.9
2013-05-02	523150	4.4
2013-04-29	459114	7.1
2013-12-16	454088	14.0
2016-09-06	320607	19.7
2015-02-05	459717	14.2
2014-04-13	472041	11.7
2015-03-30	391004	13.3
2016-04-29	416560	8.7
2013-06-17	437845	9.3
2014-03-30	462771	12.3
2014-09-28	433820	5.0
2015-11-30	347002	8.6
2014-06-08	434856	6.8
2014-04-12	540202	8.0
2015-04-22	432491	10.7
2015-01-16	478124	13.8
2014-06-25	468089	11.4
2014-03-10	442200	9.5
2013-09-24	435121	8.0
2015-11-29	333746	9.5
2016-04-03	392300	22.6
2014-12-26	278667	10.0
2015-07-19	395475	9.0
2015-06-16	400518	5.5
2014-06-18	472667	11.1
2015-11-16	347615	8.1
2013-10-21	435562	8.3
2013-08-03	226553	9.9
2015-02-07	485504	8.2
2016-07-13	370677	10.4
2013-07-04	326471	8.4
2016-05-27	364951	7.3
2016-12-13	352855	8.7
2013-01-19	510530	13.9
2014-07-18	460247	7.0
