2015-04-01	7030822.28
2013-01-12	6794477.0
2015-04-02	7370946.28
2015-04-28	6588206.63
2013-01-13	6337345.52
2015-04-03	6866539.5
2015-04-29	7088831.66
2013-01-10	6923892.18
2015-04-04	6247540.68
2013-01-11	7309754.25
2015-04-05	5838726.09
2013-01-16	7099953.43
2015-04-06	6025975.46
2013-01-17	7369913.01
2015-04-07	6559632.22
2013-01-14	6247518.03
2013-01-15	6904804.11
2016-04-30	6404710.78997
2014-10-01	7090645.83
2015-09-10	6980585.31999
2014-10-02	7366137.99
2013-01-18	7753118.54
2013-01-19	6861240.61
2014-10-03	7454908.87
2015-09-11	7091119.14997
2015-09-12	6738469.84999
2014-10-04	6461571.48
2015-09-13	6174621.48997
2014-10-05	6571831.5
2015-09-14	5655497.15
2014-10-06	6390919.91
2015-09-15	6202622.64998
2014-10-07	6734284.14
2014-10-08	7194990.28
2016-05-19	7209015.28997
2015-09-16	6879336.04999
2014-10-09	7591786.22
2015-09-17	7155115.24997
2013-06-30	6409428.47
2016-05-18	6858106.24998
2015-09-18	7312653.83998
2016-05-17	6947199.73997
2016-05-16	6434984.72998
2015-09-19	6866510.45998
2016-05-15	6681588.79997
2016-05-14	6857512.35998
2016-05-13	6925948.05997
2016-05-12	7037616.48997
2016-05-11	6492422.95998
2016-05-10	6207914.80998
2015-02-20	7924049.76
2014-02-07	7823494.59
2015-02-21	6640665.73
2014-02-06	7473744.82
2015-02-22	6201299.16
2014-02-05	5843417.91
2015-02-23	6737716.31
2014-02-04	6720759.22
2014-02-03	5604002.75
2015-02-24	7102277.0
2015-02-25	7026118.04
2014-02-02	6556843.58
2013-11-13	7411807.63
2014-02-01	7399141.32
2015-02-26	7501832.29
2013-11-12	7127845.61
2015-02-27	7713810.79
2015-02-28	7282787.83
2013-11-11	6455445.77
2015-03-30	6289262.58
2013-11-10	7213840.79
2015-03-31	6837640.55
2013-11-17	7033678.51
2013-11-16	7721349.44
2013-11-15	7970699.0
2013-11-14	7789295.34
2014-02-09	6607062.35
2014-02-08	7487773.49
2013-02-28	7666926.94
2013-11-19	7072677.4
2013-11-18	6505814.62
2014-07-31	7272923.29
2013-04-30	7036539.73
2014-07-30	6875833.01
2013-12-30	5956747.68
2013-12-31	6272547.98
2013-02-22	7967313.82
2016-06-27	5967756.08998
2016-06-26	5760996.12998
2013-02-23	7741647.64
2013-02-20	7137929.22
2016-06-25	6115945.25999
2014-04-29	7166188.56
2016-06-24	6609692.56997
2013-02-21	7594376.81
2014-04-28	6727323.59
2014-04-27	7360916.76
2016-06-23	6531198.43999
2013-02-26	6990771.51
2014-04-26	7869048.59
2013-02-27	7278291.4
2016-06-22	6307204.43998
2014-04-25	8173402.98
2016-06-21	5896899.56998
2013-02-24	6734030.25
2016-06-20	5608319.74998
2014-04-24	8048160.88
2013-02-25	6477388.62
2014-04-23	7638873.93
2014-04-22	6968143.49
2014-04-21	6416970.8
2014-04-20	6410816.22
2016-05-08	6003712.85998
2013-06-28	7823081.67
2016-05-09	5919117.23999
2013-06-29	7143670.71
2013-06-26	7454240.26
2016-06-29	6032340.80998
2013-06-27	7748210.2
2016-06-28	5688931.66998
2013-10-07	6508816.2
2013-06-24	6540394.86
2015-09-29	6107845.23998
2013-10-06	7112979.2
2013-06-25	7055273.16
2015-09-28	6280789.45999
2013-10-05	7557050.5
2013-06-22	6790382.83
2013-10-04	7939072.64
2013-06-23	6570007.29
2015-09-25	5796802.25998
2013-10-03	7691451.38
2013-06-20	7727357.32
2016-05-01	6054839.08998
2015-09-24	5279081.85998
2013-10-02	7193015.64
2013-06-21	7688887.06
2016-05-02	5948527.38998
2014-10-31	7773562.54
2015-09-27	6365220.06997
2013-10-01	6836625.29
2016-05-03	6549263.67998
2014-10-30	7619056.95
2015-09-26	6697226.85998
2016-05-04	6744949.90999
2015-09-21	5972216.36999
2015-09-20	6342123.17997
2016-05-05	7203798.38
2015-09-23	5588743.36999
2016-05-06	7323143.13997
2015-09-22	5807789.04998
2016-05-07	6493431.28999
2015-03-09	6330621.27
2015-03-08	6564025.67
2013-10-09	7426570.66
2013-10-08	6966873.49
2014-02-10	6438154.25
2014-02-11	7174401.51
2014-02-12	7301897.27
2014-02-13	4462604.02
2015-03-01	6514355.14
2014-02-14	7272443.99
2015-02-19	7356333.76
2014-02-15	6703096.79
2015-02-18	6819624.42
2015-03-03	6424471.46
2014-02-16	6337585.6
2015-03-02	6350076.36
2014-02-17	5631448.7
2015-02-15	6624383.98
2014-02-18	6184855.7
2015-03-05	5445326.73
2014-02-19	6894887.98
2015-03-04	6890853.62
2015-02-14	7424506.75
2013-03-07	7653469.56
2015-02-17	6186785.57
2013-11-08	8284354.44
2015-03-07	7470452.22
2013-03-06	7299922.87
2015-02-16	6126779.09
2013-11-09	7774557.65
2015-03-06	7587176.79
2013-03-05	7033434.13
2015-02-11	7033430.92
2014-07-28	5718632.78
2013-03-04	6701235.6
2015-02-10	6510584.89
2014-07-29	6461347.28
2014-07-26	6516292.35
2013-11-04	6920247.07
2013-03-03	7164542.68
2015-02-13	8145194.38
2013-11-05	6896607.98
2014-07-27	6156885.2
2013-03-02	7891883.26
2015-02-12	7475991.95
2013-12-01	6253203.7
2014-07-24	7320850.14
2013-11-06	7394702.59
2013-03-01	8139945.37
2014-07-25	7257023.59
2013-11-07	8044201.77
2013-12-03	7134861.17
2014-07-22	6822357.12
2013-12-02	6788031.64
2013-11-01	8580527.57
2014-07-23	7177717.4
2013-04-28	7073965.57
2013-12-05	7814472.96
2013-11-02	7668629.24
2014-07-20	6161718.02
2013-12-04	7452656.22
2014-07-21	6199017.61
2013-04-29	6769091.82
2013-11-03	7192686.05
2016-06-30	7468024.59999
2014-12-31	5557567.5
2013-12-07	7961737.73
2014-12-30	5661561.7
2013-12-06	8341385.07
2013-12-09	6924651.61
2013-04-24	7381586.47
2013-03-09	7843434.58
2013-12-08	7332464.94
2013-03-08	7736197.17
2013-04-25	7976303.67
2014-04-30	7686451.76
2013-04-26	8162598.72
2013-04-27	7701326.85
2013-04-20	7889826.78
2015-11-30	5883050.48999
2013-04-21	7110201.06
2013-04-22	6715859.19
2013-04-23	7268278.21
2013-10-10	7928990.74
2014-10-28	6824889.89
2013-10-11	8081373.97
2014-10-29	7093207.69
2014-10-26	6927530.11
2013-10-12	7753415.92
2014-10-27	6444350.47
2013-10-13	7190288.14
2014-10-24	7898032.32
2013-10-14	6096785.55
2014-10-25	7378835.98
2013-10-15	6582799.59
2014-10-22	7291971.59
2013-10-16	7309766.84
2014-10-23	7700284.98
2013-10-17	7926713.43
2013-10-18	8151395.51
2014-10-20	6555661.02
2013-10-19	7869540.08
2014-10-21	6875449.04
2015-09-30	6554745.35999
2015-03-18	7149536.27
2015-03-19	7313630.86
2016-05-31	5707808.39998
2016-05-30	4373320.62999
2013-05-05	7308989.85
2013-05-04	7753913.52
2015-03-12	7462350.24
2013-05-07	7272448.35
2015-03-13	7608481.88
2013-05-06	7035808.31
2014-02-28	8075597.76
2015-03-10	6708793.73
2013-05-01	7515615.84
2015-02-08	6130915.13
2015-03-11	6903247.89
2015-02-09	5561524.24
2015-02-06	7430623.63
2014-02-25	6829323.67
2015-03-16	6088885.98
2013-05-03	8211510.98
2015-02-07	6902193.52
2013-05-02	7915287.52
2015-03-17	6434695.07
2014-02-24	6456407.28
2013-03-10	6897237.45
2015-02-04	6664662.6
2014-02-27	7641839.53
2015-03-14	7186163.73
2013-03-11	6603637.27
2014-02-26	7181660.28
2015-02-05	7241742.34
2015-03-15	6433066.99
2014-02-21	7431601.03
2013-03-12	7151880.27
2015-02-02	5021168.72
2013-05-29	7179023.22
2015-02-03	6804200.15
2013-03-13	7676765.99
2014-02-20	7196863.06
2013-05-28	6764673.44
2013-05-27	5203819.58
2013-05-09	8170779.44
2013-03-14	8332600.81
2014-02-23	6603249.42
2013-03-15	8362542.52
2013-05-08	7715748.71
2015-02-01	6197425.96
2013-05-26	5560882.86
2013-11-30	6057614.49
2014-02-22	7396046.93
2013-04-19	8108821.01
2013-12-12	8256267.26
2013-05-25	6327689.16
2013-03-16	8052750.15
2013-12-13	8580331.66
2013-05-24	7725439.82
2013-04-18	7921211.37
2013-03-17	7213525.39
2013-03-18	6668808.51
2013-12-10	7101578.31
2013-05-23	7831608.79
2013-03-19	6856158.65
2013-12-11	7817996.16
2013-05-22	7754988.38
2013-12-16	7031713.51
2013-05-21	7657783.02
2013-12-17	7176713.17
2013-05-20	7175166.4
2013-12-14	7281088.11
2013-12-15	6771079.61
2013-04-11	7942809.06
2014-12-28	5064384.81
2013-04-10	7324328.76
2014-12-29	5140241.92
2013-04-13	7625592.25
2016-06-09	6918773.69999
2013-12-18	7730028.71
2013-04-12	8256000.26
2013-12-19	7922613.04
2016-06-08	6679770.60998
2014-12-24	4799635.26
2013-04-15	6829723.23
2014-12-25	3102064.77
2013-04-14	7221397.51
2016-06-05	5856587.09998
2014-12-26	4143125.97
2015-11-28	5198249.38998
2013-04-17	7426764.83
2016-06-04	6491986.10998
2014-12-27	4925466.68
2015-11-29	5499512.44998
2013-04-16	7040197.22
2016-06-07	6310528.32999
2014-12-20	7290109.97
2016-06-06	6181824.09998
2014-12-21	6194380.2
2014-04-05	7758961.18
2015-11-24	6139125.41998
2016-06-01	6255125.15998
2014-12-22	5712675.95
2014-04-04	8135752.69
2015-11-25	5972593.74998
2014-12-23	5761130.94
2014-04-07	6842222.06
2015-11-26	3710517.54999
2016-06-03	6701140.47997
2015-11-27	3938282.58999
2014-04-06	7222414.11
2016-06-02	6768039.02998
2015-11-20	7274068.34997
2014-04-01	6844282.38
2015-11-21	6632638.91998
2015-11-22	5851900.69
2014-04-03	7723551.62
2014-04-02	7283706.43
2015-11-23	5674521.75998
2013-10-29	6912935.06
2013-10-28	6610361.54
2013-10-25	8123852.11
2014-04-09	7381275.99
2016-03-31	6541950.10999
2013-10-24	7993033.55
2014-04-08	7004518.69
2016-03-30	6237202.94998
2013-10-27	7194001.18
2013-10-26	7677650.65
2016-05-26	6762772.79997
2013-10-21	6678712.33
2016-05-27	6054139.98998
2013-10-20	7308765.27
2016-05-24	6115132.77999
2013-10-23	7525775.59
2016-05-25	6516219.11
2013-10-22	7000042.79
2016-05-22	6153501.28998
2016-05-23	5798640.51998
2013-05-16	8141080.42
2016-01-19	6097805.41999
2016-05-20	7140006.32
2013-05-17	8332180.8
2016-01-18	5117506.72998
2016-05-21	6918043.15997
2013-05-14	7265246.02
2013-05-15	7616556.48
2013-05-12	6934527.77
2013-05-13	6921766.4
2016-01-13	5984378.44999
2013-11-28	4748377.52
2013-05-10	8200131.33
2016-01-12	5576926.83999
2013-11-29	4963309.9
2013-05-11	7465048.09
2016-01-11	5336848.32
2016-05-28	4964187.90998
2016-01-10	5339514.17
2016-05-29	4635922.06
2015-10-05	5601595.20998
2016-01-17	5690126.56999
2015-10-04	5881987.87998
2016-01-16	6083202.63
2013-05-30	7773610.69
2013-11-22	8034678.87
2015-10-07	6609070.43
2013-03-29	7433572.33
2016-01-15	6448055.84001
2013-11-23	7790661.06
2016-01-14	6260763.04999
2015-10-06	6079166.10998
2013-03-28	7653224.73
2013-05-31	7954878.62
2013-11-20	7469779.11
2015-10-01	6867758.95997
2013-05-18	7942858.82
2013-11-21	7738555.95
2013-05-19	7409152.3
2013-03-25	6242181.43
2013-04-08	6456388.95
2013-11-26	6882872.59
2015-10-03	6046192.82998
2013-03-24	6851763.68
2013-04-09	6927704.38
2013-11-27	6483025.48
2015-10-02	6852437.92997
2014-12-19	8100262.95
2013-03-27	7014765.39
2013-11-24	7030430.58
2014-12-18	7825161.54
2013-03-26	6632680.74
2013-11-25	6486676.8
2013-03-21	7368950.29
2015-10-29	7064373.38998
2013-03-20	7273280.52
2015-10-28	6456008.37998
2013-04-02	7035845.22
2015-10-27	6230437.79998
2015-10-09	6964968.57999
2013-03-23	7645868.22
2013-04-03	7471364.47
2015-10-26	5943186.05998
2015-10-08	6992681.88997
2013-03-22	8026893.84
2015-11-19	6841685.52998
2015-10-25	6326966.22997
2015-11-18	6614531.90998
2013-04-01	6263647.91
2015-10-24	6984491.28998
2014-12-11	7932794.47
2013-04-06	7761401.13
2015-10-23	7244653.56997
2016-06-18	5793266.14998
2014-12-10	7306016.45
2015-10-22	7026970.61998
2013-04-07	7094588.6
2016-06-19	5384371.07998
2016-06-16	6769616.90998
2014-12-13	7605453.15
2015-10-21	6685174.01997
2013-04-04	7892240.75
2016-06-17	6613155.58997
2014-12-12	8256406.27
2015-10-20	6272005.32999
2013-04-05	8132437.82
2016-06-14	6067023.18999
2014-12-15	6518471.23
2016-06-15	6500418.84998
2014-12-14	6873893.8
2014-08-23	5994738.16
2014-04-16	7415546.4
2016-06-12	5507230.99999
2014-12-17	7248618.06
2015-11-11	6279493.55999
2014-04-17	7904105.24
2014-12-16	6867048.17
2015-11-10	6326466.98998
2016-06-13	5755325.22998
2014-08-22	6650525.48
2014-04-14	6334286.24
2015-11-13	7123856.74999
2014-08-21	6945737.84
2016-06-10	6973652.20999
2015-11-12	6918242.29997
2014-04-15	6919964.68
2014-08-20	6542064.97
2016-06-11	5952448.65999
2014-08-27	6333416.18
2014-04-12	7724216.91
2015-11-15	6294503.77999
2015-11-14	6839388.49997
2014-04-13	7100605.29
2014-08-26	5905170.95
2016-03-20	6426012.83997
2014-04-10	7838460.6
2015-11-17	6348292.24998
2014-08-25	5534960.51
2015-11-16	5894911.86998
2016-03-21	5559332.74998
2014-04-11	7870470.25
2014-08-24	5822974.35
2016-03-22	5974505.69998
2015-01-09	6710700.85
2016-03-23	6241452.18999
2015-01-08	6599031.61
2015-01-07	6179826.32
2014-08-29	6450187.56
2016-03-24	6719329.91999
2015-01-06	5673620.26
2014-08-28	6510436.26
2016-03-25	6366630.03998
2014-09-30	6737961.95
2015-01-05	5527168.55
2016-03-26	5949640.57998
2015-01-04	5106144.56
2016-03-27	5497531.15998
2016-03-28	5549601.50998
2015-01-03	5739111.05
2014-04-18	7493791.73
2016-03-29	6015716.51999
2015-01-02	5127098.5
2014-04-19	6724260.94
2015-01-01	5844783.1
2013-10-30	7278987.04
2013-10-31	7462751.28
2014-01-15	7037066.98
2014-01-14	6606598.83
2015-10-16	7273319.97998
2014-01-17	7409045.01
2015-10-17	6981916.70996
2014-01-16	7204042.63
2014-05-31	7524019.71
2014-01-11	6833978.16
2015-10-14	6601250.77999
2014-05-30	7874682.53
2015-10-15	7015484.96997
2014-01-10	7284132.74
2016-01-04	4859559.72
2015-10-12	5444432.34998
2014-01-13	6090230.7
2016-01-05	5182650.33
2015-10-13	6326107.72999
2014-01-12	6563581.08
2016-01-06	5270423.03
2015-10-10	6776110.89997
2016-01-07	5584955.01
2015-10-11	6322657.47999
2016-01-01	5398949.84998
2015-07-27	5724720.61998
2014-12-08	6814783.45
2014-01-19	6423280.93
2016-01-02	4753089.46999
2015-07-26	5605589.24
2014-12-09	6887892.95
2014-01-18	6848259.22
2016-01-03	4877871.03
2015-10-30	7334937.12997
2015-07-25	5961841.08997
2013-03-30	6864070.36
2015-10-31	6674169.37998
2015-07-24	6620638.09998
2013-03-31	6430424.84
2015-07-23	6737369.90997
2015-10-18	6521729.03999
2015-07-22	6564440.17998
2015-10-19	6080585.32998
2014-12-02	6932749.23
2015-11-08	6404718.78997
2016-01-08	5945106.09
2015-07-21	6155620.88998
2014-01-31	7843021.11
2014-12-03	7129300.71
2015-11-09	5920406.42999
2016-01-09	5817710.62999
2015-07-20	6087133.94997
2014-01-30	7457656.97
2014-12-01	6599595.39
2014-12-06	7414946.63
2014-12-07	7030341.54
2015-11-02	5979649.14998
2014-12-04	7565419.66
2015-11-03	5962766.67998
2014-12-05	7885575.78
2015-01-18	10002957.71
2015-07-29	6530612.50997
2015-01-19	5169123.62
2015-11-01	6534143.35997
2015-07-28	6135179.12999
2014-09-20	7417998.24
2015-11-06	7065748.15997
2014-09-21	6824315.45
2015-11-07	6753568.67999
2014-09-22	6507922.52
2015-11-04	6414403.08998
2014-09-23	6584707.77
2015-11-05	6912917.39999
2014-09-24	6658577.46
2014-09-25	6744400.18
2015-01-10	7179387.14
2016-03-19	6639431.35998
2014-09-26	7071764.12
2015-01-11	6219689.83
2016-03-18	7174184.45997
2014-09-27	7318789.45
2014-09-28	6832281.56
2015-01-12	5961874.4
2014-08-30	5509050.38
2014-09-29	6439815.3
2015-01-13	6705199.94
2014-08-31	5279498.77
2016-03-15	6173611.84999
2015-01-14	6692319.85
2016-03-14	6107176.59
2015-01-15	6969728.2
2016-03-17	6770653.14998
2015-01-16	7253426.07
2016-03-16	6597025.96997
2015-01-17	6651164.09
2016-03-11	6959414.10999
2016-03-10	7200369.95
2016-03-13	5925239.79
2016-03-12	6708707.37999
2014-01-06	5863631.94
2015-08-13	6335351.62998
2014-01-07	6357679.79
2015-08-12	6103638.57998
2015-08-11	5654862.76998
2014-01-04	5758761.71
2015-08-10	5264936.39998
2014-01-05	5616510.37
2014-01-28	6682514.91
2015-08-17	5505513.38998
2014-01-02	5026118.96
2014-01-29	6981682.49
2014-01-03	3948563.43
2015-08-16	5412191.39999
2016-01-31	5694065.36998
2014-05-28	7475365.11
2015-08-15	5720465.60997
2016-01-30	6535412.75997
2015-08-14	6273039.08998
2014-05-29	7759876.11
2014-01-01	6311395.52
2014-05-24	6068371.45
2015-08-19	6160973.97999
2014-05-25	5619004.27
2015-08-18	5907543.81
2014-01-20	5570652.57
2015-07-30	6622398.96998
2014-05-26	5341083.4
2014-01-21	4082452.58
2014-05-27	6772063.24
2015-07-31	6908229.56997
2014-01-22	5476295.76
2014-05-20	7544119.55
2014-01-08	6616672.21
2014-01-23	7293622.65
2014-05-21	7781938.33
2014-01-09	6894113.0
2014-01-24	7641704.55
2014-05-22	7927967.29
2014-01-25	7060640.4
2014-05-23	7808132.49
2015-05-03	7113939.95
2014-01-26	6498298.79
2015-05-02	7573959.0
2014-01-27	6078156.1
2015-05-01	7657591.43
2015-05-07	7533119.83
2015-05-06	7278485.78
2014-08-09	6191773.57
2015-05-05	6948161.15
2014-08-08	6934781.15
2015-05-04	6491521.93
2015-05-09	7109960.96
2015-05-08	7476197.29
2014-08-01	7125598.88
2014-09-19	7923100.3
2014-09-18	7614179.02
2014-08-03	6113119.08
2014-08-02	6413170.27
2014-09-15	6573043.97
2014-08-05	6486207.34
2016-03-08	5946510.42999
2014-09-14	6971698.34
2014-08-04	6133637.74
2016-03-09	6279176.75999
2016-03-06	6117609.88998
2014-09-17	7234973.8
2014-08-07	7136237.92
2016-03-07	5680713.12
2014-09-16	6945100.51
2014-08-06	6819728.41
2016-03-04	6871130.55998
2014-09-11	7408303.58
2016-03-05	6661926.23997
2014-09-10	7376486.94
2015-01-25	6082141.83
2016-03-02	6384901.88998
2014-09-13	7424851.49
2015-01-24	6298136.62
2016-03-03	6854306.45997
2014-09-12	7750895.73
2015-01-27	1620598.13
2015-01-26	3386955.42
2016-03-01	5855586.31998
2015-01-21	6450615.05
2015-01-20	6154544.57
2015-01-23	7206690.03
2015-01-22	6897805.45
2015-01-29	6836713.89
2015-01-28	5786061.7
2014-05-19	7159871.21
2014-05-18	7551354.85
2015-08-08	5555970.13997
2015-08-09	5257553.81
2016-01-22	6481832.93997
2016-01-23	1163272.36
2015-08-04	6046397.64999
2016-01-20	6101459.96998
2015-08-05	6357437.43997
2016-01-21	6441019.82999
2014-05-11	7118042.38
2014-06-14	7157080.25
2015-08-06	6480396.77999
2016-01-26	5908884.08999
2014-05-10	7642076.84
2015-08-07	6328584.09998
2016-01-27	6040380.92
2014-06-15	6477087.09
2014-06-16	6647246.24
2014-05-13	7301750.46
2016-01-24	2413018.48
2014-05-12	6904898.04
2014-06-17	7005013.19
2015-08-01	6024193.11998
2016-01-25	5258655.83999
2014-05-15	8048552.37
2014-06-10	7197263.22
2015-08-02	5608486.92998
2015-08-03	5671028.95999
2014-05-14	7600004.07
2014-06-11	7573780.28
2016-01-28	6352403.18999
2015-07-09	6510538.78997
2014-05-17	7892407.15
2014-06-12	7977057.93
2016-01-29	6630626.81999
2014-06-13	7791289.4
2015-07-08	6206705.23
2014-05-16	8167867.91
2014-03-13	7996679.74
2015-07-05	4515693.59999
2014-03-12	7262259.26
2015-07-04	3765942.62999
2013-09-23	6616708.47
2015-05-18	6723292.73
2014-03-11	6861819.53
2014-06-18	7420451.49
2015-07-07	5836521.87998
2013-09-22	7227919.22
2015-07-06	5129819.96999
2014-03-10	6618963.83
2015-05-19	7308301.98
2014-06-19	7786307.73
2015-07-01	6265256.42997
2013-09-21	7786891.86
2014-03-17	6595532.32
2013-09-20	8145315.14
2014-03-16	7187053.96
2015-05-14	7791536.12
2014-08-18	5893420.95
2013-09-27	7851086.62
2015-07-03	4547237.68
2014-03-15	7789538.95
2015-05-15	7895967.28
2015-07-02	6114569.67998
2014-08-19	6170064.89
2013-09-26	7627537.79
2014-03-14	8116369.71
2015-05-16	7712770.13
2013-09-25	7240695.17
2015-05-17	7068561.92
2013-09-24	6763584.1
2014-03-19	7264026.79
2015-05-10	6526782.65
2014-03-18	6944769.29
2015-05-11	6573885.12
2014-08-12	6276810.68
2013-09-29	7122464.47
2015-05-12	7065565.1
2013-08-31	6241374.15
2014-08-13	6646220.05
2013-09-28	7703734.32
2013-08-30	7004371.11
2015-05-13	7495506.24
2014-08-10	5846754.72
2014-09-08	6763943.77
2014-08-11	5880535.2
2014-09-09	7057751.27
2014-11-14	7820309.38
2014-09-06	7309306.73
2014-08-16	6274143.24
2014-11-15	7477723.8
2014-08-17	5957568.6
2014-09-07	6809495.5
2014-09-04	7378960.85
2014-11-16	6845695.75
2013-07-09	6757271.85
2014-08-14	6973382.38
2014-11-17	6373985.0
2014-09-05	7675864.28
2013-07-08	6300703.24
2014-08-15	6992298.02
2014-11-10	6412685.67
2014-09-02	6308356.65
2014-11-11	6350812.76
2014-09-03	6826692.27
2014-11-12	7062825.08
2014-09-01	5040703.43
2014-11-13	7537771.67
2013-07-03	6418768.16
2013-07-02	6362945.36
2013-07-01	6251501.6
2014-11-18	7123118.4
2013-07-07	5353565.25
2015-01-30	7352861.48
2013-07-06	4871393.06
2014-11-19	7339858.25
2015-01-31	7273365.37
2013-07-05	4803163.46
2013-07-04	4575369.32
2014-05-08	8069906.21
2014-05-09	8164360.31
2015-08-31	5198641.21998
2015-08-30	5358290.46998
2014-05-02	8276985.81
2014-06-21	6976271.39
2014-06-20	7691021.69
2014-05-03	7950443.8
2014-06-23	6499525.29
2014-06-22	6747285.2
2014-05-01	7908880.29
2014-05-06	7437606.41
2014-06-25	7348128.15
2014-05-07	7675675.83
2014-06-24	6850377.13
2014-06-09	7006442.62
2014-06-27	7645654.16
2014-05-04	7313135.08
2014-06-26	7901894.21
2014-06-08	6889720.59
2014-05-05	7210536.79
2015-05-29	7305615.24
2014-06-29	6432667.74
2015-07-18	6105364.91997
2014-06-28	6993270.88
2015-07-19	6233249.77998
2015-05-28	7265284.75
2015-07-16	6789389.18997
2015-07-17	6100691.38999
2014-06-03	7108420.22
2015-07-14	6194005.85998
2014-06-02	6736641.7
2015-07-15	6652765.18999
2015-07-12	5808511.14998
2014-06-01	7157510.31
2014-03-08	7811678.22
2014-03-09	7095361.5
2015-07-13	5689059.70998
2015-05-21	7576199.78
2013-08-20	6470859.73
2014-06-07	7326375.77
2015-07-10	6482168.61998
2015-05-20	7483708.56
2015-07-11	6083333.57997
2014-06-06	7942924.24
2013-08-21	6850371.85
2014-03-04	7204603.14
2015-05-23	5779881.71
2013-08-22	7186063.98
2014-06-05	7970417.99
2014-03-05	7510481.22
2013-08-23	7094220.64
2015-05-22	6920325.93
2014-06-04	7508158.12
2015-05-25	4939940.13
2014-03-06	8001712.14
2013-08-24	6514910.67
2014-03-07	8175711.17
2015-05-24	5144604.57
2013-08-25	6194833.72
2015-05-27	6820802.96
2013-08-26	5950471.93
2015-05-26	6350918.54
2014-03-01	7793024.16
2013-08-27	6235638.87
2013-08-28	6668984.81
2013-09-30	6582569.77
2014-03-02	6768693.04
2013-08-29	7071605.12
2014-03-03	6385408.38
2014-11-21	7864718.46
2014-11-20	7502098.89
2016-02-23	6366561.30999
2014-11-23	6358251.25
2016-02-22	5543717.77
2014-11-22	7416936.14
2016-02-21	5876324.38
2014-11-25	6638438.6
2016-02-20	6384550.38999
2014-11-24	5962740.89
2014-11-09	6896447.88
2016-02-27	6451584.93
2014-11-27	4340191.61
2014-11-08	7578559.67
2016-02-26	6912208.83999
2014-11-26	6318736.57
2014-11-29	5719663.89
2016-02-25	6845098.90999
2014-11-28	4682914.42
2016-02-24	6259928.38999
2014-11-03	6572512.06
2015-12-09	6799614.10998
2016-02-29	5610377.08998
2014-11-02	6612471.22
2016-02-28	5861251.45
2015-12-08	6501798.97998
2014-11-01	8070380.21
2013-07-14	6487142.68
2014-11-07	7946110.81
2013-07-15	6608855.28
2014-11-06	7564131.73
2015-12-03	7107771.51999
2013-07-16	6914721.62
2014-11-05	7156429.97
2015-12-02	6419756.11998
2015-06-30	6017812.04998
2013-07-17	7342898.77
2014-11-04	6525629.18
2015-08-28	6014549.77998
2013-07-10	7053278.45
2015-12-01	6283062.47999
2015-08-29	5523267.32
2013-07-11	7508138.83
2015-12-07	6195430.39998
2013-07-12	7513843.17
2015-12-06	6424181.70998
2013-07-13	6587855.01
2015-12-05	6901645.51997
2015-12-04	7270000.14999
2015-08-22	5496288.22999
2015-08-23	5186426.62998
2015-08-20	6375653.69997
2013-07-18	7727945.43
2015-08-21	6296574.18998
2013-07-19	7717193.29
2014-06-30	6298623.92
2015-08-26	5773491.25998
2015-08-27	6184694.94998
2015-08-24	5172541.44999
2015-08-25	5531417.75998
2013-09-09	6881140.26
2013-09-08	7025360.53
2014-03-31	6604556.68
2015-05-30	6955613.25
2014-03-30	6971066.14
2015-05-31	6302943.06
2013-09-01	5619155.65
2013-08-19	6165393.17
2013-08-18	6063420.59
2013-09-03	6491695.11
2013-09-02	5098490.36
2013-08-15	7311746.65
2013-09-05	6849652.47
2013-08-14	7553822.43
2013-09-04	6761444.71
2013-08-17	6526074.54
2013-09-07	7410219.29
2013-08-16	7139247.39
2013-09-06	7543070.94
2014-11-30	5969234.86
2013-08-11	3071194.31
2013-08-10	6393580.04
2013-08-13	6663907.49
2013-08-12	5995842.19
2013-01-29	6661626.4
2013-01-28	6318050.78
2013-01-23	7141795.61
2013-07-21	6250172.66
2013-07-20	6743033.68
2013-01-22	6859188.61
2013-01-21	5409171.51
2013-07-23	6953065.74
2013-07-22	6489995.52
2013-01-20	6308348.88
2013-07-25	7461431.37
2013-01-27	6691499.99
2013-07-24	7237750.57
2013-01-26	7380616.14
2016-04-03	6147965.51997
2013-01-25	7591697.22
2013-07-27	6562832.94
2016-04-02	6675533.28999
2013-07-26	7313389.78
2013-01-24	7394285.48
2013-07-29	6252667.09
2015-06-24	6876748.51997
2016-04-01	6809968.51997
2015-06-25	7112465.96999
2013-07-28	6187879.04
2015-12-14	5946527.47998
2015-06-26	7413412.50998
2016-04-07	6775739.77999
2015-12-15	6517073.69999
2015-06-27	7000194.57997
2016-04-06	6502480.22998
2015-12-16	6902512.52997
2015-06-20	6272484.53999
2016-04-05	6532095.24999
2015-12-17	7173532.37999
2015-06-21	5862507.85998
2016-04-04	6024439.68001
2015-12-10	7183649.88997
2015-06-22	6185764.51999
2015-12-11	7452672.42998
2015-06-23	6482037.56998
2016-04-09	6734005.25999
2015-12-12	7036648.63997
2016-04-08	7156242.26997
2015-12-13	6287457.86998
2015-06-28	5843507.59999
2015-06-29	5891638.60998
2015-12-18	7612461.59997
2015-12-19	6980772.98997
2014-03-28	7897609.09
2014-03-29	7925778.55
2013-09-18	7477339.48
2013-09-19	7814325.18
2014-03-22	7633763.14
2014-03-23	7245618.69
2013-09-12	7916396.88
2014-03-20	7719351.03
2013-09-13	8187016.47
2014-03-21	7897539.86
2013-09-10	7333647.01
2014-03-26	7349224.97
2013-08-08	6513412.63
2013-09-11	7512565.32
2014-03-27	7763494.2
2013-08-09	7254503.71
2013-08-06	6577890.38
2013-09-16	6851916.24
2014-03-24	6594679.8
2013-08-07	6926720.31
2013-09-17	7184226.68
2014-03-25	6760381.27
2013-08-04	3073608.61
2013-09-14	7305007.47
2013-08-05	6657935.77
2013-09-15	7059224.6
2016-02-09	5625627.47998
2013-08-02	3530800.63
2016-02-08	5289319.55999
2013-08-03	3182263.76
2013-08-01	4567602.71
2016-02-01	5498202.28999
2016-02-03	5829780.39999
2016-02-02	5668653.73998
2013-02-13	7541222.27
2016-02-05	6241770.58999
2013-02-12	7256108.23
2016-02-04	6328088.18998
2013-02-11	6600228.5
2016-02-07	5660004.12
2013-02-10	6491805.03
2016-02-06	6184545.10997
2013-07-30	6500185.24
2013-02-17	6845261.53
2013-07-31	6922351.72
2013-02-16	7286060.73
2013-02-15	7872468.33
2013-02-14	7739731.94
2015-06-11	7386958.05998
2013-02-19	6530409.83
2015-06-10	7045728.74998
2013-02-18	5719261.55
2015-12-21	5368104.91998
2015-06-13	6503540.41
2016-04-18	5969354.76998
2015-12-20	5895925.98997
2015-06-12	7292735.57
2016-04-19	6232402.42998
2013-06-17	6601498.39
2015-06-15	6205045.20999
2015-12-23	5414980.12999
2013-01-30	6819942.91
2013-06-16	6449233.11
2015-12-22	5606457.98998
2013-01-31	7611473.57
2015-06-14	6189354.33999
2016-04-14	7012119.14997
2013-06-15	7076438.01
2015-12-25	2943155.52
2015-06-17	7112234.20999
2016-04-15	7194151.56997
2013-06-14	7748373.75
2015-12-24	4371394.90999
2015-06-16	6589493.36
2015-06-19	7140188.17998
2016-04-16	6965981.37997
2013-06-13	7822149.28
2015-12-27	6098805.42997
2015-06-18	7153182.76999
2016-04-17	6497831.40998
2013-06-12	7494382.58
2015-12-26	3659293.5
2015-12-29	4852509.11998
2016-04-10	6312671.02998
2013-06-11	7115482.59
2015-12-28	4772862.47999
2016-04-11	5826365.43999
2013-06-10	7023471.38
2016-04-12	6258007.13998
2016-04-13	6493527.37998
2013-06-19	7476068.83
2013-06-18	7004796.28
2016-02-18	6538704.80998
2016-02-19	6654718.08999
2014-07-17	7267614.2
2014-07-16	7078399.69
2014-07-15	6648288.04
2014-07-14	6351999.88
2016-02-12	7274188.13998
2014-07-13	6191861.19
2016-02-13	6410245.99
2014-07-12	6451486.87
2016-02-10	6113806.21999
2014-07-11	7067932.93
2016-02-11	6833224.88997
2014-07-10	7044524.25
2016-02-16	6101805.74
2015-04-30	7539938.63
2016-02-17	6187859.17998
2016-02-14	5843469.57998
2016-02-15	5243673.30999
2013-02-08	5642667.74
2013-02-09	5013328.54
2014-07-19	6406722.0
2015-04-19	7171496.79
2014-07-18	7169634.89
2015-04-18	7756881.8
2013-02-04	6465668.77
2015-04-17	7665562.6
2016-04-29	6776172.66998
2013-02-05	6728588.43
2016-04-28	6648399.77997
2015-04-16	7487771.91
2015-06-02	6956868.2
2013-01-01	6155808.07
2013-02-06	7124564.74
2015-04-15	7027371.53
2015-06-03	7066183.23
2015-04-14	6543799.74
2013-02-07	7810428.98
2013-01-03	6063858.9
2015-04-13	6280312.31
2015-06-01	6697295.29999
2013-01-02	5597586.19
2013-02-01	8077711.26
2015-04-12	7183979.57
2015-06-06	6804346.84
2015-12-30	5265801.70998
2013-01-05	6284187.2
2013-02-02	7480307.67
2015-04-11	7212272.17
2013-06-01	7481803.27
2013-01-04	6436856.21
2015-12-31	4993615.19998
2015-06-07	6639766.54999
2015-04-10	7322128.08
2013-02-03	6532121.09
2016-04-21	6844874.64998
2013-06-02	6883789.75
2015-06-04	7493086.91999
2013-01-07	5709195.48
2016-04-20	6575189.17998
2013-06-03	6793589.04
2015-06-05	7491405.52
2013-01-06	5713649.17
2013-01-09	6340631.13
2014-10-17	7907943.68
2016-04-23	5976117.45997
2013-06-04	7237697.45
2014-10-16	7649087.54
2016-04-22	6672281.53998
2013-06-05	7649636.1
2013-01-08	6086401.28
2015-09-07	4773101.16998
2014-10-15	7170016.29
2016-04-25	5483436.60998
2015-06-08	6484703.99001
2013-06-06	7990652.72
2015-09-06	4696750.43998
2014-10-14	6858042.34
2015-06-09	6697703.31999
2016-04-24	5761606.23
2013-06-07	8028643.02
2013-06-08	6933761.41
2015-09-05	5038366.47999
2014-10-13	5966981.08
2016-04-27	6192826.03998
2013-06-09	6888553.51
2015-09-04	5965915.12997
2014-10-12	7006382.89
2016-04-26	5876991.70998
2015-09-03	6208375.38999
2014-10-11	7458057.08
2015-09-02	5899777.39998
2014-10-10	7881407.97
2015-09-01	5624892.42998
2014-10-19	7130667.95
2014-10-18	7520869.04
2015-09-09	6704971.36997
2015-09-08	6349541.28999
2015-03-23	6209086.17
2015-03-22	7272164.03
2015-03-21	6975020.94
2015-03-20	7067310.52
2015-03-27	7496732.32
2015-03-26	7045918.49
2013-12-29	5918205.4
2015-03-25	6812565.45
2013-12-28	5782093.0
2015-03-24	6476576.07
2015-03-29	6714413.91
2014-07-01	6598898.03
2015-03-28	7625099.96
2013-12-23	5657237.4
2014-07-02	6647980.0
2013-12-22	6072180.56
2014-07-03	6465507.62
2015-04-26	6955863.7
2013-12-21	7176444.25
2014-07-04	4564966.66
2015-04-27	6325878.01
2013-12-20	8183023.32
2014-07-05	4439027.49
2015-04-24	7866193.47
2013-12-27	5608426.56
2014-07-06	4973117.13
2015-04-25	7464710.91
2013-12-26	4601206.36
2014-07-07	5804081.06
2014-07-08	6424252.11
2015-04-08	6954926.72
2015-04-22	7078026.97
2013-12-25	3465875.31
2015-04-09	7266570.8
2014-07-09	6835907.04
2015-04-23	7704977.15
2013-12-24	4961798.93
2015-04-20	6294886.55
2015-04-21	6975545.48
